17:49:45 **** Incremental Build of configuration Debug for project hello ****
make pre-build main-build 
a9-linaro-pre-build-step
' '
make: Nothing to be done for 'main-build'.
17:49:53 **** Incremental Build of configuration Debug for project hello ****
make pre-build main-build 
a9-linaro-pre-build-step
' '
make: Nothing to be done for 'main-build'.
18:19:29 **** Auto Build of configuration Debug for project hello ****
make pre-build main-build 
a9-linaro-pre-build-step
' '
'Building file: ../src/memtest_controller.c'
'Invoking: ARM v7 gcc compiler'
arm-none-eabi-gcc -Wall -O0 -g3 -c -fmessage-length=0 -MT"src/memtest_controller.o" -mcpu=cortex-a9 -mfpu=vfpv3 -mfloat-abi=hard -I../../standalone_bsp_0/ps7_cortexa9_0/include -MMD -MP -MF"src/memtest_controller.d" -MT"src/memtest_controller.o" -o "src/memtest_controller.o" "../src/memtest_controller.c"
../src/memtest_controller.c: In function 'getNextPattern':
../src/memtest_controller.c:40:8: error: 'MTESTMODE_ONES' undeclared (first use in this function); did you mean 'MTESTMODE_ZEROES'?
   case MTESTMODE_ONES:
        ^~~~~~~~~~~~~~
        MTESTMODE_ZEROES
../src/memtest_controller.c:40:8: note: each undeclared identifier is reported only once for each function it appears in
make: *** [src/subdir.mk:35: src/memtest_controller.o] Error 1
18:19:53 **** Auto Build of configuration Debug for project hello ****
make pre-build main-build 
a9-linaro-pre-build-step
' '
'Building file: ../src/main.c'
'Invoking: ARM v7 gcc compiler'
arm-none-eabi-gcc -Wall -O0 -g3 -c -fmessage-length=0 -MT"src/main.o" -mcpu=cortex-a9 -mfpu=vfpv3 -mfloat-abi=hard -I../../standalone_bsp_0/ps7_cortexa9_0/include -MMD -MP -MF"src/main.d" -MT"src/main.o" -o "src/main.o" "../src/main.c"
'Finished building: ../src/main.c'
' '
'Building file: ../src/memtest_controller.c'
'Invoking: ARM v7 gcc compiler'
arm-none-eabi-gcc -Wall -O0 -g3 -c -fmessage-length=0 -MT"src/memtest_controller.o" -mcpu=cortex-a9 -mfpu=vfpv3 -mfloat-abi=hard -I../../standalone_bsp_0/ps7_cortexa9_0/include -MMD -MP -MF"src/memtest_controller.d" -MT"src/memtest_controller.o" -o "src/memtest_controller.o" "../src/memtest_controller.c"
../src/memtest_controller.c:55:6: error: conflicting types for 'memtest_performTest'
 void memtest_performTest(unsigned int wordCount, enum MemTestModes mode)
      ^~~~~~~~~~~~~~~~~~~
In file included from ../src/memtest_controller.c:7:
../src/memtest_controller.h:35:6: note: previous declaration of 'memtest_performTest' was here
 void memtest_performTest(unsigned int wordCount, enum MemTestModes mode, int readCount);
      ^~~~~~~~~~~~~~~~~~~
make: *** [src/subdir.mk:35: src/memtest_controller.o] Error 1
18:20:20 **** Auto Build of configuration Debug for project hello ****
make pre-build main-build 
a9-linaro-pre-build-step
' '
'Building file: ../src/memtest_controller.c'
'Invoking: ARM v7 gcc compiler'
arm-none-eabi-gcc -Wall -O0 -g3 -c -fmessage-length=0 -MT"src/memtest_controller.o" -mcpu=cortex-a9 -mfpu=vfpv3 -mfloat-abi=hard -I../../standalone_bsp_0/ps7_cortexa9_0/include -MMD -MP -MF"src/memtest_controller.d" -MT"src/memtest_controller.o" -o "src/memtest_controller.o" "../src/memtest_controller.c"
'Finished building: ../src/memtest_controller.c'
' '
'Building file: ../src/menu_controller.c'
'Invoking: ARM v7 gcc compiler'
arm-none-eabi-gcc -Wall -O0 -g3 -c -fmessage-length=0 -MT"src/menu_controller.o" -mcpu=cortex-a9 -mfpu=vfpv3 -mfloat-abi=hard -I../../standalone_bsp_0/ps7_cortexa9_0/include -MMD -MP -MF"src/menu_controller.d" -MT"src/menu_controller.o" -o "src/menu_controller.o" "../src/menu_controller.c"
../src/menu_controller.c: In function 'menu_awaitInput':
../src/menu_controller.c:70:5: error: too few arguments to function 'memtest_performTest'
     memtest_performTest(MEMORY_TEST_SIZES[config_memoryTestSize], config_memoryTestMode);
     ^~~~~~~~~~~~~~~~~~~
In file included from ../src/menu_controller.h:12,
                 from ../src/menu_controller.c:7:
../src/memtest_controller.h:35:6: note: declared here
 void memtest_performTest(unsigned int wordCount, enum MemTestModes mode, int readCount);
      ^~~~~~~~~~~~~~~~~~~
make: *** [src/subdir.mk:35: src/menu_controller.o] Error 1
18:20:32 **** Auto Build of configuration Debug for project hello ****
make pre-build main-build 
a9-linaro-pre-build-step
' '
'Building file: ../src/memtest_controller.c'
'Invoking: ARM v7 gcc compiler'
arm-none-eabi-gcc -Wall -O0 -g3 -c -fmessage-length=0 -MT"src/memtest_controller.o" -mcpu=cortex-a9 -mfpu=vfpv3 -mfloat-abi=hard -I../../standalone_bsp_0/ps7_cortexa9_0/include -MMD -MP -MF"src/memtest_controller.d" -MT"src/memtest_controller.o" -o "src/memtest_controller.o" "../src/memtest_controller.c"
'Finished building: ../src/memtest_controller.c'
' '
'Building file: ../src/menu_controller.c'
'Invoking: ARM v7 gcc compiler'
arm-none-eabi-gcc -Wall -O0 -g3 -c -fmessage-length=0 -MT"src/menu_controller.o" -mcpu=cortex-a9 -mfpu=vfpv3 -mfloat-abi=hard -I../../standalone_bsp_0/ps7_cortexa9_0/include -MMD -MP -MF"src/menu_controller.d" -MT"src/menu_controller.o" -o "src/menu_controller.o" "../src/menu_controller.c"
../src/menu_controller.c: In function 'menu_awaitInput':
../src/menu_controller.c:70:5: error: too few arguments to function 'memtest_performTest'
     memtest_performTest(MEMORY_TEST_SIZES[config_memoryTestSize], config_memoryTestMode);
     ^~~~~~~~~~~~~~~~~~~
In file included from ../src/menu_controller.h:12,
                 from ../src/menu_controller.c:7:
../src/memtest_controller.h:35:6: note: declared here
 void memtest_performTest(unsigned int wordCount, enum MemTestModes mode, int readCount);
      ^~~~~~~~~~~~~~~~~~~
make: *** [src/subdir.mk:35: src/menu_controller.o] Error 1
18:20:36 **** Auto Build of configuration Debug for project hello ****
make pre-build main-build 
a9-linaro-pre-build-step
' '
'Building file: ../src/memtest_controller.c'
'Invoking: ARM v7 gcc compiler'
arm-none-eabi-gcc -Wall -O0 -g3 -c -fmessage-length=0 -MT"src/memtest_controller.o" -mcpu=cortex-a9 -mfpu=vfpv3 -mfloat-abi=hard -I../../standalone_bsp_0/ps7_cortexa9_0/include -MMD -MP -MF"src/memtest_controller.d" -MT"src/memtest_controller.o" -o "src/memtest_controller.o" "../src/memtest_controller.c"
'Finished building: ../src/memtest_controller.c'
' '
'Building file: ../src/menu_controller.c'
'Invoking: ARM v7 gcc compiler'
arm-none-eabi-gcc -Wall -O0 -g3 -c -fmessage-length=0 -MT"src/menu_controller.o" -mcpu=cortex-a9 -mfpu=vfpv3 -mfloat-abi=hard -I../../standalone_bsp_0/ps7_cortexa9_0/include -MMD -MP -MF"src/menu_controller.d" -MT"src/menu_controller.o" -o "src/menu_controller.o" "../src/menu_controller.c"
../src/menu_controller.c: In function 'menu_awaitInput':
../src/menu_controller.c:70:5: error: too few arguments to function 'memtest_performTest'
     memtest_performTest(MEMORY_TEST_SIZES[config_memoryTestSize], config_memoryTestMode);
     ^~~~~~~~~~~~~~~~~~~
In file included from ../src/menu_controller.h:12,
                 from ../src/menu_controller.c:7:
../src/memtest_controller.h:35:6: note: declared here
 void memtest_performTest(unsigned int wordCount, enum MemTestModes mode, int readCount);
      ^~~~~~~~~~~~~~~~~~~
make: *** [src/subdir.mk:35: src/menu_controller.o] Error 1
18:21:32 **** Auto Build of configuration Debug for project hello ****
make pre-build main-build 
a9-linaro-pre-build-step
' '
'Building file: ../src/menu_controller.c'
'Invoking: ARM v7 gcc compiler'
arm-none-eabi-gcc -Wall -O0 -g3 -c -fmessage-length=0 -MT"src/menu_controller.o" -mcpu=cortex-a9 -mfpu=vfpv3 -mfloat-abi=hard -I../../standalone_bsp_0/ps7_cortexa9_0/include -MMD -MP -MF"src/menu_controller.d" -MT"src/menu_controller.o" -o "src/menu_controller.o" "../src/menu_controller.c"
../src/menu_controller.c: In function 'menu_awaitInput':
../src/menu_controller.c:71:5: error: too few arguments to function 'memtest_performTest'
     memtest_performTest(MEMORY_TEST_SIZES[config_memoryTestSize], config_memoryTestMode);
     ^~~~~~~~~~~~~~~~~~~
In file included from ../src/menu_controller.h:12,
                 from ../src/menu_controller.c:7:
../src/memtest_controller.h:35:6: note: declared here
 void memtest_performTest(unsigned int wordCount, enum MemTestModes mode, int readCount);
      ^~~~~~~~~~~~~~~~~~~
make: *** [src/subdir.mk:35: src/menu_controller.o] Error 1
18:22:09 **** Auto Build of configuration Debug for project hello ****
make pre-build main-build 
a9-linaro-pre-build-step
' '
'Building file: ../src/menu_controller.c'
'Invoking: ARM v7 gcc compiler'
arm-none-eabi-gcc -Wall -O0 -g3 -c -fmessage-length=0 -MT"src/menu_controller.o" -mcpu=cortex-a9 -mfpu=vfpv3 -mfloat-abi=hard -I../../standalone_bsp_0/ps7_cortexa9_0/include -MMD -MP -MF"src/menu_controller.d" -MT"src/menu_controller.o" -o "src/menu_controller.o" "../src/menu_controller.c"
'Finished building: ../src/menu_controller.c'
' '
'Building target: hello.elf'
'Invoking: ARM v7 gcc linker'
arm-none-eabi-gcc -mcpu=cortex-a9 -mfpu=vfpv3 -mfloat-abi=hard -Wl,-build-id=none -specs=Xilinx.spec -Wl,-T -Wl,../src/lscript.ld -L../../standalone_bsp_0/ps7_cortexa9_0/lib -o "hello.elf"  ./src/main.o ./src/memtest_controller.o ./src/menu_controller.o ./src/platform.o ./src/uart_controller.o   -Wl,--start-group,-lxil,-lgcc,-lc,--end-group
'Finished building target: hello.elf'
' '
'Invoking: ARM v7 Print Size'
arm-none-eabi-size hello.elf  |tee "hello.elf.size"
   text	   data	    bss	    dec	    hex	filename
  57124	   2616	  23416	  83156	  144d4	hello.elf
'Finished building: hello.elf.size'
' '
18:23:59 **** Auto Build of configuration Debug for project hello ****
make pre-build main-build 
a9-linaro-pre-build-step
' '
'Building file: ../src/menu_controller.c'
'Invoking: ARM v7 gcc compiler'
arm-none-eabi-gcc -Wall -O0 -g3 -c -fmessage-length=0 -MT"src/menu_controller.o" -mcpu=cortex-a9 -mfpu=vfpv3 -mfloat-abi=hard -I../../standalone_bsp_0/ps7_cortexa9_0/include -MMD -MP -MF"src/menu_controller.d" -MT"src/menu_controller.o" -o "src/menu_controller.o" "../src/menu_controller.c"
'Finished building: ../src/menu_controller.c'
' '
'Building target: hello.elf'
'Invoking: ARM v7 gcc linker'
arm-none-eabi-gcc -mcpu=cortex-a9 -mfpu=vfpv3 -mfloat-abi=hard -Wl,-build-id=none -specs=Xilinx.spec -Wl,-T -Wl,../src/lscript.ld -L../../standalone_bsp_0/ps7_cortexa9_0/lib -o "hello.elf"  ./src/main.o ./src/memtest_controller.o ./src/menu_controller.o ./src/platform.o ./src/uart_controller.o   -Wl,--start-group,-lxil,-lgcc,-lc,--end-group
'Finished building target: hello.elf'
' '
'Invoking: ARM v7 Print Size'
arm-none-eabi-size hello.elf  |tee "hello.elf.size"
   text	   data	    bss	    dec	    hex	filename
  57276	   2616	  23416	  83308	  1456c	hello.elf
'Finished building: hello.elf.size'
' '
18:24:10 **** Auto Build of configuration Debug for project hello ****
make pre-build main-build 
a9-linaro-pre-build-step
' '
'Building file: ../src/menu_controller.c'
'Invoking: ARM v7 gcc compiler'
arm-none-eabi-gcc -Wall -O0 -g3 -c -fmessage-length=0 -MT"src/menu_controller.o" -mcpu=cortex-a9 -mfpu=vfpv3 -mfloat-abi=hard -I../../standalone_bsp_0/ps7_cortexa9_0/include -MMD -MP -MF"src/menu_controller.d" -MT"src/menu_controller.o" -o "src/menu_controller.o" "../src/menu_controller.c"
../src/menu_controller.c: In function 'menu_awaitInput':
../src/menu_controller.c:71:65: error: 'MENU_MEMTEST_READCOUNT_MAX' undeclared (first use in this function)
     config_memoryTestReadCount = (config_memoryTestReadCount+1)%MENU_MEMTEST_READCOUNT_MAX;
                                                                 ^~~~~~~~~~~~~~~~~~~~~~~~~~
../src/menu_controller.c:71:65: note: each undeclared identifier is reported only once for each function it appears in
make: *** [src/subdir.mk:35: src/menu_controller.o] Error 1
18:24:24 **** Auto Build of configuration Debug for project hello ****
make pre-build main-build 
a9-linaro-pre-build-step
' '
'Building file: ../src/main.c'
'Invoking: ARM v7 gcc compiler'
arm-none-eabi-gcc -Wall -O0 -g3 -c -fmessage-length=0 -MT"src/main.o" -mcpu=cortex-a9 -mfpu=vfpv3 -mfloat-abi=hard -I../../standalone_bsp_0/ps7_cortexa9_0/include -MMD -MP -MF"src/main.d" -MT"src/main.o" -o "src/main.o" "../src/main.c"
'Finished building: ../src/main.c'
' '
'Building file: ../src/menu_controller.c'
'Invoking: ARM v7 gcc compiler'
arm-none-eabi-gcc -Wall -O0 -g3 -c -fmessage-length=0 -MT"src/menu_controller.o" -mcpu=cortex-a9 -mfpu=vfpv3 -mfloat-abi=hard -I../../standalone_bsp_0/ps7_cortexa9_0/include -MMD -MP -MF"src/menu_controller.d" -MT"src/menu_controller.o" -o "src/menu_controller.o" "../src/menu_controller.c"
'Finished building: ../src/menu_controller.c'
' '
'Building target: hello.elf'
'Invoking: ARM v7 gcc linker'
arm-none-eabi-gcc -mcpu=cortex-a9 -mfpu=vfpv3 -mfloat-abi=hard -Wl,-build-id=none -specs=Xilinx.spec -Wl,-T -Wl,../src/lscript.ld -L../../standalone_bsp_0/ps7_cortexa9_0/lib -o "hello.elf"  ./src/main.o ./src/memtest_controller.o ./src/menu_controller.o ./src/platform.o ./src/uart_controller.o   -Wl,--start-group,-lxil,-lgcc,-lc,--end-group
'Finished building target: hello.elf'
' '
'Invoking: ARM v7 Print Size'
arm-none-eabi-size hello.elf  |tee "hello.elf.size"
   text	   data	    bss	    dec	    hex	filename
  57276	   2616	  23416	  83308	  1456c	hello.elf
'Finished building: hello.elf.size'
' '
18:24:31 **** Auto Build of configuration Debug for project hello ****
make pre-build main-build 
a9-linaro-pre-build-step
' '
'Building file: ../src/menu_controller.c'
'Invoking: ARM v7 gcc compiler'
arm-none-eabi-gcc -Wall -O0 -g3 -c -fmessage-length=0 -MT"src/menu_controller.o" -mcpu=cortex-a9 -mfpu=vfpv3 -mfloat-abi=hard -I../../standalone_bsp_0/ps7_cortexa9_0/include -MMD -MP -MF"src/menu_controller.d" -MT"src/menu_controller.o" -o "src/menu_controller.o" "../src/menu_controller.c"
'Finished building: ../src/menu_controller.c'
' '
'Building target: hello.elf'
'Invoking: ARM v7 gcc linker'
arm-none-eabi-gcc -mcpu=cortex-a9 -mfpu=vfpv3 -mfloat-abi=hard -Wl,-build-id=none -specs=Xilinx.spec -Wl,-T -Wl,../src/lscript.ld -L../../standalone_bsp_0/ps7_cortexa9_0/lib -o "hello.elf"  ./src/main.o ./src/memtest_controller.o ./src/menu_controller.o ./src/platform.o ./src/uart_controller.o   -Wl,--start-group,-lxil,-lgcc,-lc,--end-group
'Finished building target: hello.elf'
' '
'Invoking: ARM v7 Print Size'
arm-none-eabi-size hello.elf  |tee "hello.elf.size"
   text	   data	    bss	    dec	    hex	filename
  57276	   2616	  23416	  83308	  1456c	hello.elf
'Finished building: hello.elf.size'
' '
18:24:43 **** Auto Build of configuration Debug for project hello ****
make pre-build main-build 
a9-linaro-pre-build-step
' '
'Building file: ../src/menu_controller.c'
'Invoking: ARM v7 gcc compiler'
arm-none-eabi-gcc -Wall -O0 -g3 -c -fmessage-length=0 -MT"src/menu_controller.o" -mcpu=cortex-a9 -mfpu=vfpv3 -mfloat-abi=hard -I../../standalone_bsp_0/ps7_cortexa9_0/include -MMD -MP -MF"src/menu_controller.d" -MT"src/menu_controller.o" -o "src/menu_controller.o" "../src/menu_controller.c"
'Finished building: ../src/menu_controller.c'
' '
'Building target: hello.elf'
'Invoking: ARM v7 gcc linker'
arm-none-eabi-gcc -mcpu=cortex-a9 -mfpu=vfpv3 -mfloat-abi=hard -Wl,-build-id=none -specs=Xilinx.spec -Wl,-T -Wl,../src/lscript.ld -L../../standalone_bsp_0/ps7_cortexa9_0/lib -o "hello.elf"  ./src/main.o ./src/memtest_controller.o ./src/menu_controller.o ./src/platform.o ./src/uart_controller.o   -Wl,--start-group,-lxil,-lgcc,-lc,--end-group
'Finished building target: hello.elf'
' '
'Invoking: ARM v7 Print Size'
arm-none-eabi-size hello.elf  |tee "hello.elf.size"
   text	   data	    bss	    dec	    hex	filename
  57276	   2616	  23416	  83308	  1456c	hello.elf
'Finished building: hello.elf.size'
' '
18:24:48 **** Auto Build of configuration Debug for project hello ****
make pre-build main-build 
a9-linaro-pre-build-step
' '
'Building file: ../src/menu_controller.c'
'Invoking: ARM v7 gcc compiler'
arm-none-eabi-gcc -Wall -O0 -g3 -c -fmessage-length=0 -MT"src/menu_controller.o" -mcpu=cortex-a9 -mfpu=vfpv3 -mfloat-abi=hard -I../../standalone_bsp_0/ps7_cortexa9_0/include -MMD -MP -MF"src/menu_controller.d" -MT"src/menu_controller.o" -o "src/menu_controller.o" "../src/menu_controller.c"
'Finished building: ../src/menu_controller.c'
' '
'Building target: hello.elf'
'Invoking: ARM v7 gcc linker'
arm-none-eabi-gcc -mcpu=cortex-a9 -mfpu=vfpv3 -mfloat-abi=hard -Wl,-build-id=none -specs=Xilinx.spec -Wl,-T -Wl,../src/lscript.ld -L../../standalone_bsp_0/ps7_cortexa9_0/lib -o "hello.elf"  ./src/main.o ./src/memtest_controller.o ./src/menu_controller.o ./src/platform.o ./src/uart_controller.o   -Wl,--start-group,-lxil,-lgcc,-lc,--end-group
'Finished building target: hello.elf'
' '
'Invoking: ARM v7 Print Size'
arm-none-eabi-size hello.elf  |tee "hello.elf.size"
   text	   data	    bss	    dec	    hex	filename
  57276	   2616	  23416	  83308	  1456c	hello.elf
'Finished building: hello.elf.size'
' '
18:26:00 **** Auto Build of configuration Debug for project hello ****
make pre-build main-build 
a9-linaro-pre-build-step
' '
'Building file: ../src/menu_controller.c'
'Invoking: ARM v7 gcc compiler'
arm-none-eabi-gcc -Wall -O0 -g3 -c -fmessage-length=0 -MT"src/menu_controller.o" -mcpu=cortex-a9 -mfpu=vfpv3 -mfloat-abi=hard -I../../standalone_bsp_0/ps7_cortexa9_0/include -MMD -MP -MF"src/menu_controller.d" -MT"src/menu_controller.o" -o "src/menu_controller.o" "../src/menu_controller.c"
'Finished building: ../src/menu_controller.c'
' '
'Building target: hello.elf'
'Invoking: ARM v7 gcc linker'
arm-none-eabi-gcc -mcpu=cortex-a9 -mfpu=vfpv3 -mfloat-abi=hard -Wl,-build-id=none -specs=Xilinx.spec -Wl,-T -Wl,../src/lscript.ld -L../../standalone_bsp_0/ps7_cortexa9_0/lib -o "hello.elf"  ./src/main.o ./src/memtest_controller.o ./src/menu_controller.o ./src/platform.o ./src/uart_controller.o   -Wl,--start-group,-lxil,-lgcc,-lc,--end-group
'Finished building target: hello.elf'
' '
'Invoking: ARM v7 Print Size'
arm-none-eabi-size hello.elf  |tee "hello.elf.size"
   text	   data	    bss	    dec	    hex	filename
  57308	   2616	  23416	  83340	  1458c	hello.elf
'Finished building: hello.elf.size'
' '
18:27:05 **** Auto Build of configuration Debug for project hello ****
make pre-build main-build 
a9-linaro-pre-build-step
' '
'Building file: ../src/menu_controller.c'
'Invoking: ARM v7 gcc compiler'
arm-none-eabi-gcc -Wall -O0 -g3 -c -fmessage-length=0 -MT"src/menu_controller.o" -mcpu=cortex-a9 -mfpu=vfpv3 -mfloat-abi=hard -I../../standalone_bsp_0/ps7_cortexa9_0/include -MMD -MP -MF"src/menu_controller.d" -MT"src/menu_controller.o" -o "src/menu_controller.o" "../src/menu_controller.c"
../src/menu_controller.c: In function 'menu_writeMain':
../src/menu_controller.c:18:30: warning: 'Memory test:

	p - switch te...' directive writing 135 bytes into a region of size 128 [-Wformat-overflow=]
  unsigned int stringlength = sprintf(
                              ^~~~~~~~
    (char*)string,
    ~~~~~~~~~~~~~~             
    "Memory test:\n\r"
    ~~~~~~~~~~~~~~~~~~         
    "\tp - switch test pattern\n\r"
    ~~~~~~~~~~~~~~~~~~~~~~~~~~~~~~~
    "\ts - switch test size\n\r"
    ~~~~~~~~~~~~~~~~~~~~~~~~~~~~
    "\tv - switch test verbosity\n\r"
    ~~~~~~~~~~~~~~~~~~~~~~~~~~~~~~~~~
    "\td - switch read count(RDF)\n\r"
    ~~~~~~~~~~~~~~~~~~~~~~~~~~~~~~~~~~
    "\tr - run test\n\r"
    ~~~~~~~~~~~~~~~~~~~~       
    );
    ~                          
../src/menu_controller.c:18:30: note: 'sprintf' output 136 bytes into a destination of size 128
'Finished building: ../src/menu_controller.c'
' '
'Building target: hello.elf'
'Invoking: ARM v7 gcc linker'
arm-none-eabi-gcc -mcpu=cortex-a9 -mfpu=vfpv3 -mfloat-abi=hard -Wl,-build-id=none -specs=Xilinx.spec -Wl,-T -Wl,../src/lscript.ld -L../../standalone_bsp_0/ps7_cortexa9_0/lib -o "hello.elf"  ./src/main.o ./src/memtest_controller.o ./src/menu_controller.o ./src/platform.o ./src/uart_controller.o   -Wl,--start-group,-lxil,-lgcc,-lc,--end-group
'Finished building target: hello.elf'
' '
'Invoking: ARM v7 Print Size'
arm-none-eabi-size hello.elf  |tee "hello.elf.size"
   text	   data	    bss	    dec	    hex	filename
  57340	   2616	  23416	  83372	  145ac	hello.elf
'Finished building: hello.elf.size'
' '
18:27:37 **** Auto Build of configuration Debug for project hello ****
make pre-build main-build 
a9-linaro-pre-build-step
' '
'Building file: ../src/main.c'
'Invoking: ARM v7 gcc compiler'
arm-none-eabi-gcc -Wall -O0 -g3 -c -fmessage-length=0 -MT"src/main.o" -mcpu=cortex-a9 -mfpu=vfpv3 -mfloat-abi=hard -I../../standalone_bsp_0/ps7_cortexa9_0/include -MMD -MP -MF"src/main.d" -MT"src/main.o" -o "src/main.o" "../src/main.c"
'Finished building: ../src/main.c'
' '
'Building file: ../src/menu_controller.c'
'Invoking: ARM v7 gcc compiler'
arm-none-eabi-gcc -Wall -O0 -g3 -c -fmessage-length=0 -MT"src/menu_controller.o" -mcpu=cortex-a9 -mfpu=vfpv3 -mfloat-abi=hard -I../../standalone_bsp_0/ps7_cortexa9_0/include -MMD -MP -MF"src/menu_controller.d" -MT"src/menu_controller.o" -o "src/menu_controller.o" "../src/menu_controller.c"
'Finished building: ../src/menu_controller.c'
' '
'Building target: hello.elf'
'Invoking: ARM v7 gcc linker'
arm-none-eabi-gcc -mcpu=cortex-a9 -mfpu=vfpv3 -mfloat-abi=hard -Wl,-build-id=none -specs=Xilinx.spec -Wl,-T -Wl,../src/lscript.ld -L../../standalone_bsp_0/ps7_cortexa9_0/lib -o "hello.elf"  ./src/main.o ./src/memtest_controller.o ./src/menu_controller.o ./src/platform.o ./src/uart_controller.o   -Wl,--start-group,-lxil,-lgcc,-lc,--end-group
'Finished building target: hello.elf'
' '
'Invoking: ARM v7 Print Size'
arm-none-eabi-size hello.elf  |tee "hello.elf.size"
   text	   data	    bss	    dec	    hex	filename
  57340	   2616	  23416	  83372	  145ac	hello.elf
'Finished building: hello.elf.size'
' '
18:27:56 **** Auto Build of configuration Debug for project hello ****
make pre-build main-build 
a9-linaro-pre-build-step
' '
'Building file: ../src/main.c'
'Invoking: ARM v7 gcc compiler'
arm-none-eabi-gcc -Wall -O0 -g3 -c -fmessage-length=0 -MT"src/main.o" -mcpu=cortex-a9 -mfpu=vfpv3 -mfloat-abi=hard -I../../standalone_bsp_0/ps7_cortexa9_0/include -MMD -MP -MF"src/main.d" -MT"src/main.o" -o "src/main.o" "../src/main.c"
'Finished building: ../src/main.c'
' '
'Building file: ../src/menu_controller.c'
'Invoking: ARM v7 gcc compiler'
arm-none-eabi-gcc -Wall -O0 -g3 -c -fmessage-length=0 -MT"src/menu_controller.o" -mcpu=cortex-a9 -mfpu=vfpv3 -mfloat-abi=hard -I../../standalone_bsp_0/ps7_cortexa9_0/include -MMD -MP -MF"src/menu_controller.d" -MT"src/menu_controller.o" -o "src/menu_controller.o" "../src/menu_controller.c"
../src/menu_controller.c: In function 'menu_writeMain':
../src/menu_controller.c:17:23: error: 'MENU_STRLEN_MAIN' undeclared (first use in this function); did you mean 'MENU_STRLEN_RESPONSE'?
  unsigned char string[MENU_STRLEN_MAIN];
                       ^~~~~~~~~~~~~~~~
                       MENU_STRLEN_RESPONSE
../src/menu_controller.c:17:23: note: each undeclared identifier is reported only once for each function it appears in
../src/menu_controller.c:17:16: warning: unused variable 'string' [-Wunused-variable]
  unsigned char string[MENU_STRLEN_MAIN];
                ^~~~~~
make: *** [src/subdir.mk:35: src/menu_controller.o] Error 1
18:28:11 **** Auto Build of configuration Debug for project hello ****
make pre-build main-build 
a9-linaro-pre-build-step
' '
'Building file: ../src/main.c'
'Invoking: ARM v7 gcc compiler'
arm-none-eabi-gcc -Wall -O0 -g3 -c -fmessage-length=0 -MT"src/main.o" -mcpu=cortex-a9 -mfpu=vfpv3 -mfloat-abi=hard -I../../standalone_bsp_0/ps7_cortexa9_0/include -MMD -MP -MF"src/main.d" -MT"src/main.o" -o "src/main.o" "../src/main.c"
'Finished building: ../src/main.c'
' '
'Building file: ../src/menu_controller.c'
'Invoking: ARM v7 gcc compiler'
arm-none-eabi-gcc -Wall -O0 -g3 -c -fmessage-length=0 -MT"src/menu_controller.o" -mcpu=cortex-a9 -mfpu=vfpv3 -mfloat-abi=hard -I../../standalone_bsp_0/ps7_cortexa9_0/include -MMD -MP -MF"src/menu_controller.d" -MT"src/menu_controller.o" -o "src/menu_controller.o" "../src/menu_controller.c"
'Finished building: ../src/menu_controller.c'
' '
'Building target: hello.elf'
'Invoking: ARM v7 gcc linker'
arm-none-eabi-gcc -mcpu=cortex-a9 -mfpu=vfpv3 -mfloat-abi=hard -Wl,-build-id=none -specs=Xilinx.spec -Wl,-T -Wl,../src/lscript.ld -L../../standalone_bsp_0/ps7_cortexa9_0/lib -o "hello.elf"  ./src/main.o ./src/memtest_controller.o ./src/menu_controller.o ./src/platform.o ./src/uart_controller.o   -Wl,--start-group,-lxil,-lgcc,-lc,--end-group
'Finished building target: hello.elf'
' '
'Invoking: ARM v7 Print Size'
arm-none-eabi-size hello.elf  |tee "hello.elf.size"
   text	   data	    bss	    dec	    hex	filename
  57340	   2616	  23416	  83372	  145ac	hello.elf
'Finished building: hello.elf.size'
' '
18:38:26 **** Auto Build of configuration Debug for project hello ****
make pre-build main-build 
a9-linaro-pre-build-step
' '
'Building file: ../src/memtest_controller.c'
'Invoking: ARM v7 gcc compiler'
arm-none-eabi-gcc -Wall -O0 -g3 -c -fmessage-length=0 -MT"src/memtest_controller.o" -mcpu=cortex-a9 -mfpu=vfpv3 -mfloat-abi=hard -I../../standalone_bsp_0/ps7_cortexa9_0/include -MMD -MP -MF"src/memtest_controller.d" -MT"src/memtest_controller.o" -o "src/memtest_controller.o" "../src/memtest_controller.c"
'Finished building: ../src/memtest_controller.c'
' '
'Building target: hello.elf'
'Invoking: ARM v7 gcc linker'
arm-none-eabi-gcc -mcpu=cortex-a9 -mfpu=vfpv3 -mfloat-abi=hard -Wl,-build-id=none -specs=Xilinx.spec -Wl,-T -Wl,../src/lscript.ld -L../../standalone_bsp_0/ps7_cortexa9_0/lib -o "hello.elf"  ./src/main.o ./src/memtest_controller.o ./src/menu_controller.o ./src/platform.o ./src/uart_controller.o   -Wl,--start-group,-lxil,-lgcc,-lc,--end-group
e:/programy/vivado2019/sdk/2019.1/gnu/aarch32/nt/gcc-arm-none-eabi/bin/../lib/gcc/arm-none-eabi/8.2.0/../../../../arm-none-eabi/bin/ld.exe: ./src/memtest_controller.o: in function `memtest_performTest':
E:\Development\VHDL\zynquart\zynqexample.sdk\hello\Debug/../src/memtest_controller.c:60: undefined reference to `getNextPattern'
e:/programy/vivado2019/sdk/2019.1/gnu/aarch32/nt/gcc-arm-none-eabi/bin/../lib/gcc/arm-none-eabi/8.2.0/../../../../arm-none-eabi/bin/ld.exe: E:\Development\VHDL\zynquart\zynqexample.sdk\hello\Debug/../src/memtest_controller.c:69: undefined reference to `getNextPattern'
collect2.exe: error: ld returned 1 exit status
make: *** [makefile:41: hello.elf] Error 1
18:38:44 **** Auto Build of configuration Debug for project hello ****
make pre-build main-build 
a9-linaro-pre-build-step
' '
'Building file: ../src/main.c'
'Invoking: ARM v7 gcc compiler'
arm-none-eabi-gcc -Wall -O0 -g3 -c -fmessage-length=0 -MT"src/main.o" -mcpu=cortex-a9 -mfpu=vfpv3 -mfloat-abi=hard -I../../standalone_bsp_0/ps7_cortexa9_0/include -MMD -MP -MF"src/main.d" -MT"src/main.o" -o "src/main.o" "../src/main.c"
'Finished building: ../src/main.c'
' '
'Building file: ../src/memtest_controller.c'
'Invoking: ARM v7 gcc compiler'
arm-none-eabi-gcc -Wall -O0 -g3 -c -fmessage-length=0 -MT"src/memtest_controller.o" -mcpu=cortex-a9 -mfpu=vfpv3 -mfloat-abi=hard -I../../standalone_bsp_0/ps7_cortexa9_0/include -MMD -MP -MF"src/memtest_controller.d" -MT"src/memtest_controller.o" -o "src/memtest_controller.o" "../src/memtest_controller.c"
../src/memtest_controller.c: In function 'memtest_performTest':
../src/memtest_controller.c:60:26: warning: implicit declaration of function 'getNextPattern'; did you mean 'getNextQuickPattern'? [-Wimplicit-function-declaration]
   unsigned int pattern = getNextPattern(counter, mode);
                          ^~~~~~~~~~~~~~
                          getNextQuickPattern
'Finished building: ../src/memtest_controller.c'
' '
'Building file: ../src/menu_controller.c'
'Invoking: ARM v7 gcc compiler'
arm-none-eabi-gcc -Wall -O0 -g3 -c -fmessage-length=0 -MT"src/menu_controller.o" -mcpu=cortex-a9 -mfpu=vfpv3 -mfloat-abi=hard -I../../standalone_bsp_0/ps7_cortexa9_0/include -MMD -MP -MF"src/menu_controller.d" -MT"src/menu_controller.o" -o "src/menu_controller.o" "../src/menu_controller.c"
'Finished building: ../src/menu_controller.c'
' '
'Building target: hello.elf'
'Invoking: ARM v7 gcc linker'
arm-none-eabi-gcc -mcpu=cortex-a9 -mfpu=vfpv3 -mfloat-abi=hard -Wl,-build-id=none -specs=Xilinx.spec -Wl,-T -Wl,../src/lscript.ld -L../../standalone_bsp_0/ps7_cortexa9_0/lib -o "hello.elf"  ./src/main.o ./src/memtest_controller.o ./src/menu_controller.o ./src/platform.o ./src/uart_controller.o   -Wl,--start-group,-lxil,-lgcc,-lc,--end-group
e:/programy/vivado2019/sdk/2019.1/gnu/aarch32/nt/gcc-arm-none-eabi/bin/../lib/gcc/arm-none-eabi/8.2.0/../../../../arm-none-eabi/bin/ld.exe: ./src/memtest_controller.o: in function `memtest_performTest':
E:\Development\VHDL\zynquart\zynqexample.sdk\hello\Debug/../src/memtest_controller.c:60: undefined reference to `getNextPattern'
e:/programy/vivado2019/sdk/2019.1/gnu/aarch32/nt/gcc-arm-none-eabi/bin/../lib/gcc/arm-none-eabi/8.2.0/../../../../arm-none-eabi/bin/ld.exe: E:\Development\VHDL\zynquart\zynqexample.sdk\hello\Debug/../src/memtest_controller.c:69: undefined reference to `getNextPattern'
collect2.exe: error: ld returned 1 exit status
make: *** [makefile:41: hello.elf] Error 1
18:39:09 **** Auto Build of configuration Debug for project hello ****
make pre-build main-build 
a9-linaro-pre-build-step
' '
'Building file: ../src/main.c'
'Invoking: ARM v7 gcc compiler'
arm-none-eabi-gcc -Wall -O0 -g3 -c -fmessage-length=0 -MT"src/main.o" -mcpu=cortex-a9 -mfpu=vfpv3 -mfloat-abi=hard -I../../standalone_bsp_0/ps7_cortexa9_0/include -MMD -MP -MF"src/main.d" -MT"src/main.o" -o "src/main.o" "../src/main.c"
In file included from ../src/menu_controller.h:12,
                 from ../src/main.c:9:
../src/memtest_controller.h:35:14: error: conflicting types for 'getNextQuickPattern'
 unsigned int getNextQuickPattern(unsigned int memoryPoint, unsigned char concurrentTest, enum MemTestModes mode);
              ^~~~~~~~~~~~~~~~~~~
../src/memtest_controller.h:34:14: note: previous declaration of 'getNextQuickPattern' was here
 unsigned int getNextQuickPattern(unsigned int counter, enum MemTestModes mode);
              ^~~~~~~~~~~~~~~~~~~
make: *** [src/subdir.mk:35: src/main.o] Error 1
18:39:23 **** Auto Build of configuration Debug for project hello ****
make pre-build main-build 
a9-linaro-pre-build-step
' '
'Building file: ../src/main.c'
'Invoking: ARM v7 gcc compiler'
arm-none-eabi-gcc -Wall -O0 -g3 -c -fmessage-length=0 -MT"src/main.o" -mcpu=cortex-a9 -mfpu=vfpv3 -mfloat-abi=hard -I../../standalone_bsp_0/ps7_cortexa9_0/include -MMD -MP -MF"src/main.d" -MT"src/main.o" -o "src/main.o" "../src/main.c"
'Finished building: ../src/main.c'
' '
'Building file: ../src/memtest_controller.c'
'Invoking: ARM v7 gcc compiler'
arm-none-eabi-gcc -Wall -O0 -g3 -c -fmessage-length=0 -MT"src/memtest_controller.o" -mcpu=cortex-a9 -mfpu=vfpv3 -mfloat-abi=hard -I../../standalone_bsp_0/ps7_cortexa9_0/include -MMD -MP -MF"src/memtest_controller.d" -MT"src/memtest_controller.o" -o "src/memtest_controller.o" "../src/memtest_controller.c"
../src/memtest_controller.c: In function 'memtest_performTest':
../src/memtest_controller.c:60:26: warning: implicit declaration of function 'getNextPattern'; did you mean 'getNextQuickPattern'? [-Wimplicit-function-declaration]
   unsigned int pattern = getNextPattern(counter, mode);
                          ^~~~~~~~~~~~~~
                          getNextQuickPattern
'Finished building: ../src/memtest_controller.c'
' '
'Building file: ../src/menu_controller.c'
'Invoking: ARM v7 gcc compiler'
arm-none-eabi-gcc -Wall -O0 -g3 -c -fmessage-length=0 -MT"src/menu_controller.o" -mcpu=cortex-a9 -mfpu=vfpv3 -mfloat-abi=hard -I../../standalone_bsp_0/ps7_cortexa9_0/include -MMD -MP -MF"src/menu_controller.d" -MT"src/menu_controller.o" -o "src/menu_controller.o" "../src/menu_controller.c"
'Finished building: ../src/menu_controller.c'
' '
'Building target: hello.elf'
'Invoking: ARM v7 gcc linker'
arm-none-eabi-gcc -mcpu=cortex-a9 -mfpu=vfpv3 -mfloat-abi=hard -Wl,-build-id=none -specs=Xilinx.spec -Wl,-T -Wl,../src/lscript.ld -L../../standalone_bsp_0/ps7_cortexa9_0/lib -o "hello.elf"  ./src/main.o ./src/memtest_controller.o ./src/menu_controller.o ./src/platform.o ./src/uart_controller.o   -Wl,--start-group,-lxil,-lgcc,-lc,--end-group
e:/programy/vivado2019/sdk/2019.1/gnu/aarch32/nt/gcc-arm-none-eabi/bin/../lib/gcc/arm-none-eabi/8.2.0/../../../../arm-none-eabi/bin/ld.exe: ./src/memtest_controller.o: in function `memtest_performTest':
E:\Development\VHDL\zynquart\zynqexample.sdk\hello\Debug/../src/memtest_controller.c:60: undefined reference to `getNextPattern'
e:/programy/vivado2019/sdk/2019.1/gnu/aarch32/nt/gcc-arm-none-eabi/bin/../lib/gcc/arm-none-eabi/8.2.0/../../../../arm-none-eabi/bin/ld.exe: E:\Development\VHDL\zynquart\zynqexample.sdk\hello\Debug/../src/memtest_controller.c:69: undefined reference to `getNextPattern'
collect2.exe: error: ld returned 1 exit status
make: *** [makefile:41: hello.elf] Error 1
18:39:49 **** Auto Build of configuration Debug for project hello ****
make pre-build main-build 
a9-linaro-pre-build-step
' '
'Building file: ../src/main.c'
'Invoking: ARM v7 gcc compiler'
arm-none-eabi-gcc -Wall -O0 -g3 -c -fmessage-length=0 -MT"src/main.o" -mcpu=cortex-a9 -mfpu=vfpv3 -mfloat-abi=hard -I../../standalone_bsp_0/ps7_cortexa9_0/include -MMD -MP -MF"src/main.d" -MT"src/main.o" -o "src/main.o" "../src/main.c"
'Finished building: ../src/main.c'
' '
'Building file: ../src/memtest_controller.c'
'Invoking: ARM v7 gcc compiler'
arm-none-eabi-gcc -Wall -O0 -g3 -c -fmessage-length=0 -MT"src/memtest_controller.o" -mcpu=cortex-a9 -mfpu=vfpv3 -mfloat-abi=hard -I../../standalone_bsp_0/ps7_cortexa9_0/include -MMD -MP -MF"src/memtest_controller.d" -MT"src/memtest_controller.o" -o "src/memtest_controller.o" "../src/memtest_controller.c"
../src/memtest_controller.c: In function 'memtest_performTest':
../src/memtest_controller.c:60:26: warning: implicit declaration of function 'getNextPattern'; did you mean 'getNextQuickPattern'? [-Wimplicit-function-declaration]
   unsigned int pattern = getNextPattern(counter, mode);
                          ^~~~~~~~~~~~~~
                          getNextQuickPattern
'Finished building: ../src/memtest_controller.c'
' '
'Building file: ../src/menu_controller.c'
'Invoking: ARM v7 gcc compiler'
arm-none-eabi-gcc -Wall -O0 -g3 -c -fmessage-length=0 -MT"src/menu_controller.o" -mcpu=cortex-a9 -mfpu=vfpv3 -mfloat-abi=hard -I../../standalone_bsp_0/ps7_cortexa9_0/include -MMD -MP -MF"src/menu_controller.d" -MT"src/menu_controller.o" -o "src/menu_controller.o" "../src/menu_controller.c"
../src/menu_controller.c:11:6: error: variable 'config_memoryTestMode' has initializer but incomplete type
 enum MemTestModes config_memoryTestMode = MTESTMODE_ZEROES;
      ^~~~~~~~~~~~
../src/menu_controller.c: In function 'menu_awaitInput':
../src/menu_controller.c:45:5: error: 'config_memoryTestMode' has an incomplete type 'enum MemTestModes'
     config_memoryTestMode = (config_memoryTestMode+1)%MENU_MEMTEST_MODE_POSSIBLITIES;
     ^~~~~~~~~~~~~~~~~~~~~
../src/menu_controller.c:45:27: error: 'config_memoryTestMode' has an incomplete type 'enum MemTestModes'
     config_memoryTestMode = (config_memoryTestMode+1)%MENU_MEMTEST_MODE_POSSIBLITIES;
                           ^
../src/menu_controller.c:49:30: error: 'config_memoryTestMode' has an incomplete type 'enum MemTestModes'
       menu_getTestModeString(config_memoryTestMode)
                              ^~~~~~~~~~~~~~~~~~~~~
../src/menu_controller.c:81:67: error: 'config_memoryTestMode' has an incomplete type 'enum MemTestModes'
     memtest_performTest(MEMORY_TEST_SIZES[config_memoryTestSize], config_memoryTestMode, config_memoryTestReadCount);
                                                                   ^~~~~~~~~~~~~~~~~~~~~
../src/menu_controller.c: At top level:
../src/menu_controller.c:105:48: error: parameter 1 ('mode') has incomplete type
 char* menu_getTestModeString(enum MemTestModes mode)
                              ~~~~~~~~~~~~~~~~~~^~~~
../src/menu_controller.c:11:19: error: storage size of 'config_memoryTestMode' isn't known
 enum MemTestModes config_memoryTestMode = MTESTMODE_ZEROES;
                   ^~~~~~~~~~~~~~~~~~~~~
../src/menu_controller.c: In function 'menu_getTestModeString':
../src/menu_controller.c:118:1: warning: control reaches end of non-void function [-Wreturn-type]
 }
 ^
make: *** [src/subdir.mk:35: src/menu_controller.o] Error 1
18:39:54 **** Auto Build of configuration Debug for project hello ****
make pre-build main-build 
a9-linaro-pre-build-step
' '
'Building file: ../src/main.c'
'Invoking: ARM v7 gcc compiler'
arm-none-eabi-gcc -Wall -O0 -g3 -c -fmessage-length=0 -MT"src/main.o" -mcpu=cortex-a9 -mfpu=vfpv3 -mfloat-abi=hard -I../../standalone_bsp_0/ps7_cortexa9_0/include -MMD -MP -MF"src/main.d" -MT"src/main.o" -o "src/main.o" "../src/main.c"
In file included from ../src/menu_controller.h:12,
                 from ../src/main.c:9:
../src/memtest_controller.h:28:2: error: redeclaration of enumerator 'MTESTMODE_ZEROES'
  MTESTMODE_ZEROES,
  ^~~~~~~~~~~~~~~~
../src/memtest_controller.h:22:2: note: previous definition of 'MTESTMODE_ZEROES' was here
  MTESTMODE_ZEROES,
  ^~~~~~~~~~~~~~~~
../src/memtest_controller.h:29:2: error: redeclaration of enumerator 'MTESTMODE_ONES'
  MTESTMODE_ONES,
  ^~~~~~~~~~~~~~
../src/memtest_controller.h:23:2: note: previous definition of 'MTESTMODE_ONES' was here
  MTESTMODE_ONES,
  ^~~~~~~~~~~~~~
../src/memtest_controller.h:30:2: error: redeclaration of enumerator 'MTESTMODE_DEADBEEF'
  MTESTMODE_DEADBEEF,
  ^~~~~~~~~~~~~~~~~~
../src/memtest_controller.h:24:2: note: previous definition of 'MTESTMODE_DEADBEEF' was here
  MTESTMODE_DEADBEEF,
  ^~~~~~~~~~~~~~~~~~
../src/memtest_controller.h:31:2: error: redeclaration of enumerator 'MTESTMODE_WALKINGONE'
  MTESTMODE_WALKINGONE
  ^~~~~~~~~~~~~~~~~~~~
../src/memtest_controller.h:25:2: note: previous definition of 'MTESTMODE_WALKINGONE' was here
  MTESTMODE_WALKINGONE
  ^~~~~~~~~~~~~~~~~~~~
make: *** [src/subdir.mk:35: src/main.o] Error 1
18:40:24 **** Auto Build of configuration Debug for project hello ****
make pre-build main-build 
a9-linaro-pre-build-step
' '
'Building file: ../src/main.c'
'Invoking: ARM v7 gcc compiler'
arm-none-eabi-gcc -Wall -O0 -g3 -c -fmessage-length=0 -MT"src/main.o" -mcpu=cortex-a9 -mfpu=vfpv3 -mfloat-abi=hard -I../../standalone_bsp_0/ps7_cortexa9_0/include -MMD -MP -MF"src/main.d" -MT"src/main.o" -o "src/main.o" "../src/main.c"
In file included from ../src/menu_controller.h:12,
                 from ../src/main.c:9:
../src/memtest_controller.h:29:2: error: redeclaration of enumerator 'MTESTMODE_WALKINGONE'
  MTESTMODE_WALKINGONE,
  ^~~~~~~~~~~~~~~~~~~~
../src/memtest_controller.h:25:2: note: previous definition of 'MTESTMODE_WALKINGONE' was here
  MTESTMODE_WALKINGONE
  ^~~~~~~~~~~~~~~~~~~~
../src/memtest_controller.h:30:2: error: redeclaration of enumerator 'MTESTMODE_WALKINGONE'
  MTESTMODE_WALKINGONE,
  ^~~~~~~~~~~~~~~~~~~~
../src/memtest_controller.h:29:2: note: previous definition of 'MTESTMODE_WALKINGONE' was here
  MTESTMODE_WALKINGONE,
  ^~~~~~~~~~~~~~~~~~~~
make: *** [src/subdir.mk:35: src/main.o] Error 1
18:40:45 **** Auto Build of configuration Debug for project hello ****
make pre-build main-build 
a9-linaro-pre-build-step
' '
'Building file: ../src/main.c'
'Invoking: ARM v7 gcc compiler'
arm-none-eabi-gcc -Wall -O0 -g3 -c -fmessage-length=0 -MT"src/main.o" -mcpu=cortex-a9 -mfpu=vfpv3 -mfloat-abi=hard -I../../standalone_bsp_0/ps7_cortexa9_0/include -MMD -MP -MF"src/main.d" -MT"src/main.o" -o "src/main.o" "../src/main.c"
In file included from ../src/menu_controller.h:12,
                 from ../src/main.c:9:
../src/memtest_controller.h:29:2: error: redeclaration of enumerator 'MTESTMODE_WALKINGONE'
  MTESTMODE_WALKINGONE,
  ^~~~~~~~~~~~~~~~~~~~
../src/memtest_controller.h:25:2: note: previous definition of 'MTESTMODE_WALKINGONE' was here
  MTESTMODE_WALKINGONE
  ^~~~~~~~~~~~~~~~~~~~
make: *** [src/subdir.mk:35: src/main.o] Error 1
18:41:06 **** Auto Build of configuration Debug for project hello ****
make pre-build main-build 
a9-linaro-pre-build-step
' '
'Building file: ../src/main.c'
'Invoking: ARM v7 gcc compiler'
arm-none-eabi-gcc -Wall -O0 -g3 -c -fmessage-length=0 -MT"src/main.o" -mcpu=cortex-a9 -mfpu=vfpv3 -mfloat-abi=hard -I../../standalone_bsp_0/ps7_cortexa9_0/include -MMD -MP -MF"src/main.d" -MT"src/main.o" -o "src/main.o" "../src/main.c"
In file included from ../src/menu_controller.h:12,
                 from ../src/main.c:9:
../src/memtest_controller.h:29:2: error: redeclaration of enumerator 'MTESTMODE_WALKINGONE'
  MTESTMODE_WALKINGONE,
  ^~~~~~~~~~~~~~~~~~~~
../src/memtest_controller.h:25:2: note: previous definition of 'MTESTMODE_WALKINGONE' was here
  MTESTMODE_WALKINGONE
  ^~~~~~~~~~~~~~~~~~~~
make: *** [src/subdir.mk:35: src/main.o] Error 1
18:41:17 **** Auto Build of configuration Debug for project hello ****
make pre-build main-build 
a9-linaro-pre-build-step
' '
'Building file: ../src/main.c'
'Invoking: ARM v7 gcc compiler'
arm-none-eabi-gcc -Wall -O0 -g3 -c -fmessage-length=0 -MT"src/main.o" -mcpu=cortex-a9 -mfpu=vfpv3 -mfloat-abi=hard -I../../standalone_bsp_0/ps7_cortexa9_0/include -MMD -MP -MF"src/main.d" -MT"src/main.o" -o "src/main.o" "../src/main.c"
In file included from ../src/menu_controller.h:12,
                 from ../src/main.c:9:
../src/memtest_controller.h:29:2: error: redeclaration of enumerator 'MTESTMODE_WALKINGONE'
  MTESTMODE_WALKINGONE,
  ^~~~~~~~~~~~~~~~~~~~
../src/memtest_controller.h:25:2: note: previous definition of 'MTESTMODE_WALKINGONE' was here
  MTESTMODE_WALKINGONE
  ^~~~~~~~~~~~~~~~~~~~
make: *** [src/subdir.mk:35: src/main.o] Error 1
18:41:23 **** Auto Build of configuration Debug for project hello ****
make pre-build main-build 
a9-linaro-pre-build-step
' '
'Building file: ../src/main.c'
'Invoking: ARM v7 gcc compiler'
arm-none-eabi-gcc -Wall -O0 -g3 -c -fmessage-length=0 -MT"src/main.o" -mcpu=cortex-a9 -mfpu=vfpv3 -mfloat-abi=hard -I../../standalone_bsp_0/ps7_cortexa9_0/include -MMD -MP -MF"src/main.d" -MT"src/main.o" -o "src/main.o" "../src/main.c"
In file included from ../src/menu_controller.h:12,
                 from ../src/main.c:9:
../src/memtest_controller.h:29:2: error: redeclaration of enumerator 'MTESTMODE_WALKINGONE'
  MTESTMODE_WALKINGONE,
  ^~~~~~~~~~~~~~~~~~~~
../src/memtest_controller.h:25:2: note: previous definition of 'MTESTMODE_WALKINGONE' was here
  MTESTMODE_WALKINGONE
  ^~~~~~~~~~~~~~~~~~~~
make: *** [src/subdir.mk:35: src/main.o] Error 1
18:41:38 **** Auto Build of configuration Debug for project hello ****
make pre-build main-build 
a9-linaro-pre-build-step
' '
'Building file: ../src/main.c'
'Invoking: ARM v7 gcc compiler'
arm-none-eabi-gcc -Wall -O0 -g3 -c -fmessage-length=0 -MT"src/main.o" -mcpu=cortex-a9 -mfpu=vfpv3 -mfloat-abi=hard -I../../standalone_bsp_0/ps7_cortexa9_0/include -MMD -MP -MF"src/main.d" -MT"src/main.o" -o "src/main.o" "../src/main.c"
In file included from ../src/menu_controller.h:12,
                 from ../src/main.c:9:
../src/memtest_controller.h:29:2: error: redeclaration of enumerator 'QUICKPATTERN_WALKINGONE'
  QUICKPATTERN_WALKINGONE,
  ^~~~~~~~~~~~~~~~~~~~~~~
../src/memtest_controller.h:25:2: note: previous definition of 'QUICKPATTERN_WALKINGONE' was here
  QUICKPATTERN_WALKINGONE
  ^~~~~~~~~~~~~~~~~~~~~~~
make: *** [src/subdir.mk:35: src/main.o] Error 1
18:41:44 **** Auto Build of configuration Debug for project hello ****
make pre-build main-build 
a9-linaro-pre-build-step
' '
'Building file: ../src/main.c'
'Invoking: ARM v7 gcc compiler'
arm-none-eabi-gcc -Wall -O0 -g3 -c -fmessage-length=0 -MT"src/main.o" -mcpu=cortex-a9 -mfpu=vfpv3 -mfloat-abi=hard -I../../standalone_bsp_0/ps7_cortexa9_0/include -MMD -MP -MF"src/main.d" -MT"src/main.o" -o "src/main.o" "../src/main.c"
'Finished building: ../src/main.c'
' '
'Building file: ../src/memtest_controller.c'
'Invoking: ARM v7 gcc compiler'
arm-none-eabi-gcc -Wall -O0 -g3 -c -fmessage-length=0 -MT"src/memtest_controller.o" -mcpu=cortex-a9 -mfpu=vfpv3 -mfloat-abi=hard -I../../standalone_bsp_0/ps7_cortexa9_0/include -MMD -MP -MF"src/memtest_controller.d" -MT"src/memtest_controller.o" -o "src/memtest_controller.o" "../src/memtest_controller.c"
../src/memtest_controller.c: In function 'memtest_performTest':
../src/memtest_controller.c:60:26: warning: implicit declaration of function 'getNextPattern'; did you mean 'getNextQuickPattern'? [-Wimplicit-function-declaration]
   unsigned int pattern = getNextPattern(counter, mode);
                          ^~~~~~~~~~~~~~
                          getNextQuickPattern
'Finished building: ../src/memtest_controller.c'
' '
'Building file: ../src/menu_controller.c'
'Invoking: ARM v7 gcc compiler'
arm-none-eabi-gcc -Wall -O0 -g3 -c -fmessage-length=0 -MT"src/menu_controller.o" -mcpu=cortex-a9 -mfpu=vfpv3 -mfloat-abi=hard -I../../standalone_bsp_0/ps7_cortexa9_0/include -MMD -MP -MF"src/menu_controller.d" -MT"src/menu_controller.o" -o "src/menu_controller.o" "../src/menu_controller.c"
../src/menu_controller.c:11:6: error: variable 'config_memoryTestMode' has initializer but incomplete type
 enum MemTestModes config_memoryTestMode = MTESTMODE_ZEROES;
      ^~~~~~~~~~~~
../src/menu_controller.c:11:43: error: 'MTESTMODE_ZEROES' undeclared here (not in a function); did you mean 'MTESTMODE_WALKINGZERO'?
 enum MemTestModes config_memoryTestMode = MTESTMODE_ZEROES;
                                           ^~~~~~~~~~~~~~~~
                                           MTESTMODE_WALKINGZERO
../src/menu_controller.c: In function 'menu_awaitInput':
../src/menu_controller.c:45:5: error: 'config_memoryTestMode' has an incomplete type 'enum MemTestModes'
     config_memoryTestMode = (config_memoryTestMode+1)%MENU_MEMTEST_MODE_POSSIBLITIES;
     ^~~~~~~~~~~~~~~~~~~~~
../src/menu_controller.c:45:27: error: 'config_memoryTestMode' has an incomplete type 'enum MemTestModes'
     config_memoryTestMode = (config_memoryTestMode+1)%MENU_MEMTEST_MODE_POSSIBLITIES;
                           ^
../src/menu_controller.c:49:30: error: 'config_memoryTestMode' has an incomplete type 'enum MemTestModes'
       menu_getTestModeString(config_memoryTestMode)
                              ^~~~~~~~~~~~~~~~~~~~~
../src/menu_controller.c:81:67: error: 'config_memoryTestMode' has an incomplete type 'enum MemTestModes'
     memtest_performTest(MEMORY_TEST_SIZES[config_memoryTestSize], config_memoryTestMode, config_memoryTestReadCount);
                                                                   ^~~~~~~~~~~~~~~~~~~~~
../src/menu_controller.c: At top level:
../src/menu_controller.c:105:48: error: parameter 1 ('mode') has incomplete type
 char* menu_getTestModeString(enum MemTestModes mode)
                              ~~~~~~~~~~~~~~~~~~^~~~
../src/menu_controller.c: In function 'menu_getTestModeString':
../src/menu_controller.c:109:8: error: 'MTESTMODE_DEADBEEF' undeclared (first use in this function); did you mean 'MTESTMODE_WALKINGZERO'?
   case MTESTMODE_DEADBEEF:
        ^~~~~~~~~~~~~~~~~~
        MTESTMODE_WALKINGZERO
../src/menu_controller.c:109:8: note: each undeclared identifier is reported only once for each function it appears in
../src/menu_controller.c:112:8: error: 'MTESTMODE_WALKINGONE' undeclared (first use in this function); did you mean 'MTESTMODE_WALKINGZERO'?
   case MTESTMODE_WALKINGONE:
        ^~~~~~~~~~~~~~~~~~~~
        MTESTMODE_WALKINGZERO
../src/menu_controller.c: At top level:
../src/menu_controller.c:11:19: error: storage size of 'config_memoryTestMode' isn't known
 enum MemTestModes config_memoryTestMode = MTESTMODE_ZEROES;
                   ^~~~~~~~~~~~~~~~~~~~~
../src/menu_controller.c: In function 'menu_getTestModeString':
../src/menu_controller.c:118:1: warning: control reaches end of non-void function [-Wreturn-type]
 }
 ^
make: *** [src/subdir.mk:35: src/menu_controller.o] Error 1
18:41:48 **** Auto Build of configuration Debug for project hello ****
make pre-build main-build 
a9-linaro-pre-build-step
' '
'Building file: ../src/main.c'
'Invoking: ARM v7 gcc compiler'
arm-none-eabi-gcc -Wall -O0 -g3 -c -fmessage-length=0 -MT"src/main.o" -mcpu=cortex-a9 -mfpu=vfpv3 -mfloat-abi=hard -I../../standalone_bsp_0/ps7_cortexa9_0/include -MMD -MP -MF"src/main.d" -MT"src/main.o" -o "src/main.o" "../src/main.c"
'Finished building: ../src/main.c'
' '
'Building file: ../src/memtest_controller.c'
'Invoking: ARM v7 gcc compiler'
arm-none-eabi-gcc -Wall -O0 -g3 -c -fmessage-length=0 -MT"src/memtest_controller.o" -mcpu=cortex-a9 -mfpu=vfpv3 -mfloat-abi=hard -I../../standalone_bsp_0/ps7_cortexa9_0/include -MMD -MP -MF"src/memtest_controller.d" -MT"src/memtest_controller.o" -o "src/memtest_controller.o" "../src/memtest_controller.c"
../src/memtest_controller.c: In function 'memtest_performTest':
../src/memtest_controller.c:60:26: warning: implicit declaration of function 'getNextPattern'; did you mean 'getNextQuickPattern'? [-Wimplicit-function-declaration]
   unsigned int pattern = getNextPattern(counter, mode);
                          ^~~~~~~~~~~~~~
                          getNextQuickPattern
'Finished building: ../src/memtest_controller.c'
' '
'Building file: ../src/menu_controller.c'
'Invoking: ARM v7 gcc compiler'
arm-none-eabi-gcc -Wall -O0 -g3 -c -fmessage-length=0 -MT"src/menu_controller.o" -mcpu=cortex-a9 -mfpu=vfpv3 -mfloat-abi=hard -I../../standalone_bsp_0/ps7_cortexa9_0/include -MMD -MP -MF"src/menu_controller.d" -MT"src/menu_controller.o" -o "src/menu_controller.o" "../src/menu_controller.c"
../src/menu_controller.c:11:6: error: variable 'config_memoryTestMode' has initializer but incomplete type
 enum MemTestModes config_memoryTestMode = MTESTMODE_ZEROES;
      ^~~~~~~~~~~~
../src/menu_controller.c:11:43: error: 'MTESTMODE_ZEROES' undeclared here (not in a function); did you mean 'MTESTMODE_WALKINGZERO'?
 enum MemTestModes config_memoryTestMode = MTESTMODE_ZEROES;
                                           ^~~~~~~~~~~~~~~~
                                           MTESTMODE_WALKINGZERO
../src/menu_controller.c: In function 'menu_awaitInput':
../src/menu_controller.c:45:5: error: 'config_memoryTestMode' has an incomplete type 'enum MemTestModes'
     config_memoryTestMode = (config_memoryTestMode+1)%MENU_MEMTEST_MODE_POSSIBLITIES;
     ^~~~~~~~~~~~~~~~~~~~~
../src/menu_controller.c:45:27: error: 'config_memoryTestMode' has an incomplete type 'enum MemTestModes'
     config_memoryTestMode = (config_memoryTestMode+1)%MENU_MEMTEST_MODE_POSSIBLITIES;
                           ^
../src/menu_controller.c:49:30: error: 'config_memoryTestMode' has an incomplete type 'enum MemTestModes'
       menu_getTestModeString(config_memoryTestMode)
                              ^~~~~~~~~~~~~~~~~~~~~
../src/menu_controller.c:81:67: error: 'config_memoryTestMode' has an incomplete type 'enum MemTestModes'
     memtest_performTest(MEMORY_TEST_SIZES[config_memoryTestSize], config_memoryTestMode, config_memoryTestReadCount);
                                                                   ^~~~~~~~~~~~~~~~~~~~~
../src/menu_controller.c: At top level:
../src/menu_controller.c:105:48: error: parameter 1 ('mode') has incomplete type
 char* menu_getTestModeString(enum MemTestModes mode)
                              ~~~~~~~~~~~~~~~~~~^~~~
../src/menu_controller.c: In function 'menu_getTestModeString':
../src/menu_controller.c:109:8: error: 'MTESTMODE_DEADBEEF' undeclared (first use in this function); did you mean 'MTESTMODE_WALKINGZERO'?
   case MTESTMODE_DEADBEEF:
        ^~~~~~~~~~~~~~~~~~
        MTESTMODE_WALKINGZERO
../src/menu_controller.c:109:8: note: each undeclared identifier is reported only once for each function it appears in
../src/menu_controller.c:112:8: error: 'MTESTMODE_WALKINGONE' undeclared (first use in this function); did you mean 'MTESTMODE_WALKINGZERO'?
   case MTESTMODE_WALKINGONE:
        ^~~~~~~~~~~~~~~~~~~~
        MTESTMODE_WALKINGZERO
../src/menu_controller.c: At top level:
../src/menu_controller.c:11:19: error: storage size of 'config_memoryTestMode' isn't known
 enum MemTestModes config_memoryTestMode = MTESTMODE_ZEROES;
                   ^~~~~~~~~~~~~~~~~~~~~
../src/menu_controller.c: In function 'menu_getTestModeString':
../src/menu_controller.c:118:1: warning: control reaches end of non-void function [-Wreturn-type]
 }
 ^
make: *** [src/subdir.mk:35: src/menu_controller.o] Error 1
18:41:54 **** Auto Build of configuration Debug for project hello ****
make pre-build main-build 
a9-linaro-pre-build-step
' '
'Building file: ../src/main.c'
'Invoking: ARM v7 gcc compiler'
arm-none-eabi-gcc -Wall -O0 -g3 -c -fmessage-length=0 -MT"src/main.o" -mcpu=cortex-a9 -mfpu=vfpv3 -mfloat-abi=hard -I../../standalone_bsp_0/ps7_cortexa9_0/include -MMD -MP -MF"src/main.d" -MT"src/main.o" -o "src/main.o" "../src/main.c"
'Finished building: ../src/main.c'
' '
'Building file: ../src/memtest_controller.c'
'Invoking: ARM v7 gcc compiler'
arm-none-eabi-gcc -Wall -O0 -g3 -c -fmessage-length=0 -MT"src/memtest_controller.o" -mcpu=cortex-a9 -mfpu=vfpv3 -mfloat-abi=hard -I../../standalone_bsp_0/ps7_cortexa9_0/include -MMD -MP -MF"src/memtest_controller.d" -MT"src/memtest_controller.o" -o "src/memtest_controller.o" "../src/memtest_controller.c"
../src/memtest_controller.c: In function 'memtest_performTest':
../src/memtest_controller.c:60:26: warning: implicit declaration of function 'getNextPattern'; did you mean 'getNextQuickPattern'? [-Wimplicit-function-declaration]
   unsigned int pattern = getNextPattern(counter, mode);
                          ^~~~~~~~~~~~~~
                          getNextQuickPattern
'Finished building: ../src/memtest_controller.c'
' '
'Building file: ../src/menu_controller.c'
'Invoking: ARM v7 gcc compiler'
arm-none-eabi-gcc -Wall -O0 -g3 -c -fmessage-length=0 -MT"src/menu_controller.o" -mcpu=cortex-a9 -mfpu=vfpv3 -mfloat-abi=hard -I../../standalone_bsp_0/ps7_cortexa9_0/include -MMD -MP -MF"src/menu_controller.d" -MT"src/menu_controller.o" -o "src/menu_controller.o" "../src/menu_controller.c"
../src/menu_controller.c:11:6: error: variable 'config_memoryTestMode' has initializer but incomplete type
 enum MemTestModes config_memoryTestMode = MTESTMODE_ZEROES;
      ^~~~~~~~~~~~
../src/menu_controller.c:11:43: error: 'MTESTMODE_ZEROES' undeclared here (not in a function)
 enum MemTestModes config_memoryTestMode = MTESTMODE_ZEROES;
                                           ^~~~~~~~~~~~~~~~
../src/menu_controller.c: In function 'menu_awaitInput':
../src/menu_controller.c:45:5: error: 'config_memoryTestMode' has an incomplete type 'enum MemTestModes'
     config_memoryTestMode = (config_memoryTestMode+1)%MENU_MEMTEST_MODE_POSSIBLITIES;
     ^~~~~~~~~~~~~~~~~~~~~
../src/menu_controller.c:45:27: error: 'config_memoryTestMode' has an incomplete type 'enum MemTestModes'
     config_memoryTestMode = (config_memoryTestMode+1)%MENU_MEMTEST_MODE_POSSIBLITIES;
                           ^
../src/menu_controller.c:49:30: error: 'config_memoryTestMode' has an incomplete type 'enum MemTestModes'
       menu_getTestModeString(config_memoryTestMode)
                              ^~~~~~~~~~~~~~~~~~~~~
../src/menu_controller.c:81:67: error: 'config_memoryTestMode' has an incomplete type 'enum MemTestModes'
     memtest_performTest(MEMORY_TEST_SIZES[config_memoryTestSize], config_memoryTestMode, config_memoryTestReadCount);
                                                                   ^~~~~~~~~~~~~~~~~~~~~
../src/menu_controller.c: At top level:
../src/menu_controller.c:105:48: error: parameter 1 ('mode') has incomplete type
 char* menu_getTestModeString(enum MemTestModes mode)
                              ~~~~~~~~~~~~~~~~~~^~~~
../src/menu_controller.c: In function 'menu_getTestModeString':
../src/menu_controller.c:109:8: error: 'MTESTMODE_DEADBEEF' undeclared (first use in this function)
   case MTESTMODE_DEADBEEF:
        ^~~~~~~~~~~~~~~~~~
../src/menu_controller.c:109:8: note: each undeclared identifier is reported only once for each function it appears in
../src/menu_controller.c:112:8: error: 'MTESTMODE_WALKINGONE' undeclared (first use in this function)
   case MTESTMODE_WALKINGONE:
        ^~~~~~~~~~~~~~~~~~~~
../src/menu_controller.c: At top level:
../src/menu_controller.c:11:19: error: storage size of 'config_memoryTestMode' isn't known
 enum MemTestModes config_memoryTestMode = MTESTMODE_ZEROES;
                   ^~~~~~~~~~~~~~~~~~~~~
../src/menu_controller.c: In function 'menu_getTestModeString':
../src/menu_controller.c:118:1: warning: control reaches end of non-void function [-Wreturn-type]
 }
 ^
make: *** [src/subdir.mk:35: src/menu_controller.o] Error 1
18:42:39 **** Auto Build of configuration Debug for project hello ****
make pre-build main-build 
a9-linaro-pre-build-step
' '
'Building file: ../src/memtest_controller.c'
'Invoking: ARM v7 gcc compiler'
arm-none-eabi-gcc -Wall -O0 -g3 -c -fmessage-length=0 -MT"src/memtest_controller.o" -mcpu=cortex-a9 -mfpu=vfpv3 -mfloat-abi=hard -I../../standalone_bsp_0/ps7_cortexa9_0/include -MMD -MP -MF"src/memtest_controller.d" -MT"src/memtest_controller.o" -o "src/memtest_controller.o" "../src/memtest_controller.c"
../src/memtest_controller.c: In function 'memtest_performTest':
../src/memtest_controller.c:69:35: warning: implicit declaration of function 'getNextPattern'; did you mean 'getNextQuickPattern'? [-Wimplicit-function-declaration]
    unsigned int expectedPattern = getNextPattern(counter, mode);
                                   ^~~~~~~~~~~~~~
                                   getNextQuickPattern
'Finished building: ../src/memtest_controller.c'
' '
'Building file: ../src/menu_controller.c'
'Invoking: ARM v7 gcc compiler'
arm-none-eabi-gcc -Wall -O0 -g3 -c -fmessage-length=0 -MT"src/menu_controller.o" -mcpu=cortex-a9 -mfpu=vfpv3 -mfloat-abi=hard -I../../standalone_bsp_0/ps7_cortexa9_0/include -MMD -MP -MF"src/menu_controller.d" -MT"src/menu_controller.o" -o "src/menu_controller.o" "../src/menu_controller.c"
../src/menu_controller.c:11:6: error: variable 'config_memoryTestMode' has initializer but incomplete type
 enum MemTestModes config_memoryTestMode = MTESTMODE_ZEROES;
      ^~~~~~~~~~~~
../src/menu_controller.c:11:43: error: 'MTESTMODE_ZEROES' undeclared here (not in a function)
 enum MemTestModes config_memoryTestMode = MTESTMODE_ZEROES;
                                           ^~~~~~~~~~~~~~~~
../src/menu_controller.c: In function 'menu_awaitInput':
../src/menu_controller.c:45:5: error: 'config_memoryTestMode' has an incomplete type 'enum MemTestModes'
     config_memoryTestMode = (config_memoryTestMode+1)%MENU_MEMTEST_MODE_POSSIBLITIES;
     ^~~~~~~~~~~~~~~~~~~~~
../src/menu_controller.c:45:27: error: 'config_memoryTestMode' has an incomplete type 'enum MemTestModes'
     config_memoryTestMode = (config_memoryTestMode+1)%MENU_MEMTEST_MODE_POSSIBLITIES;
                           ^
../src/menu_controller.c:49:30: error: 'config_memoryTestMode' has an incomplete type 'enum MemTestModes'
       menu_getTestModeString(config_memoryTestMode)
                              ^~~~~~~~~~~~~~~~~~~~~
../src/menu_controller.c:81:67: error: 'config_memoryTestMode' has an incomplete type 'enum MemTestModes'
     memtest_performTest(MEMORY_TEST_SIZES[config_memoryTestSize], config_memoryTestMode, config_memoryTestReadCount);
                                                                   ^~~~~~~~~~~~~~~~~~~~~
../src/menu_controller.c: At top level:
../src/menu_controller.c:105:48: error: parameter 1 ('mode') has incomplete type
 char* menu_getTestModeString(enum MemTestModes mode)
                              ~~~~~~~~~~~~~~~~~~^~~~
../src/menu_controller.c: In function 'menu_getTestModeString':
../src/menu_controller.c:109:8: error: 'MTESTMODE_DEADBEEF' undeclared (first use in this function)
   case MTESTMODE_DEADBEEF:
        ^~~~~~~~~~~~~~~~~~
../src/menu_controller.c:109:8: note: each undeclared identifier is reported only once for each function it appears in
../src/menu_controller.c:112:8: error: 'MTESTMODE_WALKINGONE' undeclared (first use in this function)
   case MTESTMODE_WALKINGONE:
        ^~~~~~~~~~~~~~~~~~~~
../src/menu_controller.c: At top level:
../src/menu_controller.c:11:19: error: storage size of 'config_memoryTestMode' isn't known
 enum MemTestModes config_memoryTestMode = MTESTMODE_ZEROES;
                   ^~~~~~~~~~~~~~~~~~~~~
../src/menu_controller.c: In function 'menu_getTestModeString':
../src/menu_controller.c:118:1: warning: control reaches end of non-void function [-Wreturn-type]
 }
 ^
make: *** [src/subdir.mk:35: src/menu_controller.o] Error 1
18:42:41 **** Auto Build of configuration Debug for project hello ****
make pre-build main-build 
a9-linaro-pre-build-step
' '
'Building file: ../src/memtest_controller.c'
'Invoking: ARM v7 gcc compiler'
arm-none-eabi-gcc -Wall -O0 -g3 -c -fmessage-length=0 -MT"src/memtest_controller.o" -mcpu=cortex-a9 -mfpu=vfpv3 -mfloat-abi=hard -I../../standalone_bsp_0/ps7_cortexa9_0/include -MMD -MP -MF"src/memtest_controller.d" -MT"src/memtest_controller.o" -o "src/memtest_controller.o" "../src/memtest_controller.c"
../src/memtest_controller.c: In function 'memtest_performQuickTest':
../src/memtest_controller.c:69:35: warning: implicit declaration of function 'getNextPattern'; did you mean 'getNextQuickPattern'? [-Wimplicit-function-declaration]
    unsigned int expectedPattern = getNextPattern(counter, mode);
                                   ^~~~~~~~~~~~~~
                                   getNextQuickPattern
'Finished building: ../src/memtest_controller.c'
' '
'Building file: ../src/menu_controller.c'
'Invoking: ARM v7 gcc compiler'
arm-none-eabi-gcc -Wall -O0 -g3 -c -fmessage-length=0 -MT"src/menu_controller.o" -mcpu=cortex-a9 -mfpu=vfpv3 -mfloat-abi=hard -I../../standalone_bsp_0/ps7_cortexa9_0/include -MMD -MP -MF"src/menu_controller.d" -MT"src/menu_controller.o" -o "src/menu_controller.o" "../src/menu_controller.c"
../src/menu_controller.c:11:6: error: variable 'config_memoryTestMode' has initializer but incomplete type
 enum MemTestModes config_memoryTestMode = MTESTMODE_ZEROES;
      ^~~~~~~~~~~~
../src/menu_controller.c:11:43: error: 'MTESTMODE_ZEROES' undeclared here (not in a function)
 enum MemTestModes config_memoryTestMode = MTESTMODE_ZEROES;
                                           ^~~~~~~~~~~~~~~~
../src/menu_controller.c: In function 'menu_awaitInput':
../src/menu_controller.c:45:5: error: 'config_memoryTestMode' has an incomplete type 'enum MemTestModes'
     config_memoryTestMode = (config_memoryTestMode+1)%MENU_MEMTEST_MODE_POSSIBLITIES;
     ^~~~~~~~~~~~~~~~~~~~~
../src/menu_controller.c:45:27: error: 'config_memoryTestMode' has an incomplete type 'enum MemTestModes'
     config_memoryTestMode = (config_memoryTestMode+1)%MENU_MEMTEST_MODE_POSSIBLITIES;
                           ^
../src/menu_controller.c:49:30: error: 'config_memoryTestMode' has an incomplete type 'enum MemTestModes'
       menu_getTestModeString(config_memoryTestMode)
                              ^~~~~~~~~~~~~~~~~~~~~
../src/menu_controller.c:81:67: error: 'config_memoryTestMode' has an incomplete type 'enum MemTestModes'
     memtest_performTest(MEMORY_TEST_SIZES[config_memoryTestSize], config_memoryTestMode, config_memoryTestReadCount);
                                                                   ^~~~~~~~~~~~~~~~~~~~~
../src/menu_controller.c: At top level:
../src/menu_controller.c:105:48: error: parameter 1 ('mode') has incomplete type
 char* menu_getTestModeString(enum MemTestModes mode)
                              ~~~~~~~~~~~~~~~~~~^~~~
../src/menu_controller.c: In function 'menu_getTestModeString':
../src/menu_controller.c:109:8: error: 'MTESTMODE_DEADBEEF' undeclared (first use in this function)
   case MTESTMODE_DEADBEEF:
        ^~~~~~~~~~~~~~~~~~
../src/menu_controller.c:109:8: note: each undeclared identifier is reported only once for each function it appears in
../src/menu_controller.c:112:8: error: 'MTESTMODE_WALKINGONE' undeclared (first use in this function)
   case MTESTMODE_WALKINGONE:
        ^~~~~~~~~~~~~~~~~~~~
../src/menu_controller.c: At top level:
../src/menu_controller.c:11:19: error: storage size of 'config_memoryTestMode' isn't known
 enum MemTestModes config_memoryTestMode = MTESTMODE_ZEROES;
                   ^~~~~~~~~~~~~~~~~~~~~
../src/menu_controller.c: In function 'menu_getTestModeString':
../src/menu_controller.c:118:1: warning: control reaches end of non-void function [-Wreturn-type]
 }
 ^
make: *** [src/subdir.mk:35: src/menu_controller.o] Error 1
18:42:47 **** Auto Build of configuration Debug for project hello ****
make pre-build main-build 
a9-linaro-pre-build-step
' '
'Building file: ../src/memtest_controller.c'
'Invoking: ARM v7 gcc compiler'
arm-none-eabi-gcc -Wall -O0 -g3 -c -fmessage-length=0 -MT"src/memtest_controller.o" -mcpu=cortex-a9 -mfpu=vfpv3 -mfloat-abi=hard -I../../standalone_bsp_0/ps7_cortexa9_0/include -MMD -MP -MF"src/memtest_controller.d" -MT"src/memtest_controller.o" -o "src/memtest_controller.o" "../src/memtest_controller.c"
'Finished building: ../src/memtest_controller.c'
' '
'Building file: ../src/menu_controller.c'
'Invoking: ARM v7 gcc compiler'
arm-none-eabi-gcc -Wall -O0 -g3 -c -fmessage-length=0 -MT"src/menu_controller.o" -mcpu=cortex-a9 -mfpu=vfpv3 -mfloat-abi=hard -I../../standalone_bsp_0/ps7_cortexa9_0/include -MMD -MP -MF"src/menu_controller.d" -MT"src/menu_controller.o" -o "src/menu_controller.o" "../src/menu_controller.c"
../src/menu_controller.c:11:6: error: variable 'config_memoryTestMode' has initializer but incomplete type
 enum MemTestModes config_memoryTestMode = MTESTMODE_ZEROES;
      ^~~~~~~~~~~~
../src/menu_controller.c:11:43: error: 'MTESTMODE_ZEROES' undeclared here (not in a function)
 enum MemTestModes config_memoryTestMode = MTESTMODE_ZEROES;
                                           ^~~~~~~~~~~~~~~~
../src/menu_controller.c: In function 'menu_awaitInput':
../src/menu_controller.c:45:5: error: 'config_memoryTestMode' has an incomplete type 'enum MemTestModes'
     config_memoryTestMode = (config_memoryTestMode+1)%MENU_MEMTEST_MODE_POSSIBLITIES;
     ^~~~~~~~~~~~~~~~~~~~~
../src/menu_controller.c:45:27: error: 'config_memoryTestMode' has an incomplete type 'enum MemTestModes'
     config_memoryTestMode = (config_memoryTestMode+1)%MENU_MEMTEST_MODE_POSSIBLITIES;
                           ^
../src/menu_controller.c:49:30: error: 'config_memoryTestMode' has an incomplete type 'enum MemTestModes'
       menu_getTestModeString(config_memoryTestMode)
                              ^~~~~~~~~~~~~~~~~~~~~
../src/menu_controller.c:81:67: error: 'config_memoryTestMode' has an incomplete type 'enum MemTestModes'
     memtest_performTest(MEMORY_TEST_SIZES[config_memoryTestSize], config_memoryTestMode, config_memoryTestReadCount);
                                                                   ^~~~~~~~~~~~~~~~~~~~~
../src/menu_controller.c: At top level:
../src/menu_controller.c:105:48: error: parameter 1 ('mode') has incomplete type
 char* menu_getTestModeString(enum MemTestModes mode)
                              ~~~~~~~~~~~~~~~~~~^~~~
../src/menu_controller.c: In function 'menu_getTestModeString':
../src/menu_controller.c:109:8: error: 'MTESTMODE_DEADBEEF' undeclared (first use in this function)
   case MTESTMODE_DEADBEEF:
        ^~~~~~~~~~~~~~~~~~
../src/menu_controller.c:109:8: note: each undeclared identifier is reported only once for each function it appears in
../src/menu_controller.c:112:8: error: 'MTESTMODE_WALKINGONE' undeclared (first use in this function)
   case MTESTMODE_WALKINGONE:
        ^~~~~~~~~~~~~~~~~~~~
../src/menu_controller.c: At top level:
../src/menu_controller.c:11:19: error: storage size of 'config_memoryTestMode' isn't known
 enum MemTestModes config_memoryTestMode = MTESTMODE_ZEROES;
                   ^~~~~~~~~~~~~~~~~~~~~
../src/menu_controller.c: In function 'menu_getTestModeString':
../src/menu_controller.c:118:1: warning: control reaches end of non-void function [-Wreturn-type]
 }
 ^
make: *** [src/subdir.mk:35: src/menu_controller.o] Error 1
18:43:07 **** Auto Build of configuration Debug for project hello ****
make pre-build main-build 
a9-linaro-pre-build-step
' '
'Building file: ../src/main.c'
'Invoking: ARM v7 gcc compiler'
arm-none-eabi-gcc -Wall -O0 -g3 -c -fmessage-length=0 -MT"src/main.o" -mcpu=cortex-a9 -mfpu=vfpv3 -mfloat-abi=hard -I../../standalone_bsp_0/ps7_cortexa9_0/include -MMD -MP -MF"src/main.d" -MT"src/main.o" -o "src/main.o" "../src/main.c"
'Finished building: ../src/main.c'
' '
'Building file: ../src/memtest_controller.c'
'Invoking: ARM v7 gcc compiler'
arm-none-eabi-gcc -Wall -O0 -g3 -c -fmessage-length=0 -MT"src/memtest_controller.o" -mcpu=cortex-a9 -mfpu=vfpv3 -mfloat-abi=hard -I../../standalone_bsp_0/ps7_cortexa9_0/include -MMD -MP -MF"src/memtest_controller.d" -MT"src/memtest_controller.o" -o "src/memtest_controller.o" "../src/memtest_controller.c"
'Finished building: ../src/memtest_controller.c'
' '
'Building file: ../src/menu_controller.c'
'Invoking: ARM v7 gcc compiler'
arm-none-eabi-gcc -Wall -O0 -g3 -c -fmessage-length=0 -MT"src/menu_controller.o" -mcpu=cortex-a9 -mfpu=vfpv3 -mfloat-abi=hard -I../../standalone_bsp_0/ps7_cortexa9_0/include -MMD -MP -MF"src/menu_controller.d" -MT"src/menu_controller.o" -o "src/menu_controller.o" "../src/menu_controller.c"
../src/menu_controller.c:11:6: error: variable 'config_memoryTestMode' has initializer but incomplete type
 enum MemTestModes config_memoryTestMode = MTESTMODE_ZEROES;
      ^~~~~~~~~~~~
../src/menu_controller.c:11:43: error: 'MTESTMODE_ZEROES' undeclared here (not in a function)
 enum MemTestModes config_memoryTestMode = MTESTMODE_ZEROES;
                                           ^~~~~~~~~~~~~~~~
../src/menu_controller.c: In function 'menu_awaitInput':
../src/menu_controller.c:45:5: error: 'config_memoryTestMode' has an incomplete type 'enum MemTestModes'
     config_memoryTestMode = (config_memoryTestMode+1)%MENU_MEMTEST_MODE_POSSIBLITIES;
     ^~~~~~~~~~~~~~~~~~~~~
../src/menu_controller.c:45:27: error: 'config_memoryTestMode' has an incomplete type 'enum MemTestModes'
     config_memoryTestMode = (config_memoryTestMode+1)%MENU_MEMTEST_MODE_POSSIBLITIES;
                           ^
../src/menu_controller.c:49:30: error: 'config_memoryTestMode' has an incomplete type 'enum MemTestModes'
       menu_getTestModeString(config_memoryTestMode)
                              ^~~~~~~~~~~~~~~~~~~~~
../src/menu_controller.c:81:5: warning: implicit declaration of function 'memtest_performTest'; did you mean 'memtest_performQuickTest'? [-Wimplicit-function-declaration]
     memtest_performTest(MEMORY_TEST_SIZES[config_memoryTestSize], config_memoryTestMode, config_memoryTestReadCount);
     ^~~~~~~~~~~~~~~~~~~
     memtest_performQuickTest
../src/menu_controller.c:81:67: error: 'config_memoryTestMode' has an incomplete type 'enum MemTestModes'
     memtest_performTest(MEMORY_TEST_SIZES[config_memoryTestSize], config_memoryTestMode, config_memoryTestReadCount);
                                                                   ^~~~~~~~~~~~~~~~~~~~~
../src/menu_controller.c: At top level:
../src/menu_controller.c:105:48: error: parameter 1 ('mode') has incomplete type
 char* menu_getTestModeString(enum MemTestModes mode)
                              ~~~~~~~~~~~~~~~~~~^~~~
../src/menu_controller.c: In function 'menu_getTestModeString':
../src/menu_controller.c:109:8: error: 'MTESTMODE_DEADBEEF' undeclared (first use in this function)
   case MTESTMODE_DEADBEEF:
        ^~~~~~~~~~~~~~~~~~
../src/menu_controller.c:109:8: note: each undeclared identifier is reported only once for each function it appears in
../src/menu_controller.c:112:8: error: 'MTESTMODE_WALKINGONE' undeclared (first use in this function)
   case MTESTMODE_WALKINGONE:
        ^~~~~~~~~~~~~~~~~~~~
../src/menu_controller.c: At top level:
../src/menu_controller.c:11:19: error: storage size of 'config_memoryTestMode' isn't known
 enum MemTestModes config_memoryTestMode = MTESTMODE_ZEROES;
                   ^~~~~~~~~~~~~~~~~~~~~
../src/menu_controller.c: In function 'menu_getTestModeString':
../src/menu_controller.c:118:1: warning: control reaches end of non-void function [-Wreturn-type]
 }
 ^
make: *** [src/subdir.mk:35: src/menu_controller.o] Error 1
18:43:10 **** Auto Build of configuration Debug for project hello ****
make pre-build main-build 
a9-linaro-pre-build-step
' '
'Building file: ../src/main.c'
'Invoking: ARM v7 gcc compiler'
arm-none-eabi-gcc -Wall -O0 -g3 -c -fmessage-length=0 -MT"src/main.o" -mcpu=cortex-a9 -mfpu=vfpv3 -mfloat-abi=hard -I../../standalone_bsp_0/ps7_cortexa9_0/include -MMD -MP -MF"src/main.d" -MT"src/main.o" -o "src/main.o" "../src/main.c"
'Finished building: ../src/main.c'
' '
'Building file: ../src/memtest_controller.c'
'Invoking: ARM v7 gcc compiler'
arm-none-eabi-gcc -Wall -O0 -g3 -c -fmessage-length=0 -MT"src/memtest_controller.o" -mcpu=cortex-a9 -mfpu=vfpv3 -mfloat-abi=hard -I../../standalone_bsp_0/ps7_cortexa9_0/include -MMD -MP -MF"src/memtest_controller.d" -MT"src/memtest_controller.o" -o "src/memtest_controller.o" "../src/memtest_controller.c"
'Finished building: ../src/memtest_controller.c'
' '
'Building file: ../src/menu_controller.c'
'Invoking: ARM v7 gcc compiler'
arm-none-eabi-gcc -Wall -O0 -g3 -c -fmessage-length=0 -MT"src/menu_controller.o" -mcpu=cortex-a9 -mfpu=vfpv3 -mfloat-abi=hard -I../../standalone_bsp_0/ps7_cortexa9_0/include -MMD -MP -MF"src/menu_controller.d" -MT"src/menu_controller.o" -o "src/menu_controller.o" "../src/menu_controller.c"
../src/menu_controller.c:11:6: error: variable 'config_memoryTestMode' has initializer but incomplete type
 enum MemTestModes config_memoryTestMode = MTESTMODE_ZEROES;
      ^~~~~~~~~~~~
../src/menu_controller.c:11:43: error: 'MTESTMODE_ZEROES' undeclared here (not in a function)
 enum MemTestModes config_memoryTestMode = MTESTMODE_ZEROES;
                                           ^~~~~~~~~~~~~~~~
../src/menu_controller.c: In function 'menu_awaitInput':
../src/menu_controller.c:45:5: error: 'config_memoryTestMode' has an incomplete type 'enum MemTestModes'
     config_memoryTestMode = (config_memoryTestMode+1)%MENU_MEMTEST_MODE_POSSIBLITIES;
     ^~~~~~~~~~~~~~~~~~~~~
../src/menu_controller.c:45:27: error: 'config_memoryTestMode' has an incomplete type 'enum MemTestModes'
     config_memoryTestMode = (config_memoryTestMode+1)%MENU_MEMTEST_MODE_POSSIBLITIES;
                           ^
../src/menu_controller.c:49:30: error: 'config_memoryTestMode' has an incomplete type 'enum MemTestModes'
       menu_getTestModeString(config_memoryTestMode)
                              ^~~~~~~~~~~~~~~~~~~~~
../src/menu_controller.c:81:5: warning: implicit declaration of function 'memtest_performTest'; did you mean 'memtest_performQuickTest'? [-Wimplicit-function-declaration]
     memtest_performTest(MEMORY_TEST_SIZES[config_memoryTestSize], config_memoryTestMode, config_memoryTestReadCount);
     ^~~~~~~~~~~~~~~~~~~
     memtest_performQuickTest
../src/menu_controller.c:81:67: error: 'config_memoryTestMode' has an incomplete type 'enum MemTestModes'
     memtest_performTest(MEMORY_TEST_SIZES[config_memoryTestSize], config_memoryTestMode, config_memoryTestReadCount);
                                                                   ^~~~~~~~~~~~~~~~~~~~~
../src/menu_controller.c: At top level:
../src/menu_controller.c:105:48: error: parameter 1 ('mode') has incomplete type
 char* menu_getTestModeString(enum MemTestModes mode)
                              ~~~~~~~~~~~~~~~~~~^~~~
../src/menu_controller.c: In function 'menu_getTestModeString':
../src/menu_controller.c:109:8: error: 'MTESTMODE_DEADBEEF' undeclared (first use in this function)
   case MTESTMODE_DEADBEEF:
        ^~~~~~~~~~~~~~~~~~
../src/menu_controller.c:109:8: note: each undeclared identifier is reported only once for each function it appears in
../src/menu_controller.c:112:8: error: 'MTESTMODE_WALKINGONE' undeclared (first use in this function)
   case MTESTMODE_WALKINGONE:
        ^~~~~~~~~~~~~~~~~~~~
../src/menu_controller.c: At top level:
../src/menu_controller.c:11:19: error: storage size of 'config_memoryTestMode' isn't known
 enum MemTestModes config_memoryTestMode = MTESTMODE_ZEROES;
                   ^~~~~~~~~~~~~~~~~~~~~
../src/menu_controller.c: In function 'menu_getTestModeString':
../src/menu_controller.c:118:1: warning: control reaches end of non-void function [-Wreturn-type]
 }
 ^
make: *** [src/subdir.mk:35: src/menu_controller.o] Error 1
18:44:58 **** Auto Build of configuration Debug for project hello ****
make pre-build main-build 
a9-linaro-pre-build-step
' '
'Building file: ../src/memtest_controller.c'
'Invoking: ARM v7 gcc compiler'
arm-none-eabi-gcc -Wall -O0 -g3 -c -fmessage-length=0 -MT"src/memtest_controller.o" -mcpu=cortex-a9 -mfpu=vfpv3 -mfloat-abi=hard -I../../standalone_bsp_0/ps7_cortexa9_0/include -MMD -MP -MF"src/memtest_controller.d" -MT"src/memtest_controller.o" -o "src/memtest_controller.o" "../src/memtest_controller.c"
../src/memtest_controller.c: In function 'memtest_performDetailTest':
../src/memtest_controller.c:91:16: warning: unused variable 'currentConcurrentTestIndex' [-Wunused-variable]
  unsigned char currentConcurrentTestIndex = 0;
                ^~~~~~~~~~~~~~~~~~~~~~~~~~
../src/memtest_controller.c:90:16: warning: unused variable 'concurrentTestCount' [-Wunused-variable]
  unsigned char concurrentTestCount = 1;
                ^~~~~~~~~~~~~~~~~~~
'Finished building: ../src/memtest_controller.c'
' '
'Building file: ../src/menu_controller.c'
'Invoking: ARM v7 gcc compiler'
arm-none-eabi-gcc -Wall -O0 -g3 -c -fmessage-length=0 -MT"src/menu_controller.o" -mcpu=cortex-a9 -mfpu=vfpv3 -mfloat-abi=hard -I../../standalone_bsp_0/ps7_cortexa9_0/include -MMD -MP -MF"src/menu_controller.d" -MT"src/menu_controller.o" -o "src/menu_controller.o" "../src/menu_controller.c"
../src/menu_controller.c:11:6: error: variable 'config_memoryTestMode' has initializer but incomplete type
 enum MemTestModes config_memoryTestMode = MTESTMODE_ZEROES;
      ^~~~~~~~~~~~
../src/menu_controller.c:11:43: error: 'MTESTMODE_ZEROES' undeclared here (not in a function)
 enum MemTestModes config_memoryTestMode = MTESTMODE_ZEROES;
                                           ^~~~~~~~~~~~~~~~
../src/menu_controller.c: In function 'menu_awaitInput':
../src/menu_controller.c:45:5: error: 'config_memoryTestMode' has an incomplete type 'enum MemTestModes'
     config_memoryTestMode = (config_memoryTestMode+1)%MENU_MEMTEST_MODE_POSSIBLITIES;
     ^~~~~~~~~~~~~~~~~~~~~
../src/menu_controller.c:45:27: error: 'config_memoryTestMode' has an incomplete type 'enum MemTestModes'
     config_memoryTestMode = (config_memoryTestMode+1)%MENU_MEMTEST_MODE_POSSIBLITIES;
                           ^
../src/menu_controller.c:49:30: error: 'config_memoryTestMode' has an incomplete type 'enum MemTestModes'
       menu_getTestModeString(config_memoryTestMode)
                              ^~~~~~~~~~~~~~~~~~~~~
../src/menu_controller.c:81:5: warning: implicit declaration of function 'memtest_performTest'; did you mean 'memtest_performQuickTest'? [-Wimplicit-function-declaration]
     memtest_performTest(MEMORY_TEST_SIZES[config_memoryTestSize], config_memoryTestMode, config_memoryTestReadCount);
     ^~~~~~~~~~~~~~~~~~~
     memtest_performQuickTest
../src/menu_controller.c:81:67: error: 'config_memoryTestMode' has an incomplete type 'enum MemTestModes'
     memtest_performTest(MEMORY_TEST_SIZES[config_memoryTestSize], config_memoryTestMode, config_memoryTestReadCount);
                                                                   ^~~~~~~~~~~~~~~~~~~~~
../src/menu_controller.c: At top level:
../src/menu_controller.c:105:48: error: parameter 1 ('mode') has incomplete type
 char* menu_getTestModeString(enum MemTestModes mode)
                              ~~~~~~~~~~~~~~~~~~^~~~
../src/menu_controller.c: In function 'menu_getTestModeString':
../src/menu_controller.c:109:8: error: 'MTESTMODE_DEADBEEF' undeclared (first use in this function)
   case MTESTMODE_DEADBEEF:
        ^~~~~~~~~~~~~~~~~~
../src/menu_controller.c:109:8: note: each undeclared identifier is reported only once for each function it appears in
../src/menu_controller.c:112:8: error: 'MTESTMODE_WALKINGONE' undeclared (first use in this function)
   case MTESTMODE_WALKINGONE:
        ^~~~~~~~~~~~~~~~~~~~
../src/menu_controller.c: At top level:
../src/menu_controller.c:11:19: error: storage size of 'config_memoryTestMode' isn't known
 enum MemTestModes config_memoryTestMode = MTESTMODE_ZEROES;
                   ^~~~~~~~~~~~~~~~~~~~~
../src/menu_controller.c: In function 'menu_getTestModeString':
../src/menu_controller.c:118:1: warning: control reaches end of non-void function [-Wreturn-type]
 }
 ^
make: *** [src/subdir.mk:35: src/menu_controller.o] Error 1
18:45:15 **** Auto Build of configuration Debug for project hello ****
make pre-build main-build 
a9-linaro-pre-build-step
' '
'Building file: ../src/memtest_controller.c'
'Invoking: ARM v7 gcc compiler'
arm-none-eabi-gcc -Wall -O0 -g3 -c -fmessage-length=0 -MT"src/memtest_controller.o" -mcpu=cortex-a9 -mfpu=vfpv3 -mfloat-abi=hard -I../../standalone_bsp_0/ps7_cortexa9_0/include -MMD -MP -MF"src/memtest_controller.d" -MT"src/memtest_controller.o" -o "src/memtest_controller.o" "../src/memtest_controller.c"
../src/memtest_controller.c: In function 'memtest_performDetailTest':
../src/memtest_controller.c:95:26: error: too few arguments to function 'getNextDetailPattern'
   unsigned int pattern = getNextDetailPattern(counter, mode);
                          ^~~~~~~~~~~~~~~~~~~~
In file included from ../src/memtest_controller.c:7:
../src/memtest_controller.h:40:14: note: declared here
 unsigned int getNextDetailPattern(unsigned int memoryPoint, unsigned char concurrentTest, enum QuickTestPatterns mode);
              ^~~~~~~~~~~~~~~~~~~~
../src/memtest_controller.c:91:16: warning: unused variable 'currentConcurrentTestIndex' [-Wunused-variable]
  unsigned char currentConcurrentTestIndex = 0;
                ^~~~~~~~~~~~~~~~~~~~~~~~~~
../src/memtest_controller.c:90:16: warning: unused variable 'concurrentTestCount' [-Wunused-variable]
  unsigned char concurrentTestCount = 1;
                ^~~~~~~~~~~~~~~~~~~
make: *** [src/subdir.mk:35: src/memtest_controller.o] Error 1
18:45:33 **** Auto Build of configuration Debug for project hello ****
make pre-build main-build 
a9-linaro-pre-build-step
' '
'Building file: ../src/memtest_controller.c'
'Invoking: ARM v7 gcc compiler'
arm-none-eabi-gcc -Wall -O0 -g3 -c -fmessage-length=0 -MT"src/memtest_controller.o" -mcpu=cortex-a9 -mfpu=vfpv3 -mfloat-abi=hard -I../../standalone_bsp_0/ps7_cortexa9_0/include -MMD -MP -MF"src/memtest_controller.d" -MT"src/memtest_controller.o" -o "src/memtest_controller.o" "../src/memtest_controller.c"
../src/memtest_controller.c: In function 'memtest_performDetailTest':
../src/memtest_controller.c:90:16: warning: unused variable 'concurrentTestCount' [-Wunused-variable]
  unsigned char concurrentTestCount = 1;
                ^~~~~~~~~~~~~~~~~~~
'Finished building: ../src/memtest_controller.c'
' '
'Building file: ../src/menu_controller.c'
'Invoking: ARM v7 gcc compiler'
arm-none-eabi-gcc -Wall -O0 -g3 -c -fmessage-length=0 -MT"src/menu_controller.o" -mcpu=cortex-a9 -mfpu=vfpv3 -mfloat-abi=hard -I../../standalone_bsp_0/ps7_cortexa9_0/include -MMD -MP -MF"src/menu_controller.d" -MT"src/menu_controller.o" -o "src/menu_controller.o" "../src/menu_controller.c"
../src/menu_controller.c:11:6: error: variable 'config_memoryTestMode' has initializer but incomplete type
 enum MemTestModes config_memoryTestMode = MTESTMODE_ZEROES;
      ^~~~~~~~~~~~
../src/menu_controller.c:11:43: error: 'MTESTMODE_ZEROES' undeclared here (not in a function)
 enum MemTestModes config_memoryTestMode = MTESTMODE_ZEROES;
                                           ^~~~~~~~~~~~~~~~
../src/menu_controller.c: In function 'menu_awaitInput':
../src/menu_controller.c:45:5: error: 'config_memoryTestMode' has an incomplete type 'enum MemTestModes'
     config_memoryTestMode = (config_memoryTestMode+1)%MENU_MEMTEST_MODE_POSSIBLITIES;
     ^~~~~~~~~~~~~~~~~~~~~
../src/menu_controller.c:45:27: error: 'config_memoryTestMode' has an incomplete type 'enum MemTestModes'
     config_memoryTestMode = (config_memoryTestMode+1)%MENU_MEMTEST_MODE_POSSIBLITIES;
                           ^
../src/menu_controller.c:49:30: error: 'config_memoryTestMode' has an incomplete type 'enum MemTestModes'
       menu_getTestModeString(config_memoryTestMode)
                              ^~~~~~~~~~~~~~~~~~~~~
../src/menu_controller.c:81:5: warning: implicit declaration of function 'memtest_performTest'; did you mean 'memtest_performQuickTest'? [-Wimplicit-function-declaration]
     memtest_performTest(MEMORY_TEST_SIZES[config_memoryTestSize], config_memoryTestMode, config_memoryTestReadCount);
     ^~~~~~~~~~~~~~~~~~~
     memtest_performQuickTest
../src/menu_controller.c:81:67: error: 'config_memoryTestMode' has an incomplete type 'enum MemTestModes'
     memtest_performTest(MEMORY_TEST_SIZES[config_memoryTestSize], config_memoryTestMode, config_memoryTestReadCount);
                                                                   ^~~~~~~~~~~~~~~~~~~~~
../src/menu_controller.c: At top level:
../src/menu_controller.c:105:48: error: parameter 1 ('mode') has incomplete type
 char* menu_getTestModeString(enum MemTestModes mode)
                              ~~~~~~~~~~~~~~~~~~^~~~
../src/menu_controller.c: In function 'menu_getTestModeString':
../src/menu_controller.c:109:8: error: 'MTESTMODE_DEADBEEF' undeclared (first use in this function)
   case MTESTMODE_DEADBEEF:
        ^~~~~~~~~~~~~~~~~~
../src/menu_controller.c:109:8: note: each undeclared identifier is reported only once for each function it appears in
../src/menu_controller.c:112:8: error: 'MTESTMODE_WALKINGONE' undeclared (first use in this function)
   case MTESTMODE_WALKINGONE:
        ^~~~~~~~~~~~~~~~~~~~
../src/menu_controller.c: At top level:
../src/menu_controller.c:11:19: error: storage size of 'config_memoryTestMode' isn't known
 enum MemTestModes config_memoryTestMode = MTESTMODE_ZEROES;
                   ^~~~~~~~~~~~~~~~~~~~~
../src/menu_controller.c: In function 'menu_getTestModeString':
../src/menu_controller.c:118:1: warning: control reaches end of non-void function [-Wreturn-type]
 }
 ^
make: *** [src/subdir.mk:35: src/menu_controller.o] Error 1
18:46:15 **** Auto Build of configuration Debug for project hello ****
make pre-build main-build 
a9-linaro-pre-build-step
' '
'Building file: ../src/memtest_controller.c'
'Invoking: ARM v7 gcc compiler'
arm-none-eabi-gcc -Wall -O0 -g3 -c -fmessage-length=0 -MT"src/memtest_controller.o" -mcpu=cortex-a9 -mfpu=vfpv3 -mfloat-abi=hard -I../../standalone_bsp_0/ps7_cortexa9_0/include -MMD -MP -MF"src/memtest_controller.d" -MT"src/memtest_controller.o" -o "src/memtest_controller.o" "../src/memtest_controller.c"
../src/memtest_controller.c: In function 'memtest_performDetailTest':
../src/memtest_controller.c:90:16: warning: unused variable 'concurrentTestCount' [-Wunused-variable]
  unsigned char concurrentTestCount = 1;
                ^~~~~~~~~~~~~~~~~~~
'Finished building: ../src/memtest_controller.c'
' '
'Building file: ../src/menu_controller.c'
'Invoking: ARM v7 gcc compiler'
arm-none-eabi-gcc -Wall -O0 -g3 -c -fmessage-length=0 -MT"src/menu_controller.o" -mcpu=cortex-a9 -mfpu=vfpv3 -mfloat-abi=hard -I../../standalone_bsp_0/ps7_cortexa9_0/include -MMD -MP -MF"src/menu_controller.d" -MT"src/menu_controller.o" -o "src/menu_controller.o" "../src/menu_controller.c"
../src/menu_controller.c:11:6: error: variable 'config_memoryTestMode' has initializer but incomplete type
 enum MemTestModes config_memoryTestMode = MTESTMODE_ZEROES;
      ^~~~~~~~~~~~
../src/menu_controller.c:11:43: error: 'MTESTMODE_ZEROES' undeclared here (not in a function)
 enum MemTestModes config_memoryTestMode = MTESTMODE_ZEROES;
                                           ^~~~~~~~~~~~~~~~
../src/menu_controller.c: In function 'menu_awaitInput':
../src/menu_controller.c:45:5: error: 'config_memoryTestMode' has an incomplete type 'enum MemTestModes'
     config_memoryTestMode = (config_memoryTestMode+1)%MENU_MEMTEST_MODE_POSSIBLITIES;
     ^~~~~~~~~~~~~~~~~~~~~
../src/menu_controller.c:45:27: error: 'config_memoryTestMode' has an incomplete type 'enum MemTestModes'
     config_memoryTestMode = (config_memoryTestMode+1)%MENU_MEMTEST_MODE_POSSIBLITIES;
                           ^
../src/menu_controller.c:49:30: error: 'config_memoryTestMode' has an incomplete type 'enum MemTestModes'
       menu_getTestModeString(config_memoryTestMode)
                              ^~~~~~~~~~~~~~~~~~~~~
../src/menu_controller.c:81:5: warning: implicit declaration of function 'memtest_performTest'; did you mean 'memtest_performQuickTest'? [-Wimplicit-function-declaration]
     memtest_performTest(MEMORY_TEST_SIZES[config_memoryTestSize], config_memoryTestMode, config_memoryTestReadCount);
     ^~~~~~~~~~~~~~~~~~~
     memtest_performQuickTest
../src/menu_controller.c:81:67: error: 'config_memoryTestMode' has an incomplete type 'enum MemTestModes'
     memtest_performTest(MEMORY_TEST_SIZES[config_memoryTestSize], config_memoryTestMode, config_memoryTestReadCount);
                                                                   ^~~~~~~~~~~~~~~~~~~~~
../src/menu_controller.c: At top level:
../src/menu_controller.c:105:48: error: parameter 1 ('mode') has incomplete type
 char* menu_getTestModeString(enum MemTestModes mode)
                              ~~~~~~~~~~~~~~~~~~^~~~
../src/menu_controller.c: In function 'menu_getTestModeString':
../src/menu_controller.c:109:8: error: 'MTESTMODE_DEADBEEF' undeclared (first use in this function)
   case MTESTMODE_DEADBEEF:
        ^~~~~~~~~~~~~~~~~~
../src/menu_controller.c:109:8: note: each undeclared identifier is reported only once for each function it appears in
../src/menu_controller.c:112:8: error: 'MTESTMODE_WALKINGONE' undeclared (first use in this function)
   case MTESTMODE_WALKINGONE:
        ^~~~~~~~~~~~~~~~~~~~
../src/menu_controller.c: At top level:
../src/menu_controller.c:11:19: error: storage size of 'config_memoryTestMode' isn't known
 enum MemTestModes config_memoryTestMode = MTESTMODE_ZEROES;
                   ^~~~~~~~~~~~~~~~~~~~~
../src/menu_controller.c: In function 'menu_getTestModeString':
../src/menu_controller.c:118:1: warning: control reaches end of non-void function [-Wreturn-type]
 }
 ^
make: *** [src/subdir.mk:35: src/menu_controller.o] Error 1
18:47:15 **** Auto Build of configuration Debug for project hello ****
make pre-build main-build 
a9-linaro-pre-build-step
' '
'Building file: ../src/memtest_controller.c'
'Invoking: ARM v7 gcc compiler'
arm-none-eabi-gcc -Wall -O0 -g3 -c -fmessage-length=0 -MT"src/memtest_controller.o" -mcpu=cortex-a9 -mfpu=vfpv3 -mfloat-abi=hard -I../../standalone_bsp_0/ps7_cortexa9_0/include -MMD -MP -MF"src/memtest_controller.d" -MT"src/memtest_controller.o" -o "src/memtest_controller.o" "../src/memtest_controller.c"
'Finished building: ../src/memtest_controller.c'
' '
'Building file: ../src/menu_controller.c'
'Invoking: ARM v7 gcc compiler'
arm-none-eabi-gcc -Wall -O0 -g3 -c -fmessage-length=0 -MT"src/menu_controller.o" -mcpu=cortex-a9 -mfpu=vfpv3 -mfloat-abi=hard -I../../standalone_bsp_0/ps7_cortexa9_0/include -MMD -MP -MF"src/menu_controller.d" -MT"src/menu_controller.o" -o "src/menu_controller.o" "../src/menu_controller.c"
../src/menu_controller.c:11:6: error: variable 'config_memoryTestMode' has initializer but incomplete type
 enum MemTestModes config_memoryTestMode = MTESTMODE_ZEROES;
      ^~~~~~~~~~~~
../src/menu_controller.c:11:43: error: 'MTESTMODE_ZEROES' undeclared here (not in a function)
 enum MemTestModes config_memoryTestMode = MTESTMODE_ZEROES;
                                           ^~~~~~~~~~~~~~~~
../src/menu_controller.c: In function 'menu_awaitInput':
../src/menu_controller.c:45:5: error: 'config_memoryTestMode' has an incomplete type 'enum MemTestModes'
     config_memoryTestMode = (config_memoryTestMode+1)%MENU_MEMTEST_MODE_POSSIBLITIES;
     ^~~~~~~~~~~~~~~~~~~~~
../src/menu_controller.c:45:27: error: 'config_memoryTestMode' has an incomplete type 'enum MemTestModes'
     config_memoryTestMode = (config_memoryTestMode+1)%MENU_MEMTEST_MODE_POSSIBLITIES;
                           ^
../src/menu_controller.c:49:30: error: 'config_memoryTestMode' has an incomplete type 'enum MemTestModes'
       menu_getTestModeString(config_memoryTestMode)
                              ^~~~~~~~~~~~~~~~~~~~~
../src/menu_controller.c:81:5: warning: implicit declaration of function 'memtest_performTest'; did you mean 'memtest_performQuickTest'? [-Wimplicit-function-declaration]
     memtest_performTest(MEMORY_TEST_SIZES[config_memoryTestSize], config_memoryTestMode, config_memoryTestReadCount);
     ^~~~~~~~~~~~~~~~~~~
     memtest_performQuickTest
../src/menu_controller.c:81:67: error: 'config_memoryTestMode' has an incomplete type 'enum MemTestModes'
     memtest_performTest(MEMORY_TEST_SIZES[config_memoryTestSize], config_memoryTestMode, config_memoryTestReadCount);
                                                                   ^~~~~~~~~~~~~~~~~~~~~
../src/menu_controller.c: At top level:
../src/menu_controller.c:105:48: error: parameter 1 ('mode') has incomplete type
 char* menu_getTestModeString(enum MemTestModes mode)
                              ~~~~~~~~~~~~~~~~~~^~~~
../src/menu_controller.c: In function 'menu_getTestModeString':
../src/menu_controller.c:109:8: error: 'MTESTMODE_DEADBEEF' undeclared (first use in this function)
   case MTESTMODE_DEADBEEF:
        ^~~~~~~~~~~~~~~~~~
../src/menu_controller.c:109:8: note: each undeclared identifier is reported only once for each function it appears in
../src/menu_controller.c:112:8: error: 'MTESTMODE_WALKINGONE' undeclared (first use in this function)
   case MTESTMODE_WALKINGONE:
        ^~~~~~~~~~~~~~~~~~~~
../src/menu_controller.c: At top level:
../src/menu_controller.c:11:19: error: storage size of 'config_memoryTestMode' isn't known
 enum MemTestModes config_memoryTestMode = MTESTMODE_ZEROES;
                   ^~~~~~~~~~~~~~~~~~~~~
../src/menu_controller.c: In function 'menu_getTestModeString':
../src/menu_controller.c:118:1: warning: control reaches end of non-void function [-Wreturn-type]
 }
 ^
make: *** [src/subdir.mk:35: src/menu_controller.o] Error 1
18:48:05 **** Auto Build of configuration Debug for project hello ****
make pre-build main-build 
a9-linaro-pre-build-step
' '
'Building file: ../src/memtest_controller.c'
'Invoking: ARM v7 gcc compiler'
arm-none-eabi-gcc -Wall -O0 -g3 -c -fmessage-length=0 -MT"src/memtest_controller.o" -mcpu=cortex-a9 -mfpu=vfpv3 -mfloat-abi=hard -I../../standalone_bsp_0/ps7_cortexa9_0/include -MMD -MP -MF"src/memtest_controller.d" -MT"src/memtest_controller.o" -o "src/memtest_controller.o" "../src/memtest_controller.c"
'Finished building: ../src/memtest_controller.c'
' '
'Building file: ../src/menu_controller.c'
'Invoking: ARM v7 gcc compiler'
arm-none-eabi-gcc -Wall -O0 -g3 -c -fmessage-length=0 -MT"src/menu_controller.o" -mcpu=cortex-a9 -mfpu=vfpv3 -mfloat-abi=hard -I../../standalone_bsp_0/ps7_cortexa9_0/include -MMD -MP -MF"src/menu_controller.d" -MT"src/menu_controller.o" -o "src/menu_controller.o" "../src/menu_controller.c"
../src/menu_controller.c:11:6: error: variable 'config_memoryTestMode' has initializer but incomplete type
 enum MemTestModes config_memoryTestMode = MTESTMODE_ZEROES;
      ^~~~~~~~~~~~
../src/menu_controller.c:11:43: error: 'MTESTMODE_ZEROES' undeclared here (not in a function)
 enum MemTestModes config_memoryTestMode = MTESTMODE_ZEROES;
                                           ^~~~~~~~~~~~~~~~
../src/menu_controller.c: In function 'menu_awaitInput':
../src/menu_controller.c:45:5: error: 'config_memoryTestMode' has an incomplete type 'enum MemTestModes'
     config_memoryTestMode = (config_memoryTestMode+1)%MENU_MEMTEST_MODE_POSSIBLITIES;
     ^~~~~~~~~~~~~~~~~~~~~
../src/menu_controller.c:45:27: error: 'config_memoryTestMode' has an incomplete type 'enum MemTestModes'
     config_memoryTestMode = (config_memoryTestMode+1)%MENU_MEMTEST_MODE_POSSIBLITIES;
                           ^
../src/menu_controller.c:49:30: error: 'config_memoryTestMode' has an incomplete type 'enum MemTestModes'
       menu_getTestModeString(config_memoryTestMode)
                              ^~~~~~~~~~~~~~~~~~~~~
../src/menu_controller.c:81:5: warning: implicit declaration of function 'memtest_performTest'; did you mean 'memtest_performQuickTest'? [-Wimplicit-function-declaration]
     memtest_performTest(MEMORY_TEST_SIZES[config_memoryTestSize], config_memoryTestMode, config_memoryTestReadCount);
     ^~~~~~~~~~~~~~~~~~~
     memtest_performQuickTest
../src/menu_controller.c:81:67: error: 'config_memoryTestMode' has an incomplete type 'enum MemTestModes'
     memtest_performTest(MEMORY_TEST_SIZES[config_memoryTestSize], config_memoryTestMode, config_memoryTestReadCount);
                                                                   ^~~~~~~~~~~~~~~~~~~~~
../src/menu_controller.c: At top level:
../src/menu_controller.c:105:48: error: parameter 1 ('mode') has incomplete type
 char* menu_getTestModeString(enum MemTestModes mode)
                              ~~~~~~~~~~~~~~~~~~^~~~
../src/menu_controller.c: In function 'menu_getTestModeString':
../src/menu_controller.c:109:8: error: 'MTESTMODE_DEADBEEF' undeclared (first use in this function)
   case MTESTMODE_DEADBEEF:
        ^~~~~~~~~~~~~~~~~~
../src/menu_controller.c:109:8: note: each undeclared identifier is reported only once for each function it appears in
../src/menu_controller.c:112:8: error: 'MTESTMODE_WALKINGONE' undeclared (first use in this function)
   case MTESTMODE_WALKINGONE:
        ^~~~~~~~~~~~~~~~~~~~
../src/menu_controller.c: At top level:
../src/menu_controller.c:11:19: error: storage size of 'config_memoryTestMode' isn't known
 enum MemTestModes config_memoryTestMode = MTESTMODE_ZEROES;
                   ^~~~~~~~~~~~~~~~~~~~~
../src/menu_controller.c: In function 'menu_getTestModeString':
../src/menu_controller.c:118:1: warning: control reaches end of non-void function [-Wreturn-type]
 }
 ^
make: *** [src/subdir.mk:35: src/menu_controller.o] Error 1
18:48:51 **** Auto Build of configuration Debug for project hello ****
make pre-build main-build 
a9-linaro-pre-build-step
' '
'Building file: ../src/memtest_controller.c'
'Invoking: ARM v7 gcc compiler'
arm-none-eabi-gcc -Wall -O0 -g3 -c -fmessage-length=0 -MT"src/memtest_controller.o" -mcpu=cortex-a9 -mfpu=vfpv3 -mfloat-abi=hard -I../../standalone_bsp_0/ps7_cortexa9_0/include -MMD -MP -MF"src/memtest_controller.d" -MT"src/memtest_controller.o" -o "src/memtest_controller.o" "../src/memtest_controller.c"
../src/memtest_controller.c: In function 'getNextDetailPattern':
../src/memtest_controller.c:62:19: error: 'counter' undeclared (first use in this function); did you mean 'toupper'?
    return 1UL << (counter%32);
                   ^~~~~~~
                   toupper
../src/memtest_controller.c:62:19: note: each undeclared identifier is reported only once for each function it appears in
../src/memtest_controller.c:72:1: warning: control reaches end of non-void function [-Wreturn-type]
 }
 ^
make: *** [src/subdir.mk:35: src/memtest_controller.o] Error 1
18:48:55 **** Auto Build of configuration Debug for project hello ****
make pre-build main-build 
a9-linaro-pre-build-step
' '
'Building file: ../src/memtest_controller.c'
'Invoking: ARM v7 gcc compiler'
arm-none-eabi-gcc -Wall -O0 -g3 -c -fmessage-length=0 -MT"src/memtest_controller.o" -mcpu=cortex-a9 -mfpu=vfpv3 -mfloat-abi=hard -I../../standalone_bsp_0/ps7_cortexa9_0/include -MMD -MP -MF"src/memtest_controller.d" -MT"src/memtest_controller.o" -o "src/memtest_controller.o" "../src/memtest_controller.c"
../src/memtest_controller.c: In function 'getNextDetailPattern':
../src/memtest_controller.c:62:19: error: 'counter' undeclared (first use in this function); did you mean 'toupper'?
    return 1UL << (counter%32);
                   ^~~~~~~
                   toupper
../src/memtest_controller.c:62:19: note: each undeclared identifier is reported only once for each function it appears in
../src/memtest_controller.c:71:1: warning: control reaches end of non-void function [-Wreturn-type]
 }
 ^
make: *** [src/subdir.mk:35: src/memtest_controller.o] Error 1
18:49:13 **** Auto Build of configuration Debug for project hello ****
make pre-build main-build 
a9-linaro-pre-build-step
' '
'Building file: ../src/memtest_controller.c'
'Invoking: ARM v7 gcc compiler'
arm-none-eabi-gcc -Wall -O0 -g3 -c -fmessage-length=0 -MT"src/memtest_controller.o" -mcpu=cortex-a9 -mfpu=vfpv3 -mfloat-abi=hard -I../../standalone_bsp_0/ps7_cortexa9_0/include -MMD -MP -MF"src/memtest_controller.d" -MT"src/memtest_controller.o" -o "src/memtest_controller.o" "../src/memtest_controller.c"
'Finished building: ../src/memtest_controller.c'
' '
'Building file: ../src/menu_controller.c'
'Invoking: ARM v7 gcc compiler'
arm-none-eabi-gcc -Wall -O0 -g3 -c -fmessage-length=0 -MT"src/menu_controller.o" -mcpu=cortex-a9 -mfpu=vfpv3 -mfloat-abi=hard -I../../standalone_bsp_0/ps7_cortexa9_0/include -MMD -MP -MF"src/menu_controller.d" -MT"src/menu_controller.o" -o "src/menu_controller.o" "../src/menu_controller.c"
../src/menu_controller.c:11:6: error: variable 'config_memoryTestMode' has initializer but incomplete type
 enum MemTestModes config_memoryTestMode = MTESTMODE_ZEROES;
      ^~~~~~~~~~~~
../src/menu_controller.c:11:43: error: 'MTESTMODE_ZEROES' undeclared here (not in a function)
 enum MemTestModes config_memoryTestMode = MTESTMODE_ZEROES;
                                           ^~~~~~~~~~~~~~~~
../src/menu_controller.c: In function 'menu_awaitInput':
../src/menu_controller.c:45:5: error: 'config_memoryTestMode' has an incomplete type 'enum MemTestModes'
     config_memoryTestMode = (config_memoryTestMode+1)%MENU_MEMTEST_MODE_POSSIBLITIES;
     ^~~~~~~~~~~~~~~~~~~~~
../src/menu_controller.c:45:27: error: 'config_memoryTestMode' has an incomplete type 'enum MemTestModes'
     config_memoryTestMode = (config_memoryTestMode+1)%MENU_MEMTEST_MODE_POSSIBLITIES;
                           ^
../src/menu_controller.c:49:30: error: 'config_memoryTestMode' has an incomplete type 'enum MemTestModes'
       menu_getTestModeString(config_memoryTestMode)
                              ^~~~~~~~~~~~~~~~~~~~~
../src/menu_controller.c:81:5: warning: implicit declaration of function 'memtest_performTest'; did you mean 'memtest_performQuickTest'? [-Wimplicit-function-declaration]
     memtest_performTest(MEMORY_TEST_SIZES[config_memoryTestSize], config_memoryTestMode, config_memoryTestReadCount);
     ^~~~~~~~~~~~~~~~~~~
     memtest_performQuickTest
../src/menu_controller.c:81:67: error: 'config_memoryTestMode' has an incomplete type 'enum MemTestModes'
     memtest_performTest(MEMORY_TEST_SIZES[config_memoryTestSize], config_memoryTestMode, config_memoryTestReadCount);
                                                                   ^~~~~~~~~~~~~~~~~~~~~
../src/menu_controller.c: At top level:
../src/menu_controller.c:105:48: error: parameter 1 ('mode') has incomplete type
 char* menu_getTestModeString(enum MemTestModes mode)
                              ~~~~~~~~~~~~~~~~~~^~~~
../src/menu_controller.c: In function 'menu_getTestModeString':
../src/menu_controller.c:109:8: error: 'MTESTMODE_DEADBEEF' undeclared (first use in this function)
   case MTESTMODE_DEADBEEF:
        ^~~~~~~~~~~~~~~~~~
../src/menu_controller.c:109:8: note: each undeclared identifier is reported only once for each function it appears in
../src/menu_controller.c:112:8: error: 'MTESTMODE_WALKINGONE' undeclared (first use in this function)
   case MTESTMODE_WALKINGONE:
        ^~~~~~~~~~~~~~~~~~~~
../src/menu_controller.c: At top level:
../src/menu_controller.c:11:19: error: storage size of 'config_memoryTestMode' isn't known
 enum MemTestModes config_memoryTestMode = MTESTMODE_ZEROES;
                   ^~~~~~~~~~~~~~~~~~~~~
../src/menu_controller.c: In function 'menu_getTestModeString':
../src/menu_controller.c:118:1: warning: control reaches end of non-void function [-Wreturn-type]
 }
 ^
make: *** [src/subdir.mk:35: src/menu_controller.o] Error 1
18:49:35 **** Auto Build of configuration Debug for project hello ****
make pre-build main-build 
a9-linaro-pre-build-step
' '
'Building file: ../src/memtest_controller.c'
'Invoking: ARM v7 gcc compiler'
arm-none-eabi-gcc -Wall -O0 -g3 -c -fmessage-length=0 -MT"src/memtest_controller.o" -mcpu=cortex-a9 -mfpu=vfpv3 -mfloat-abi=hard -I../../standalone_bsp_0/ps7_cortexa9_0/include -MMD -MP -MF"src/memtest_controller.d" -MT"src/memtest_controller.o" -o "src/memtest_controller.o" "../src/memtest_controller.c"
'Finished building: ../src/memtest_controller.c'
' '
'Building file: ../src/menu_controller.c'
'Invoking: ARM v7 gcc compiler'
arm-none-eabi-gcc -Wall -O0 -g3 -c -fmessage-length=0 -MT"src/menu_controller.o" -mcpu=cortex-a9 -mfpu=vfpv3 -mfloat-abi=hard -I../../standalone_bsp_0/ps7_cortexa9_0/include -MMD -MP -MF"src/menu_controller.d" -MT"src/menu_controller.o" -o "src/menu_controller.o" "../src/menu_controller.c"
../src/menu_controller.c:11:6: error: variable 'config_memoryTestMode' has initializer but incomplete type
 enum MemTestModes config_memoryTestMode = MTESTMODE_ZEROES;
      ^~~~~~~~~~~~
../src/menu_controller.c:11:43: error: 'MTESTMODE_ZEROES' undeclared here (not in a function)
 enum MemTestModes config_memoryTestMode = MTESTMODE_ZEROES;
                                           ^~~~~~~~~~~~~~~~
../src/menu_controller.c: In function 'menu_awaitInput':
../src/menu_controller.c:45:5: error: 'config_memoryTestMode' has an incomplete type 'enum MemTestModes'
     config_memoryTestMode = (config_memoryTestMode+1)%MENU_MEMTEST_MODE_POSSIBLITIES;
     ^~~~~~~~~~~~~~~~~~~~~
../src/menu_controller.c:45:27: error: 'config_memoryTestMode' has an incomplete type 'enum MemTestModes'
     config_memoryTestMode = (config_memoryTestMode+1)%MENU_MEMTEST_MODE_POSSIBLITIES;
                           ^
../src/menu_controller.c:49:30: error: 'config_memoryTestMode' has an incomplete type 'enum MemTestModes'
       menu_getTestModeString(config_memoryTestMode)
                              ^~~~~~~~~~~~~~~~~~~~~
../src/menu_controller.c:81:5: warning: implicit declaration of function 'memtest_performTest'; did you mean 'memtest_performQuickTest'? [-Wimplicit-function-declaration]
     memtest_performTest(MEMORY_TEST_SIZES[config_memoryTestSize], config_memoryTestMode, config_memoryTestReadCount);
     ^~~~~~~~~~~~~~~~~~~
     memtest_performQuickTest
../src/menu_controller.c:81:67: error: 'config_memoryTestMode' has an incomplete type 'enum MemTestModes'
     memtest_performTest(MEMORY_TEST_SIZES[config_memoryTestSize], config_memoryTestMode, config_memoryTestReadCount);
                                                                   ^~~~~~~~~~~~~~~~~~~~~
../src/menu_controller.c: At top level:
../src/menu_controller.c:105:48: error: parameter 1 ('mode') has incomplete type
 char* menu_getTestModeString(enum MemTestModes mode)
                              ~~~~~~~~~~~~~~~~~~^~~~
../src/menu_controller.c: In function 'menu_getTestModeString':
../src/menu_controller.c:109:8: error: 'MTESTMODE_DEADBEEF' undeclared (first use in this function)
   case MTESTMODE_DEADBEEF:
        ^~~~~~~~~~~~~~~~~~
../src/menu_controller.c:109:8: note: each undeclared identifier is reported only once for each function it appears in
../src/menu_controller.c:112:8: error: 'MTESTMODE_WALKINGONE' undeclared (first use in this function)
   case MTESTMODE_WALKINGONE:
        ^~~~~~~~~~~~~~~~~~~~
../src/menu_controller.c: At top level:
../src/menu_controller.c:11:19: error: storage size of 'config_memoryTestMode' isn't known
 enum MemTestModes config_memoryTestMode = MTESTMODE_ZEROES;
                   ^~~~~~~~~~~~~~~~~~~~~
../src/menu_controller.c: In function 'menu_getTestModeString':
../src/menu_controller.c:118:1: warning: control reaches end of non-void function [-Wreturn-type]
 }
 ^
make: *** [src/subdir.mk:35: src/menu_controller.o] Error 1
18:50:15 **** Auto Build of configuration Debug for project hello ****
make pre-build main-build 
a9-linaro-pre-build-step
' '
'Building file: ../src/memtest_controller.c'
'Invoking: ARM v7 gcc compiler'
arm-none-eabi-gcc -Wall -O0 -g3 -c -fmessage-length=0 -MT"src/memtest_controller.o" -mcpu=cortex-a9 -mfpu=vfpv3 -mfloat-abi=hard -I../../standalone_bsp_0/ps7_cortexa9_0/include -MMD -MP -MF"src/memtest_controller.d" -MT"src/memtest_controller.o" -o "src/memtest_controller.o" "../src/memtest_controller.c"
'Finished building: ../src/memtest_controller.c'
' '
'Building file: ../src/menu_controller.c'
'Invoking: ARM v7 gcc compiler'
arm-none-eabi-gcc -Wall -O0 -g3 -c -fmessage-length=0 -MT"src/menu_controller.o" -mcpu=cortex-a9 -mfpu=vfpv3 -mfloat-abi=hard -I../../standalone_bsp_0/ps7_cortexa9_0/include -MMD -MP -MF"src/menu_controller.d" -MT"src/menu_controller.o" -o "src/menu_controller.o" "../src/menu_controller.c"
../src/menu_controller.c:11:6: error: variable 'config_memoryTestMode' has initializer but incomplete type
 enum MemTestModes config_memoryTestMode = MTESTMODE_ZEROES;
      ^~~~~~~~~~~~
../src/menu_controller.c:11:43: error: 'MTESTMODE_ZEROES' undeclared here (not in a function)
 enum MemTestModes config_memoryTestMode = MTESTMODE_ZEROES;
                                           ^~~~~~~~~~~~~~~~
../src/menu_controller.c: In function 'menu_awaitInput':
../src/menu_controller.c:45:5: error: 'config_memoryTestMode' has an incomplete type 'enum MemTestModes'
     config_memoryTestMode = (config_memoryTestMode+1)%MENU_MEMTEST_MODE_POSSIBLITIES;
     ^~~~~~~~~~~~~~~~~~~~~
../src/menu_controller.c:45:27: error: 'config_memoryTestMode' has an incomplete type 'enum MemTestModes'
     config_memoryTestMode = (config_memoryTestMode+1)%MENU_MEMTEST_MODE_POSSIBLITIES;
                           ^
../src/menu_controller.c:49:30: error: 'config_memoryTestMode' has an incomplete type 'enum MemTestModes'
       menu_getTestModeString(config_memoryTestMode)
                              ^~~~~~~~~~~~~~~~~~~~~
../src/menu_controller.c:81:5: warning: implicit declaration of function 'memtest_performTest'; did you mean 'memtest_performQuickTest'? [-Wimplicit-function-declaration]
     memtest_performTest(MEMORY_TEST_SIZES[config_memoryTestSize], config_memoryTestMode, config_memoryTestReadCount);
     ^~~~~~~~~~~~~~~~~~~
     memtest_performQuickTest
../src/menu_controller.c:81:67: error: 'config_memoryTestMode' has an incomplete type 'enum MemTestModes'
     memtest_performTest(MEMORY_TEST_SIZES[config_memoryTestSize], config_memoryTestMode, config_memoryTestReadCount);
                                                                   ^~~~~~~~~~~~~~~~~~~~~
../src/menu_controller.c: At top level:
../src/menu_controller.c:105:48: error: parameter 1 ('mode') has incomplete type
 char* menu_getTestModeString(enum MemTestModes mode)
                              ~~~~~~~~~~~~~~~~~~^~~~
../src/menu_controller.c: In function 'menu_getTestModeString':
../src/menu_controller.c:109:8: error: 'MTESTMODE_DEADBEEF' undeclared (first use in this function)
   case MTESTMODE_DEADBEEF:
        ^~~~~~~~~~~~~~~~~~
../src/menu_controller.c:109:8: note: each undeclared identifier is reported only once for each function it appears in
../src/menu_controller.c:112:8: error: 'MTESTMODE_WALKINGONE' undeclared (first use in this function)
   case MTESTMODE_WALKINGONE:
        ^~~~~~~~~~~~~~~~~~~~
../src/menu_controller.c: At top level:
../src/menu_controller.c:11:19: error: storage size of 'config_memoryTestMode' isn't known
 enum MemTestModes config_memoryTestMode = MTESTMODE_ZEROES;
                   ^~~~~~~~~~~~~~~~~~~~~
../src/menu_controller.c: In function 'menu_getTestModeString':
../src/menu_controller.c:118:1: warning: control reaches end of non-void function [-Wreturn-type]
 }
 ^
make: *** [src/subdir.mk:35: src/menu_controller.o] Error 1
18:50:30 **** Auto Build of configuration Debug for project hello ****
make pre-build main-build 
a9-linaro-pre-build-step
' '
'Building file: ../src/memtest_controller.c'
'Invoking: ARM v7 gcc compiler'
arm-none-eabi-gcc -Wall -O0 -g3 -c -fmessage-length=0 -MT"src/memtest_controller.o" -mcpu=cortex-a9 -mfpu=vfpv3 -mfloat-abi=hard -I../../standalone_bsp_0/ps7_cortexa9_0/include -MMD -MP -MF"src/memtest_controller.d" -MT"src/memtest_controller.o" -o "src/memtest_controller.o" "../src/memtest_controller.c"
'Finished building: ../src/memtest_controller.c'
' '
'Building file: ../src/menu_controller.c'
'Invoking: ARM v7 gcc compiler'
arm-none-eabi-gcc -Wall -O0 -g3 -c -fmessage-length=0 -MT"src/menu_controller.o" -mcpu=cortex-a9 -mfpu=vfpv3 -mfloat-abi=hard -I../../standalone_bsp_0/ps7_cortexa9_0/include -MMD -MP -MF"src/menu_controller.d" -MT"src/menu_controller.o" -o "src/menu_controller.o" "../src/menu_controller.c"
../src/menu_controller.c:11:6: error: variable 'config_memoryTestMode' has initializer but incomplete type
 enum MemTestModes config_memoryTestMode = MTESTMODE_ZEROES;
      ^~~~~~~~~~~~
../src/menu_controller.c:11:43: error: 'MTESTMODE_ZEROES' undeclared here (not in a function)
 enum MemTestModes config_memoryTestMode = MTESTMODE_ZEROES;
                                           ^~~~~~~~~~~~~~~~
../src/menu_controller.c: In function 'menu_awaitInput':
../src/menu_controller.c:45:5: error: 'config_memoryTestMode' has an incomplete type 'enum MemTestModes'
     config_memoryTestMode = (config_memoryTestMode+1)%MENU_MEMTEST_MODE_POSSIBLITIES;
     ^~~~~~~~~~~~~~~~~~~~~
../src/menu_controller.c:45:27: error: 'config_memoryTestMode' has an incomplete type 'enum MemTestModes'
     config_memoryTestMode = (config_memoryTestMode+1)%MENU_MEMTEST_MODE_POSSIBLITIES;
                           ^
../src/menu_controller.c:49:30: error: 'config_memoryTestMode' has an incomplete type 'enum MemTestModes'
       menu_getTestModeString(config_memoryTestMode)
                              ^~~~~~~~~~~~~~~~~~~~~
../src/menu_controller.c:81:5: warning: implicit declaration of function 'memtest_performTest'; did you mean 'memtest_performQuickTest'? [-Wimplicit-function-declaration]
     memtest_performTest(MEMORY_TEST_SIZES[config_memoryTestSize], config_memoryTestMode, config_memoryTestReadCount);
     ^~~~~~~~~~~~~~~~~~~
     memtest_performQuickTest
../src/menu_controller.c:81:67: error: 'config_memoryTestMode' has an incomplete type 'enum MemTestModes'
     memtest_performTest(MEMORY_TEST_SIZES[config_memoryTestSize], config_memoryTestMode, config_memoryTestReadCount);
                                                                   ^~~~~~~~~~~~~~~~~~~~~
../src/menu_controller.c: At top level:
../src/menu_controller.c:105:48: error: parameter 1 ('mode') has incomplete type
 char* menu_getTestModeString(enum MemTestModes mode)
                              ~~~~~~~~~~~~~~~~~~^~~~
../src/menu_controller.c: In function 'menu_getTestModeString':
../src/menu_controller.c:109:8: error: 'MTESTMODE_DEADBEEF' undeclared (first use in this function)
   case MTESTMODE_DEADBEEF:
        ^~~~~~~~~~~~~~~~~~
../src/menu_controller.c:109:8: note: each undeclared identifier is reported only once for each function it appears in
../src/menu_controller.c:112:8: error: 'MTESTMODE_WALKINGONE' undeclared (first use in this function)
   case MTESTMODE_WALKINGONE:
        ^~~~~~~~~~~~~~~~~~~~
../src/menu_controller.c: At top level:
../src/menu_controller.c:11:19: error: storage size of 'config_memoryTestMode' isn't known
 enum MemTestModes config_memoryTestMode = MTESTMODE_ZEROES;
                   ^~~~~~~~~~~~~~~~~~~~~
../src/menu_controller.c: In function 'menu_getTestModeString':
../src/menu_controller.c:118:1: warning: control reaches end of non-void function [-Wreturn-type]
 }
 ^
make: *** [src/subdir.mk:35: src/menu_controller.o] Error 1
18:51:21 **** Auto Build of configuration Debug for project hello ****
make pre-build main-build 
a9-linaro-pre-build-step
' '
'Building file: ../src/memtest_controller.c'
'Invoking: ARM v7 gcc compiler'
arm-none-eabi-gcc -Wall -O0 -g3 -c -fmessage-length=0 -MT"src/memtest_controller.o" -mcpu=cortex-a9 -mfpu=vfpv3 -mfloat-abi=hard -I../../standalone_bsp_0/ps7_cortexa9_0/include -MMD -MP -MF"src/memtest_controller.d" -MT"src/memtest_controller.o" -o "src/memtest_controller.o" "../src/memtest_controller.c"
'Finished building: ../src/memtest_controller.c'
' '
'Building file: ../src/menu_controller.c'
'Invoking: ARM v7 gcc compiler'
arm-none-eabi-gcc -Wall -O0 -g3 -c -fmessage-length=0 -MT"src/menu_controller.o" -mcpu=cortex-a9 -mfpu=vfpv3 -mfloat-abi=hard -I../../standalone_bsp_0/ps7_cortexa9_0/include -MMD -MP -MF"src/menu_controller.d" -MT"src/menu_controller.o" -o "src/menu_controller.o" "../src/menu_controller.c"
../src/menu_controller.c:11:6: error: variable 'config_memoryTestMode' has initializer but incomplete type
 enum MemTestModes config_memoryTestMode = MTESTMODE_ZEROES;
      ^~~~~~~~~~~~
../src/menu_controller.c:11:43: error: 'MTESTMODE_ZEROES' undeclared here (not in a function)
 enum MemTestModes config_memoryTestMode = MTESTMODE_ZEROES;
                                           ^~~~~~~~~~~~~~~~
../src/menu_controller.c: In function 'menu_awaitInput':
../src/menu_controller.c:45:5: error: 'config_memoryTestMode' has an incomplete type 'enum MemTestModes'
     config_memoryTestMode = (config_memoryTestMode+1)%MENU_MEMTEST_MODE_POSSIBLITIES;
     ^~~~~~~~~~~~~~~~~~~~~
../src/menu_controller.c:45:27: error: 'config_memoryTestMode' has an incomplete type 'enum MemTestModes'
     config_memoryTestMode = (config_memoryTestMode+1)%MENU_MEMTEST_MODE_POSSIBLITIES;
                           ^
../src/menu_controller.c:49:30: error: 'config_memoryTestMode' has an incomplete type 'enum MemTestModes'
       menu_getTestModeString(config_memoryTestMode)
                              ^~~~~~~~~~~~~~~~~~~~~
../src/menu_controller.c:81:5: warning: implicit declaration of function 'memtest_performTest'; did you mean 'memtest_performQuickTest'? [-Wimplicit-function-declaration]
     memtest_performTest(MEMORY_TEST_SIZES[config_memoryTestSize], config_memoryTestMode, config_memoryTestReadCount);
     ^~~~~~~~~~~~~~~~~~~
     memtest_performQuickTest
../src/menu_controller.c:81:67: error: 'config_memoryTestMode' has an incomplete type 'enum MemTestModes'
     memtest_performTest(MEMORY_TEST_SIZES[config_memoryTestSize], config_memoryTestMode, config_memoryTestReadCount);
                                                                   ^~~~~~~~~~~~~~~~~~~~~
../src/menu_controller.c: At top level:
../src/menu_controller.c:105:48: error: parameter 1 ('mode') has incomplete type
 char* menu_getTestModeString(enum MemTestModes mode)
                              ~~~~~~~~~~~~~~~~~~^~~~
../src/menu_controller.c: In function 'menu_getTestModeString':
../src/menu_controller.c:109:8: error: 'MTESTMODE_DEADBEEF' undeclared (first use in this function)
   case MTESTMODE_DEADBEEF:
        ^~~~~~~~~~~~~~~~~~
../src/menu_controller.c:109:8: note: each undeclared identifier is reported only once for each function it appears in
../src/menu_controller.c:112:8: error: 'MTESTMODE_WALKINGONE' undeclared (first use in this function)
   case MTESTMODE_WALKINGONE:
        ^~~~~~~~~~~~~~~~~~~~
../src/menu_controller.c: At top level:
../src/menu_controller.c:11:19: error: storage size of 'config_memoryTestMode' isn't known
 enum MemTestModes config_memoryTestMode = MTESTMODE_ZEROES;
                   ^~~~~~~~~~~~~~~~~~~~~
../src/menu_controller.c: In function 'menu_getTestModeString':
../src/menu_controller.c:118:1: warning: control reaches end of non-void function [-Wreturn-type]
 }
 ^
make: *** [src/subdir.mk:35: src/menu_controller.o] Error 1
18:51:43 **** Auto Build of configuration Debug for project hello ****
make pre-build main-build 
a9-linaro-pre-build-step
' '
'Building file: ../src/main.c'
'Invoking: ARM v7 gcc compiler'
arm-none-eabi-gcc -Wall -O0 -g3 -c -fmessage-length=0 -MT"src/main.o" -mcpu=cortex-a9 -mfpu=vfpv3 -mfloat-abi=hard -I../../standalone_bsp_0/ps7_cortexa9_0/include -MMD -MP -MF"src/main.d" -MT"src/main.o" -o "src/main.o" "../src/main.c"
In file included from ../src/main.c:9:
../src/menu_controller.h: In function 'memtest_getDetailPatternTestCount':
../src/menu_controller.h:19:1: warning: empty declaration
 enum MemTestVerbosity {
 ^~~~
../src/menu_controller.h:24:27: error: storage class specified for parameter 'MEMORY_TEST_SIZES'
 extern const unsigned int MEMORY_TEST_SIZES[MENU_MEMTEST_SIZE_POSSIBLITIES];
                           ^~~~~~~~~~~~~~~~~
../src/main.c:13:1: error: expected '=', ',', ';', 'asm' or '__attribute__' before '{' token
 {
 ^
In file included from ../src/menu_controller.h:12,
                 from ../src/main.c:9:
../src/memtest_controller.h:45:14: error: old-style parameter declarations in prototyped function definition
 unsigned int memtest_getDetailPatternTestCount(enum QuickTestPatterns mode)
              ^~~~~~~~~~~~~~~~~~~~~~~~~~~~~~~~~
../src/main.c:19: error: expected '{' at end of input
 }
 
../src/main.c:19:1: warning: control reaches end of non-void function [-Wreturn-type]
 }
 ^
make: *** [src/subdir.mk:35: src/main.o] Error 1
18:51:50 **** Auto Build of configuration Debug for project hello ****
make pre-build main-build 
a9-linaro-pre-build-step
' '
'Building file: ../src/main.c'
'Invoking: ARM v7 gcc compiler'
arm-none-eabi-gcc -Wall -O0 -g3 -c -fmessage-length=0 -MT"src/main.o" -mcpu=cortex-a9 -mfpu=vfpv3 -mfloat-abi=hard -I../../standalone_bsp_0/ps7_cortexa9_0/include -MMD -MP -MF"src/main.d" -MT"src/main.o" -o "src/main.o" "../src/main.c"
'Finished building: ../src/main.c'
' '
'Building file: ../src/memtest_controller.c'
'Invoking: ARM v7 gcc compiler'
arm-none-eabi-gcc -Wall -O0 -g3 -c -fmessage-length=0 -MT"src/memtest_controller.o" -mcpu=cortex-a9 -mfpu=vfpv3 -mfloat-abi=hard -I../../standalone_bsp_0/ps7_cortexa9_0/include -MMD -MP -MF"src/memtest_controller.d" -MT"src/memtest_controller.o" -o "src/memtest_controller.o" "../src/memtest_controller.c"
'Finished building: ../src/memtest_controller.c'
' '
'Building file: ../src/menu_controller.c'
'Invoking: ARM v7 gcc compiler'
arm-none-eabi-gcc -Wall -O0 -g3 -c -fmessage-length=0 -MT"src/menu_controller.o" -mcpu=cortex-a9 -mfpu=vfpv3 -mfloat-abi=hard -I../../standalone_bsp_0/ps7_cortexa9_0/include -MMD -MP -MF"src/menu_controller.d" -MT"src/menu_controller.o" -o "src/menu_controller.o" "../src/menu_controller.c"
../src/menu_controller.c:11:6: error: variable 'config_memoryTestMode' has initializer but incomplete type
 enum MemTestModes config_memoryTestMode = MTESTMODE_ZEROES;
      ^~~~~~~~~~~~
../src/menu_controller.c:11:43: error: 'MTESTMODE_ZEROES' undeclared here (not in a function)
 enum MemTestModes config_memoryTestMode = MTESTMODE_ZEROES;
                                           ^~~~~~~~~~~~~~~~
../src/menu_controller.c: In function 'menu_awaitInput':
../src/menu_controller.c:45:5: error: 'config_memoryTestMode' has an incomplete type 'enum MemTestModes'
     config_memoryTestMode = (config_memoryTestMode+1)%MENU_MEMTEST_MODE_POSSIBLITIES;
     ^~~~~~~~~~~~~~~~~~~~~
../src/menu_controller.c:45:27: error: 'config_memoryTestMode' has an incomplete type 'enum MemTestModes'
     config_memoryTestMode = (config_memoryTestMode+1)%MENU_MEMTEST_MODE_POSSIBLITIES;
                           ^
../src/menu_controller.c:49:30: error: 'config_memoryTestMode' has an incomplete type 'enum MemTestModes'
       menu_getTestModeString(config_memoryTestMode)
                              ^~~~~~~~~~~~~~~~~~~~~
../src/menu_controller.c:81:5: warning: implicit declaration of function 'memtest_performTest'; did you mean 'memtest_performQuickTest'? [-Wimplicit-function-declaration]
     memtest_performTest(MEMORY_TEST_SIZES[config_memoryTestSize], config_memoryTestMode, config_memoryTestReadCount);
     ^~~~~~~~~~~~~~~~~~~
     memtest_performQuickTest
../src/menu_controller.c:81:67: error: 'config_memoryTestMode' has an incomplete type 'enum MemTestModes'
     memtest_performTest(MEMORY_TEST_SIZES[config_memoryTestSize], config_memoryTestMode, config_memoryTestReadCount);
                                                                   ^~~~~~~~~~~~~~~~~~~~~
../src/menu_controller.c: At top level:
../src/menu_controller.c:105:48: error: parameter 1 ('mode') has incomplete type
 char* menu_getTestModeString(enum MemTestModes mode)
                              ~~~~~~~~~~~~~~~~~~^~~~
../src/menu_controller.c: In function 'menu_getTestModeString':
../src/menu_controller.c:109:8: error: 'MTESTMODE_DEADBEEF' undeclared (first use in this function)
   case MTESTMODE_DEADBEEF:
        ^~~~~~~~~~~~~~~~~~
../src/menu_controller.c:109:8: note: each undeclared identifier is reported only once for each function it appears in
../src/menu_controller.c:112:8: error: 'MTESTMODE_WALKINGONE' undeclared (first use in this function)
   case MTESTMODE_WALKINGONE:
        ^~~~~~~~~~~~~~~~~~~~
../src/menu_controller.c: At top level:
../src/menu_controller.c:11:19: error: storage size of 'config_memoryTestMode' isn't known
 enum MemTestModes config_memoryTestMode = MTESTMODE_ZEROES;
                   ^~~~~~~~~~~~~~~~~~~~~
../src/menu_controller.c: In function 'menu_getTestModeString':
../src/menu_controller.c:118:1: warning: control reaches end of non-void function [-Wreturn-type]
 }
 ^
make: *** [src/subdir.mk:35: src/menu_controller.o] Error 1
18:52:01 **** Auto Build of configuration Debug for project hello ****
make pre-build main-build 
a9-linaro-pre-build-step
' '
'Building file: ../src/memtest_controller.c'
'Invoking: ARM v7 gcc compiler'
arm-none-eabi-gcc -Wall -O0 -g3 -c -fmessage-length=0 -MT"src/memtest_controller.o" -mcpu=cortex-a9 -mfpu=vfpv3 -mfloat-abi=hard -I../../standalone_bsp_0/ps7_cortexa9_0/include -MMD -MP -MF"src/memtest_controller.d" -MT"src/memtest_controller.o" -o "src/memtest_controller.o" "../src/memtest_controller.c"
../src/memtest_controller.c: In function 'memtest_performQuickTest':
../src/memtest_controller.c:95:26: warning: implicit declaration of function 'getNextQuickPattern'; did you mean 'memtest_getNextQuickPattern'? [-Wimplicit-function-declaration]
   unsigned int pattern = getNextQuickPattern(counter, mode);
                          ^~~~~~~~~~~~~~~~~~~
                          memtest_getNextQuickPattern
../src/memtest_controller.c: In function 'memtest_performDetailTest':
../src/memtest_controller.c:130:26: warning: implicit declaration of function 'getNextDetailPattern'; did you mean 'memtest_getNextDetailPattern'? [-Wimplicit-function-declaration]
   unsigned int pattern = getNextDetailPattern(counter, currentConcurrentTestIndex, mode);
                          ^~~~~~~~~~~~~~~~~~~~
                          memtest_getNextDetailPattern
'Finished building: ../src/memtest_controller.c'
' '
'Building file: ../src/menu_controller.c'
'Invoking: ARM v7 gcc compiler'
arm-none-eabi-gcc -Wall -O0 -g3 -c -fmessage-length=0 -MT"src/menu_controller.o" -mcpu=cortex-a9 -mfpu=vfpv3 -mfloat-abi=hard -I../../standalone_bsp_0/ps7_cortexa9_0/include -MMD -MP -MF"src/menu_controller.d" -MT"src/menu_controller.o" -o "src/menu_controller.o" "../src/menu_controller.c"
../src/menu_controller.c:11:6: error: variable 'config_memoryTestMode' has initializer but incomplete type
 enum MemTestModes config_memoryTestMode = MTESTMODE_ZEROES;
      ^~~~~~~~~~~~
../src/menu_controller.c:11:43: error: 'MTESTMODE_ZEROES' undeclared here (not in a function)
 enum MemTestModes config_memoryTestMode = MTESTMODE_ZEROES;
                                           ^~~~~~~~~~~~~~~~
../src/menu_controller.c: In function 'menu_awaitInput':
../src/menu_controller.c:45:5: error: 'config_memoryTestMode' has an incomplete type 'enum MemTestModes'
     config_memoryTestMode = (config_memoryTestMode+1)%MENU_MEMTEST_MODE_POSSIBLITIES;
     ^~~~~~~~~~~~~~~~~~~~~
../src/menu_controller.c:45:27: error: 'config_memoryTestMode' has an incomplete type 'enum MemTestModes'
     config_memoryTestMode = (config_memoryTestMode+1)%MENU_MEMTEST_MODE_POSSIBLITIES;
                           ^
../src/menu_controller.c:49:30: error: 'config_memoryTestMode' has an incomplete type 'enum MemTestModes'
       menu_getTestModeString(config_memoryTestMode)
                              ^~~~~~~~~~~~~~~~~~~~~
../src/menu_controller.c:81:5: warning: implicit declaration of function 'memtest_performTest'; did you mean 'memtest_performQuickTest'? [-Wimplicit-function-declaration]
     memtest_performTest(MEMORY_TEST_SIZES[config_memoryTestSize], config_memoryTestMode, config_memoryTestReadCount);
     ^~~~~~~~~~~~~~~~~~~
     memtest_performQuickTest
../src/menu_controller.c:81:67: error: 'config_memoryTestMode' has an incomplete type 'enum MemTestModes'
     memtest_performTest(MEMORY_TEST_SIZES[config_memoryTestSize], config_memoryTestMode, config_memoryTestReadCount);
                                                                   ^~~~~~~~~~~~~~~~~~~~~
../src/menu_controller.c: At top level:
../src/menu_controller.c:105:48: error: parameter 1 ('mode') has incomplete type
 char* menu_getTestModeString(enum MemTestModes mode)
                              ~~~~~~~~~~~~~~~~~~^~~~
../src/menu_controller.c: In function 'menu_getTestModeString':
../src/menu_controller.c:109:8: error: 'MTESTMODE_DEADBEEF' undeclared (first use in this function)
   case MTESTMODE_DEADBEEF:
        ^~~~~~~~~~~~~~~~~~
../src/menu_controller.c:109:8: note: each undeclared identifier is reported only once for each function it appears in
../src/menu_controller.c:112:8: error: 'MTESTMODE_WALKINGONE' undeclared (first use in this function)
   case MTESTMODE_WALKINGONE:
        ^~~~~~~~~~~~~~~~~~~~
../src/menu_controller.c: At top level:
../src/menu_controller.c:11:19: error: storage size of 'config_memoryTestMode' isn't known
 enum MemTestModes config_memoryTestMode = MTESTMODE_ZEROES;
                   ^~~~~~~~~~~~~~~~~~~~~
../src/menu_controller.c: In function 'menu_getTestModeString':
../src/menu_controller.c:118:1: warning: control reaches end of non-void function [-Wreturn-type]
 }
 ^
make: *** [src/subdir.mk:35: src/menu_controller.o] Error 1
18:52:05 **** Auto Build of configuration Debug for project hello ****
make pre-build main-build 
a9-linaro-pre-build-step
' '
'Building file: ../src/memtest_controller.c'
'Invoking: ARM v7 gcc compiler'
arm-none-eabi-gcc -Wall -O0 -g3 -c -fmessage-length=0 -MT"src/memtest_controller.o" -mcpu=cortex-a9 -mfpu=vfpv3 -mfloat-abi=hard -I../../standalone_bsp_0/ps7_cortexa9_0/include -MMD -MP -MF"src/memtest_controller.d" -MT"src/memtest_controller.o" -o "src/memtest_controller.o" "../src/memtest_controller.c"
../src/memtest_controller.c: In function 'memtest_performQuickTest':
../src/memtest_controller.c:95:26: warning: implicit declaration of function 'getNextQuickPattern'; did you mean 'memtest_getNextQuickPattern'? [-Wimplicit-function-declaration]
   unsigned int pattern = getNextQuickPattern(counter, mode);
                          ^~~~~~~~~~~~~~~~~~~
                          memtest_getNextQuickPattern
'Finished building: ../src/memtest_controller.c'
' '
'Building file: ../src/menu_controller.c'
'Invoking: ARM v7 gcc compiler'
arm-none-eabi-gcc -Wall -O0 -g3 -c -fmessage-length=0 -MT"src/menu_controller.o" -mcpu=cortex-a9 -mfpu=vfpv3 -mfloat-abi=hard -I../../standalone_bsp_0/ps7_cortexa9_0/include -MMD -MP -MF"src/menu_controller.d" -MT"src/menu_controller.o" -o "src/menu_controller.o" "../src/menu_controller.c"
../src/menu_controller.c:11:6: error: variable 'config_memoryTestMode' has initializer but incomplete type
 enum MemTestModes config_memoryTestMode = MTESTMODE_ZEROES;
      ^~~~~~~~~~~~
../src/menu_controller.c:11:43: error: 'MTESTMODE_ZEROES' undeclared here (not in a function)
 enum MemTestModes config_memoryTestMode = MTESTMODE_ZEROES;
                                           ^~~~~~~~~~~~~~~~
../src/menu_controller.c: In function 'menu_awaitInput':
../src/menu_controller.c:45:5: error: 'config_memoryTestMode' has an incomplete type 'enum MemTestModes'
     config_memoryTestMode = (config_memoryTestMode+1)%MENU_MEMTEST_MODE_POSSIBLITIES;
     ^~~~~~~~~~~~~~~~~~~~~
../src/menu_controller.c:45:27: error: 'config_memoryTestMode' has an incomplete type 'enum MemTestModes'
     config_memoryTestMode = (config_memoryTestMode+1)%MENU_MEMTEST_MODE_POSSIBLITIES;
                           ^
../src/menu_controller.c:49:30: error: 'config_memoryTestMode' has an incomplete type 'enum MemTestModes'
       menu_getTestModeString(config_memoryTestMode)
                              ^~~~~~~~~~~~~~~~~~~~~
../src/menu_controller.c:81:5: warning: implicit declaration of function 'memtest_performTest'; did you mean 'memtest_performQuickTest'? [-Wimplicit-function-declaration]
     memtest_performTest(MEMORY_TEST_SIZES[config_memoryTestSize], config_memoryTestMode, config_memoryTestReadCount);
     ^~~~~~~~~~~~~~~~~~~
     memtest_performQuickTest
../src/menu_controller.c:81:67: error: 'config_memoryTestMode' has an incomplete type 'enum MemTestModes'
     memtest_performTest(MEMORY_TEST_SIZES[config_memoryTestSize], config_memoryTestMode, config_memoryTestReadCount);
                                                                   ^~~~~~~~~~~~~~~~~~~~~
../src/menu_controller.c: At top level:
../src/menu_controller.c:105:48: error: parameter 1 ('mode') has incomplete type
 char* menu_getTestModeString(enum MemTestModes mode)
                              ~~~~~~~~~~~~~~~~~~^~~~
../src/menu_controller.c: In function 'menu_getTestModeString':
../src/menu_controller.c:109:8: error: 'MTESTMODE_DEADBEEF' undeclared (first use in this function)
   case MTESTMODE_DEADBEEF:
        ^~~~~~~~~~~~~~~~~~
../src/menu_controller.c:109:8: note: each undeclared identifier is reported only once for each function it appears in
../src/menu_controller.c:112:8: error: 'MTESTMODE_WALKINGONE' undeclared (first use in this function)
   case MTESTMODE_WALKINGONE:
        ^~~~~~~~~~~~~~~~~~~~
../src/menu_controller.c: At top level:
../src/menu_controller.c:11:19: error: storage size of 'config_memoryTestMode' isn't known
 enum MemTestModes config_memoryTestMode = MTESTMODE_ZEROES;
                   ^~~~~~~~~~~~~~~~~~~~~
../src/menu_controller.c: In function 'menu_getTestModeString':
../src/menu_controller.c:118:1: warning: control reaches end of non-void function [-Wreturn-type]
 }
 ^
make: *** [src/subdir.mk:35: src/menu_controller.o] Error 1
18:52:16 **** Auto Build of configuration Debug for project hello ****
make pre-build main-build 
a9-linaro-pre-build-step
' '
'Building file: ../src/memtest_controller.c'
'Invoking: ARM v7 gcc compiler'
arm-none-eabi-gcc -Wall -O0 -g3 -c -fmessage-length=0 -MT"src/memtest_controller.o" -mcpu=cortex-a9 -mfpu=vfpv3 -mfloat-abi=hard -I../../standalone_bsp_0/ps7_cortexa9_0/include -MMD -MP -MF"src/memtest_controller.d" -MT"src/memtest_controller.o" -o "src/memtest_controller.o" "../src/memtest_controller.c"
../src/memtest_controller.c: In function 'memtest_performQuickTest':
../src/memtest_controller.c:104:35: warning: implicit declaration of function 'getNextQuickPattern'; did you mean 'memtest_getNextQuickPattern'? [-Wimplicit-function-declaration]
    unsigned int expectedPattern = getNextQuickPattern(counter, mode);
                                   ^~~~~~~~~~~~~~~~~~~
                                   memtest_getNextQuickPattern
'Finished building: ../src/memtest_controller.c'
' '
'Building file: ../src/menu_controller.c'
'Invoking: ARM v7 gcc compiler'
arm-none-eabi-gcc -Wall -O0 -g3 -c -fmessage-length=0 -MT"src/menu_controller.o" -mcpu=cortex-a9 -mfpu=vfpv3 -mfloat-abi=hard -I../../standalone_bsp_0/ps7_cortexa9_0/include -MMD -MP -MF"src/menu_controller.d" -MT"src/menu_controller.o" -o "src/menu_controller.o" "../src/menu_controller.c"
../src/menu_controller.c:11:6: error: variable 'config_memoryTestMode' has initializer but incomplete type
 enum MemTestModes config_memoryTestMode = MTESTMODE_ZEROES;
      ^~~~~~~~~~~~
../src/menu_controller.c:11:43: error: 'MTESTMODE_ZEROES' undeclared here (not in a function)
 enum MemTestModes config_memoryTestMode = MTESTMODE_ZEROES;
                                           ^~~~~~~~~~~~~~~~
../src/menu_controller.c: In function 'menu_awaitInput':
../src/menu_controller.c:45:5: error: 'config_memoryTestMode' has an incomplete type 'enum MemTestModes'
     config_memoryTestMode = (config_memoryTestMode+1)%MENU_MEMTEST_MODE_POSSIBLITIES;
     ^~~~~~~~~~~~~~~~~~~~~
../src/menu_controller.c:45:27: error: 'config_memoryTestMode' has an incomplete type 'enum MemTestModes'
     config_memoryTestMode = (config_memoryTestMode+1)%MENU_MEMTEST_MODE_POSSIBLITIES;
                           ^
../src/menu_controller.c:49:30: error: 'config_memoryTestMode' has an incomplete type 'enum MemTestModes'
       menu_getTestModeString(config_memoryTestMode)
                              ^~~~~~~~~~~~~~~~~~~~~
../src/menu_controller.c:81:5: warning: implicit declaration of function 'memtest_performTest'; did you mean 'memtest_performQuickTest'? [-Wimplicit-function-declaration]
     memtest_performTest(MEMORY_TEST_SIZES[config_memoryTestSize], config_memoryTestMode, config_memoryTestReadCount);
     ^~~~~~~~~~~~~~~~~~~
     memtest_performQuickTest
../src/menu_controller.c:81:67: error: 'config_memoryTestMode' has an incomplete type 'enum MemTestModes'
     memtest_performTest(MEMORY_TEST_SIZES[config_memoryTestSize], config_memoryTestMode, config_memoryTestReadCount);
                                                                   ^~~~~~~~~~~~~~~~~~~~~
../src/menu_controller.c: At top level:
../src/menu_controller.c:105:48: error: parameter 1 ('mode') has incomplete type
 char* menu_getTestModeString(enum MemTestModes mode)
                              ~~~~~~~~~~~~~~~~~~^~~~
../src/menu_controller.c: In function 'menu_getTestModeString':
../src/menu_controller.c:109:8: error: 'MTESTMODE_DEADBEEF' undeclared (first use in this function)
   case MTESTMODE_DEADBEEF:
        ^~~~~~~~~~~~~~~~~~
../src/menu_controller.c:109:8: note: each undeclared identifier is reported only once for each function it appears in
../src/menu_controller.c:112:8: error: 'MTESTMODE_WALKINGONE' undeclared (first use in this function)
   case MTESTMODE_WALKINGONE:
        ^~~~~~~~~~~~~~~~~~~~
../src/menu_controller.c: At top level:
../src/menu_controller.c:11:19: error: storage size of 'config_memoryTestMode' isn't known
 enum MemTestModes config_memoryTestMode = MTESTMODE_ZEROES;
                   ^~~~~~~~~~~~~~~~~~~~~
../src/menu_controller.c: In function 'menu_getTestModeString':
../src/menu_controller.c:118:1: warning: control reaches end of non-void function [-Wreturn-type]
 }
 ^
make: *** [src/subdir.mk:35: src/menu_controller.o] Error 1
18:52:20 **** Auto Build of configuration Debug for project hello ****
make pre-build main-build 
a9-linaro-pre-build-step
' '
'Building file: ../src/memtest_controller.c'
'Invoking: ARM v7 gcc compiler'
arm-none-eabi-gcc -Wall -O0 -g3 -c -fmessage-length=0 -MT"src/memtest_controller.o" -mcpu=cortex-a9 -mfpu=vfpv3 -mfloat-abi=hard -I../../standalone_bsp_0/ps7_cortexa9_0/include -MMD -MP -MF"src/memtest_controller.d" -MT"src/memtest_controller.o" -o "src/memtest_controller.o" "../src/memtest_controller.c"
'Finished building: ../src/memtest_controller.c'
' '
'Building file: ../src/menu_controller.c'
'Invoking: ARM v7 gcc compiler'
arm-none-eabi-gcc -Wall -O0 -g3 -c -fmessage-length=0 -MT"src/menu_controller.o" -mcpu=cortex-a9 -mfpu=vfpv3 -mfloat-abi=hard -I../../standalone_bsp_0/ps7_cortexa9_0/include -MMD -MP -MF"src/menu_controller.d" -MT"src/menu_controller.o" -o "src/menu_controller.o" "../src/menu_controller.c"
../src/menu_controller.c:11:6: error: variable 'config_memoryTestMode' has initializer but incomplete type
 enum MemTestModes config_memoryTestMode = MTESTMODE_ZEROES;
      ^~~~~~~~~~~~
../src/menu_controller.c:11:43: error: 'MTESTMODE_ZEROES' undeclared here (not in a function)
 enum MemTestModes config_memoryTestMode = MTESTMODE_ZEROES;
                                           ^~~~~~~~~~~~~~~~
../src/menu_controller.c: In function 'menu_awaitInput':
../src/menu_controller.c:45:5: error: 'config_memoryTestMode' has an incomplete type 'enum MemTestModes'
     config_memoryTestMode = (config_memoryTestMode+1)%MENU_MEMTEST_MODE_POSSIBLITIES;
     ^~~~~~~~~~~~~~~~~~~~~
../src/menu_controller.c:45:27: error: 'config_memoryTestMode' has an incomplete type 'enum MemTestModes'
     config_memoryTestMode = (config_memoryTestMode+1)%MENU_MEMTEST_MODE_POSSIBLITIES;
                           ^
../src/menu_controller.c:49:30: error: 'config_memoryTestMode' has an incomplete type 'enum MemTestModes'
       menu_getTestModeString(config_memoryTestMode)
                              ^~~~~~~~~~~~~~~~~~~~~
../src/menu_controller.c:81:5: warning: implicit declaration of function 'memtest_performTest'; did you mean 'memtest_performQuickTest'? [-Wimplicit-function-declaration]
     memtest_performTest(MEMORY_TEST_SIZES[config_memoryTestSize], config_memoryTestMode, config_memoryTestReadCount);
     ^~~~~~~~~~~~~~~~~~~
     memtest_performQuickTest
../src/menu_controller.c:81:67: error: 'config_memoryTestMode' has an incomplete type 'enum MemTestModes'
     memtest_performTest(MEMORY_TEST_SIZES[config_memoryTestSize], config_memoryTestMode, config_memoryTestReadCount);
                                                                   ^~~~~~~~~~~~~~~~~~~~~
../src/menu_controller.c: At top level:
../src/menu_controller.c:105:48: error: parameter 1 ('mode') has incomplete type
 char* menu_getTestModeString(enum MemTestModes mode)
                              ~~~~~~~~~~~~~~~~~~^~~~
../src/menu_controller.c: In function 'menu_getTestModeString':
../src/menu_controller.c:109:8: error: 'MTESTMODE_DEADBEEF' undeclared (first use in this function)
   case MTESTMODE_DEADBEEF:
        ^~~~~~~~~~~~~~~~~~
../src/menu_controller.c:109:8: note: each undeclared identifier is reported only once for each function it appears in
../src/menu_controller.c:112:8: error: 'MTESTMODE_WALKINGONE' undeclared (first use in this function)
   case MTESTMODE_WALKINGONE:
        ^~~~~~~~~~~~~~~~~~~~
../src/menu_controller.c: At top level:
../src/menu_controller.c:11:19: error: storage size of 'config_memoryTestMode' isn't known
 enum MemTestModes config_memoryTestMode = MTESTMODE_ZEROES;
                   ^~~~~~~~~~~~~~~~~~~~~
../src/menu_controller.c: In function 'menu_getTestModeString':
../src/menu_controller.c:118:1: warning: control reaches end of non-void function [-Wreturn-type]
 }
 ^
make: *** [src/subdir.mk:35: src/menu_controller.o] Error 1
18:53:43 **** Auto Build of configuration Debug for project hello ****
make pre-build main-build 
a9-linaro-pre-build-step
' '
'Building file: ../src/menu_controller.c'
'Invoking: ARM v7 gcc compiler'
arm-none-eabi-gcc -Wall -O0 -g3 -c -fmessage-length=0 -MT"src/menu_controller.o" -mcpu=cortex-a9 -mfpu=vfpv3 -mfloat-abi=hard -I../../standalone_bsp_0/ps7_cortexa9_0/include -MMD -MP -MF"src/menu_controller.d" -MT"src/menu_controller.o" -o "src/menu_controller.o" "../src/menu_controller.c"
../src/menu_controller.c:11:48: error: 'MTESTMODE_ZEROES' undeclared here (not in a function)
 enum QuickTestPatterns config_memoryTestMode = MTESTMODE_ZEROES;
                                                ^~~~~~~~~~~~~~~~
../src/menu_controller.c: In function 'menu_awaitInput':
../src/menu_controller.c:81:5: warning: implicit declaration of function 'memtest_performTest'; did you mean 'memtest_performQuickTest'? [-Wimplicit-function-declaration]
     memtest_performTest(MEMORY_TEST_SIZES[config_memoryTestSize], config_memoryTestMode, config_memoryTestReadCount);
     ^~~~~~~~~~~~~~~~~~~
     memtest_performQuickTest
../src/menu_controller.c: In function 'menu_getTestModeString':
../src/menu_controller.c:109:8: error: 'MTESTMODE_DEADBEEF' undeclared (first use in this function)
   case MTESTMODE_DEADBEEF:
        ^~~~~~~~~~~~~~~~~~
../src/menu_controller.c:109:8: note: each undeclared identifier is reported only once for each function it appears in
../src/menu_controller.c:112:8: error: 'MTESTMODE_WALKINGONE' undeclared (first use in this function)
   case MTESTMODE_WALKINGONE:
        ^~~~~~~~~~~~~~~~~~~~
make: *** [src/subdir.mk:35: src/menu_controller.o] Error 1
18:54:00 **** Auto Build of configuration Debug for project hello ****
make pre-build main-build 
a9-linaro-pre-build-step
' '
'Building file: ../src/menu_controller.c'
'Invoking: ARM v7 gcc compiler'
arm-none-eabi-gcc -Wall -O0 -g3 -c -fmessage-length=0 -MT"src/menu_controller.o" -mcpu=cortex-a9 -mfpu=vfpv3 -mfloat-abi=hard -I../../standalone_bsp_0/ps7_cortexa9_0/include -MMD -MP -MF"src/menu_controller.d" -MT"src/menu_controller.o" -o "src/menu_controller.o" "../src/menu_controller.c"
../src/menu_controller.c: In function 'menu_awaitInput':
../src/menu_controller.c:81:5: warning: implicit declaration of function 'memtest_performTest'; did you mean 'memtest_performQuickTest'? [-Wimplicit-function-declaration]
     memtest_performTest(MEMORY_TEST_SIZES[config_memoryTestSize], config_memoryTestMode, config_memoryTestReadCount);
     ^~~~~~~~~~~~~~~~~~~
     memtest_performQuickTest
../src/menu_controller.c: In function 'menu_getTestModeString':
../src/menu_controller.c:109:8: error: 'MTESTMODE_DEADBEEF' undeclared (first use in this function)
   case MTESTMODE_DEADBEEF:
        ^~~~~~~~~~~~~~~~~~
../src/menu_controller.c:109:8: note: each undeclared identifier is reported only once for each function it appears in
../src/menu_controller.c:112:8: error: 'MTESTMODE_WALKINGONE' undeclared (first use in this function)
   case MTESTMODE_WALKINGONE:
        ^~~~~~~~~~~~~~~~~~~~
make: *** [src/subdir.mk:35: src/menu_controller.o] Error 1
18:54:23 **** Auto Build of configuration Debug for project hello ****
make pre-build main-build 
a9-linaro-pre-build-step
' '
'Building file: ../src/menu_controller.c'
'Invoking: ARM v7 gcc compiler'
arm-none-eabi-gcc -Wall -O0 -g3 -c -fmessage-length=0 -MT"src/menu_controller.o" -mcpu=cortex-a9 -mfpu=vfpv3 -mfloat-abi=hard -I../../standalone_bsp_0/ps7_cortexa9_0/include -MMD -MP -MF"src/menu_controller.d" -MT"src/menu_controller.o" -o "src/menu_controller.o" "../src/menu_controller.c"
../src/menu_controller.c: In function 'menu_awaitInput':
../src/menu_controller.c:46:5: error: 'config_memoryTestMode' undeclared (first use in this function); did you mean 'config_memoryTestSize'?
     config_memoryTestMode = (config_memoryTestMode+1)%MENU_MEMTEST_MODE_POSSIBLITIES;
     ^~~~~~~~~~~~~~~~~~~~~
     config_memoryTestSize
../src/menu_controller.c:46:5: note: each undeclared identifier is reported only once for each function it appears in
../src/menu_controller.c:82:5: warning: implicit declaration of function 'memtest_performTest'; did you mean 'memtest_performQuickTest'? [-Wimplicit-function-declaration]
     memtest_performTest(MEMORY_TEST_SIZES[config_memoryTestSize], config_memoryTestMode, config_memoryTestReadCount);
     ^~~~~~~~~~~~~~~~~~~
     memtest_performQuickTest
../src/menu_controller.c: In function 'menu_getTestModeString':
../src/menu_controller.c:110:8: error: 'MTESTMODE_DEADBEEF' undeclared (first use in this function)
   case MTESTMODE_DEADBEEF:
        ^~~~~~~~~~~~~~~~~~
../src/menu_controller.c:113:8: error: 'MTESTMODE_WALKINGONE' undeclared (first use in this function)
   case MTESTMODE_WALKINGONE:
        ^~~~~~~~~~~~~~~~~~~~
make: *** [src/subdir.mk:35: src/menu_controller.o] Error 1
18:54:42 **** Auto Build of configuration Debug for project hello ****
make pre-build main-build 
a9-linaro-pre-build-step
' '
'Building file: ../src/memtest_controller.c'
'Invoking: ARM v7 gcc compiler'
arm-none-eabi-gcc -Wall -O0 -g3 -c -fmessage-length=0 -MT"src/memtest_controller.o" -mcpu=cortex-a9 -mfpu=vfpv3 -mfloat-abi=hard -I../../standalone_bsp_0/ps7_cortexa9_0/include -MMD -MP -MF"src/memtest_controller.d" -MT"src/memtest_controller.o" -o "src/memtest_controller.o" "../src/memtest_controller.c"
../src/memtest_controller.c:54:14: error: conflicting types for 'memtest_getNextDetailPattern'
 unsigned int memtest_getNextDetailPattern(unsigned int memoryPoint, unsigned char concurrentTest, enum DetailTestPatterns mode)
              ^~~~~~~~~~~~~~~~~~~~~~~~~~~~
In file included from ../src/memtest_controller.c:7:
../src/memtest_controller.h:40:14: note: previous declaration of 'memtest_getNextDetailPattern' was here
 unsigned int memtest_getNextDetailPattern(unsigned int memoryPoint, unsigned char concurrentTest, enum QuickTestPatterns mode);
              ^~~~~~~~~~~~~~~~~~~~~~~~~~~~
../src/memtest_controller.c:72:14: error: conflicting types for 'memtest_getDetailPatternTestCount'
 unsigned int memtest_getDetailPatternTestCount(enum DetailTestPatterns mode)
              ^~~~~~~~~~~~~~~~~~~~~~~~~~~~~~~~~
In file included from ../src/memtest_controller.c:7:
../src/memtest_controller.h:45:14: note: previous declaration of 'memtest_getDetailPatternTestCount' was here
 unsigned int memtest_getDetailPatternTestCount(enum QuickTestPatterns mode);
              ^~~~~~~~~~~~~~~~~~~~~~~~~~~~~~~~~
make: *** [src/subdir.mk:35: src/memtest_controller.o] Error 1
18:54:57 **** Auto Build of configuration Debug for project hello ****
make pre-build main-build 
a9-linaro-pre-build-step
' '
'Building file: ../src/main.c'
'Invoking: ARM v7 gcc compiler'
arm-none-eabi-gcc -Wall -O0 -g3 -c -fmessage-length=0 -MT"src/main.o" -mcpu=cortex-a9 -mfpu=vfpv3 -mfloat-abi=hard -I../../standalone_bsp_0/ps7_cortexa9_0/include -MMD -MP -MF"src/main.d" -MT"src/main.o" -o "src/main.o" "../src/main.c"
'Finished building: ../src/main.c'
' '
'Building file: ../src/memtest_controller.c'
'Invoking: ARM v7 gcc compiler'
arm-none-eabi-gcc -Wall -O0 -g3 -c -fmessage-length=0 -MT"src/memtest_controller.o" -mcpu=cortex-a9 -mfpu=vfpv3 -mfloat-abi=hard -I../../standalone_bsp_0/ps7_cortexa9_0/include -MMD -MP -MF"src/memtest_controller.d" -MT"src/memtest_controller.o" -o "src/memtest_controller.o" "../src/memtest_controller.c"
'Finished building: ../src/memtest_controller.c'
' '
'Building file: ../src/menu_controller.c'
'Invoking: ARM v7 gcc compiler'
arm-none-eabi-gcc -Wall -O0 -g3 -c -fmessage-length=0 -MT"src/menu_controller.o" -mcpu=cortex-a9 -mfpu=vfpv3 -mfloat-abi=hard -I../../standalone_bsp_0/ps7_cortexa9_0/include -MMD -MP -MF"src/menu_controller.d" -MT"src/menu_controller.o" -o "src/menu_controller.o" "../src/menu_controller.c"
../src/menu_controller.c: In function 'menu_awaitInput':
../src/menu_controller.c:46:5: error: 'config_memoryTestMode' undeclared (first use in this function); did you mean 'config_memoryTestSize'?
     config_memoryTestMode = (config_memoryTestMode+1)%MENU_MEMTEST_MODE_POSSIBLITIES;
     ^~~~~~~~~~~~~~~~~~~~~
     config_memoryTestSize
../src/menu_controller.c:46:5: note: each undeclared identifier is reported only once for each function it appears in
../src/menu_controller.c:82:5: warning: implicit declaration of function 'memtest_performTest'; did you mean 'memtest_performQuickTest'? [-Wimplicit-function-declaration]
     memtest_performTest(MEMORY_TEST_SIZES[config_memoryTestSize], config_memoryTestMode, config_memoryTestReadCount);
     ^~~~~~~~~~~~~~~~~~~
     memtest_performQuickTest
../src/menu_controller.c: In function 'menu_getTestModeString':
../src/menu_controller.c:110:8: error: 'MTESTMODE_DEADBEEF' undeclared (first use in this function)
   case MTESTMODE_DEADBEEF:
        ^~~~~~~~~~~~~~~~~~
../src/menu_controller.c:113:8: error: 'MTESTMODE_WALKINGONE' undeclared (first use in this function)
   case MTESTMODE_WALKINGONE:
        ^~~~~~~~~~~~~~~~~~~~
make: *** [src/subdir.mk:35: src/menu_controller.o] Error 1
18:55:04 **** Auto Build of configuration Debug for project hello ****
make pre-build main-build 
a9-linaro-pre-build-step
' '
'Building file: ../src/menu_controller.c'
'Invoking: ARM v7 gcc compiler'
arm-none-eabi-gcc -Wall -O0 -g3 -c -fmessage-length=0 -MT"src/menu_controller.o" -mcpu=cortex-a9 -mfpu=vfpv3 -mfloat-abi=hard -I../../standalone_bsp_0/ps7_cortexa9_0/include -MMD -MP -MF"src/menu_controller.d" -MT"src/menu_controller.o" -o "src/menu_controller.o" "../src/menu_controller.c"
../src/menu_controller.c: In function 'menu_awaitInput':
../src/menu_controller.c:46:5: error: 'config_memoryTestMode' undeclared (first use in this function); did you mean 'config_memoryTestSize'?
     config_memoryTestMode = (config_memoryTestMode+1)%MENU_MEMTEST_MODE_POSSIBLITIES;
     ^~~~~~~~~~~~~~~~~~~~~
     config_memoryTestSize
../src/menu_controller.c:46:5: note: each undeclared identifier is reported only once for each function it appears in
../src/menu_controller.c:82:5: warning: implicit declaration of function 'memtest_performTest'; did you mean 'memtest_performQuickTest'? [-Wimplicit-function-declaration]
     memtest_performTest(MEMORY_TEST_SIZES[config_memoryTestSize], config_memoryTestMode, config_memoryTestReadCount);
     ^~~~~~~~~~~~~~~~~~~
     memtest_performQuickTest
../src/menu_controller.c: In function 'menu_getTestModeString':
../src/menu_controller.c:110:8: error: 'MTESTMODE_DEADBEEF' undeclared (first use in this function)
   case MTESTMODE_DEADBEEF:
        ^~~~~~~~~~~~~~~~~~
../src/menu_controller.c:113:8: error: 'MTESTMODE_WALKINGONE' undeclared (first use in this function)
   case MTESTMODE_WALKINGONE:
        ^~~~~~~~~~~~~~~~~~~~
make: *** [src/subdir.mk:35: src/menu_controller.o] Error 1
18:55:10 **** Auto Build of configuration Debug for project hello ****
make pre-build main-build 
a9-linaro-pre-build-step
' '
'Building file: ../src/menu_controller.c'
'Invoking: ARM v7 gcc compiler'
arm-none-eabi-gcc -Wall -O0 -g3 -c -fmessage-length=0 -MT"src/menu_controller.o" -mcpu=cortex-a9 -mfpu=vfpv3 -mfloat-abi=hard -I../../standalone_bsp_0/ps7_cortexa9_0/include -MMD -MP -MF"src/menu_controller.d" -MT"src/menu_controller.o" -o "src/menu_controller.o" "../src/menu_controller.c"
../src/menu_controller.c: In function 'menu_awaitInput':
../src/menu_controller.c:46:5: error: 'config_memoryTestMode' undeclared (first use in this function); did you mean 'config_memoryTestSize'?
     config_memoryTestMode = (config_memoryTestMode+1)%MENU_MEMTEST_MODE_POSSIBLITIES;
     ^~~~~~~~~~~~~~~~~~~~~
     config_memoryTestSize
../src/menu_controller.c:46:5: note: each undeclared identifier is reported only once for each function it appears in
../src/menu_controller.c:82:5: warning: implicit declaration of function 'memtest_performTest'; did you mean 'memtest_performQuickTest'? [-Wimplicit-function-declaration]
     memtest_performTest(MEMORY_TEST_SIZES[config_memoryTestSize], config_memoryTestMode, config_memoryTestReadCount);
     ^~~~~~~~~~~~~~~~~~~
     memtest_performQuickTest
../src/menu_controller.c: In function 'menu_getTestModeString':
../src/menu_controller.c:110:8: error: 'MTESTMODE_DEADBEEF' undeclared (first use in this function)
   case MTESTMODE_DEADBEEF:
        ^~~~~~~~~~~~~~~~~~
../src/menu_controller.c:113:8: error: 'MTESTMODE_WALKINGONE' undeclared (first use in this function)
   case MTESTMODE_WALKINGONE:
        ^~~~~~~~~~~~~~~~~~~~
make: *** [src/subdir.mk:35: src/menu_controller.o] Error 1
18:55:33 **** Auto Build of configuration Debug for project hello ****
make pre-build main-build 
a9-linaro-pre-build-step
' '
'Building file: ../src/memtest_controller.c'
'Invoking: ARM v7 gcc compiler'
arm-none-eabi-gcc -Wall -O0 -g3 -c -fmessage-length=0 -MT"src/memtest_controller.o" -mcpu=cortex-a9 -mfpu=vfpv3 -mfloat-abi=hard -I../../standalone_bsp_0/ps7_cortexa9_0/include -MMD -MP -MF"src/memtest_controller.d" -MT"src/memtest_controller.o" -o "src/memtest_controller.o" "../src/memtest_controller.c"
'Finished building: ../src/memtest_controller.c'
' '
'Building file: ../src/menu_controller.c'
'Invoking: ARM v7 gcc compiler'
arm-none-eabi-gcc -Wall -O0 -g3 -c -fmessage-length=0 -MT"src/menu_controller.o" -mcpu=cortex-a9 -mfpu=vfpv3 -mfloat-abi=hard -I../../standalone_bsp_0/ps7_cortexa9_0/include -MMD -MP -MF"src/menu_controller.d" -MT"src/menu_controller.o" -o "src/menu_controller.o" "../src/menu_controller.c"
../src/menu_controller.c: In function 'menu_awaitInput':
../src/menu_controller.c:46:5: error: 'config_memoryTestMode' undeclared (first use in this function); did you mean 'config_memoryTestSize'?
     config_memoryTestMode = (config_memoryTestMode+1)%MENU_MEMTEST_MODE_POSSIBLITIES;
     ^~~~~~~~~~~~~~~~~~~~~
     config_memoryTestSize
../src/menu_controller.c:46:5: note: each undeclared identifier is reported only once for each function it appears in
../src/menu_controller.c:82:5: warning: implicit declaration of function 'memtest_performTest'; did you mean 'memtest_performQuickTest'? [-Wimplicit-function-declaration]
     memtest_performTest(MEMORY_TEST_SIZES[config_memoryTestSize], config_memoryTestMode, config_memoryTestReadCount);
     ^~~~~~~~~~~~~~~~~~~
     memtest_performQuickTest
../src/menu_controller.c: In function 'menu_getTestModeString':
../src/menu_controller.c:110:8: error: 'MTESTMODE_DEADBEEF' undeclared (first use in this function)
   case MTESTMODE_DEADBEEF:
        ^~~~~~~~~~~~~~~~~~
../src/menu_controller.c:113:8: error: 'MTESTMODE_WALKINGONE' undeclared (first use in this function)
   case MTESTMODE_WALKINGONE:
        ^~~~~~~~~~~~~~~~~~~~
make: *** [src/subdir.mk:35: src/menu_controller.o] Error 1
18:56:08 **** Auto Build of configuration Debug for project hello ****
make pre-build main-build 
a9-linaro-pre-build-step
' '
'Building file: ../src/menu_controller.c'
'Invoking: ARM v7 gcc compiler'
arm-none-eabi-gcc -Wall -O0 -g3 -c -fmessage-length=0 -MT"src/menu_controller.o" -mcpu=cortex-a9 -mfpu=vfpv3 -mfloat-abi=hard -I../../standalone_bsp_0/ps7_cortexa9_0/include -MMD -MP -MF"src/menu_controller.d" -MT"src/menu_controller.o" -o "src/menu_controller.o" "../src/menu_controller.c"
../src/menu_controller.c:14:1: error: expected expression before 'unsigned'
 unsigned int config_memoryTestSize = 0;
 ^~~~~~~~
../src/menu_controller.c: In function 'menu_awaitInput':
../src/menu_controller.c:56:5: error: 'config_memoryTestSize' undeclared (first use in this function); did you mean 'config_memoryTestMode'?
     config_memoryTestSize = (config_memoryTestSize+1)%MENU_MEMTEST_SIZE_POSSIBLITIES;
     ^~~~~~~~~~~~~~~~~~~~~
     config_memoryTestMode
../src/menu_controller.c:56:5: note: each undeclared identifier is reported only once for each function it appears in
../src/menu_controller.c:83:5: warning: implicit declaration of function 'memtest_performTest'; did you mean 'memtest_performQuickTest'? [-Wimplicit-function-declaration]
     memtest_performTest(MEMORY_TEST_SIZES[config_memoryTestSize], config_memoryTestMode, config_memoryTestReadCount);
     ^~~~~~~~~~~~~~~~~~~
     memtest_performQuickTest
../src/menu_controller.c: In function 'menu_getTestModeString':
../src/menu_controller.c:111:8: error: 'MTESTMODE_DEADBEEF' undeclared (first use in this function)
   case MTESTMODE_DEADBEEF:
        ^~~~~~~~~~~~~~~~~~
../src/menu_controller.c:114:8: error: 'MTESTMODE_WALKINGONE' undeclared (first use in this function)
   case MTESTMODE_WALKINGONE:
        ^~~~~~~~~~~~~~~~~~~~
make: *** [src/subdir.mk:35: src/menu_controller.o] Error 1
18:56:28 **** Auto Build of configuration Debug for project hello ****
make pre-build main-build 
a9-linaro-pre-build-step
' '
'Building file: ../src/main.c'
'Invoking: ARM v7 gcc compiler'
arm-none-eabi-gcc -Wall -O0 -g3 -c -fmessage-length=0 -MT"src/main.o" -mcpu=cortex-a9 -mfpu=vfpv3 -mfloat-abi=hard -I../../standalone_bsp_0/ps7_cortexa9_0/include -MMD -MP -MF"src/main.d" -MT"src/main.o" -o "src/main.o" "../src/main.c"
'Finished building: ../src/main.c'
' '
'Building file: ../src/menu_controller.c'
'Invoking: ARM v7 gcc compiler'
arm-none-eabi-gcc -Wall -O0 -g3 -c -fmessage-length=0 -MT"src/menu_controller.o" -mcpu=cortex-a9 -mfpu=vfpv3 -mfloat-abi=hard -I../../standalone_bsp_0/ps7_cortexa9_0/include -MMD -MP -MF"src/menu_controller.d" -MT"src/menu_controller.o" -o "src/menu_controller.o" "../src/menu_controller.c"
../src/menu_controller.c:14:1: error: expected expression before 'unsigned'
 unsigned int config_memoryTestSize = 0;
 ^~~~~~~~
../src/menu_controller.c: In function 'menu_awaitInput':
../src/menu_controller.c:56:5: error: 'config_memoryTestSize' undeclared (first use in this function); did you mean 'config_memoryTestMode'?
     config_memoryTestSize = (config_memoryTestSize+1)%MENU_MEMTEST_SIZE_POSSIBLITIES;
     ^~~~~~~~~~~~~~~~~~~~~
     config_memoryTestMode
../src/menu_controller.c:56:5: note: each undeclared identifier is reported only once for each function it appears in
../src/menu_controller.c:83:5: warning: implicit declaration of function 'memtest_performTest'; did you mean 'memtest_performQuickTest'? [-Wimplicit-function-declaration]
     memtest_performTest(MEMORY_TEST_SIZES[config_memoryTestSize], config_memoryTestMode, config_memoryTestReadCount);
     ^~~~~~~~~~~~~~~~~~~
     memtest_performQuickTest
../src/menu_controller.c: In function 'menu_getTestModeString':
../src/menu_controller.c:111:8: error: 'MTESTMODE_DEADBEEF' undeclared (first use in this function)
   case MTESTMODE_DEADBEEF:
        ^~~~~~~~~~~~~~~~~~
../src/menu_controller.c:114:8: error: 'MTESTMODE_WALKINGONE' undeclared (first use in this function)
   case MTESTMODE_WALKINGONE:
        ^~~~~~~~~~~~~~~~~~~~
make: *** [src/subdir.mk:35: src/menu_controller.o] Error 1
18:56:41 **** Auto Build of configuration Debug for project hello ****
make pre-build main-build 
a9-linaro-pre-build-step
' '
'Building file: ../src/main.c'
'Invoking: ARM v7 gcc compiler'
arm-none-eabi-gcc -Wall -O0 -g3 -c -fmessage-length=0 -MT"src/main.o" -mcpu=cortex-a9 -mfpu=vfpv3 -mfloat-abi=hard -I../../standalone_bsp_0/ps7_cortexa9_0/include -MMD -MP -MF"src/main.d" -MT"src/main.o" -o "src/main.o" "../src/main.c"
'Finished building: ../src/main.c'
' '
'Building file: ../src/menu_controller.c'
'Invoking: ARM v7 gcc compiler'
arm-none-eabi-gcc -Wall -O0 -g3 -c -fmessage-length=0 -MT"src/menu_controller.o" -mcpu=cortex-a9 -mfpu=vfpv3 -mfloat-abi=hard -I../../standalone_bsp_0/ps7_cortexa9_0/include -MMD -MP -MF"src/menu_controller.d" -MT"src/menu_controller.o" -o "src/menu_controller.o" "../src/menu_controller.c"
../src/menu_controller.c:14:1: error: expected expression before 'unsigned'
 unsigned int config_memoryTestSize = 0;
 ^~~~~~~~
../src/menu_controller.c: In function 'menu_awaitInput':
../src/menu_controller.c:56:5: error: 'config_memoryTestSize' undeclared (first use in this function); did you mean 'config_memoryTestMode'?
     config_memoryTestSize = (config_memoryTestSize+1)%MENU_MEMTEST_SIZE_POSSIBLITIES;
     ^~~~~~~~~~~~~~~~~~~~~
     config_memoryTestMode
../src/menu_controller.c:56:5: note: each undeclared identifier is reported only once for each function it appears in
../src/menu_controller.c:83:5: warning: implicit declaration of function 'memtest_performTest'; did you mean 'memtest_performQuickTest'? [-Wimplicit-function-declaration]
     memtest_performTest(MEMORY_TEST_SIZES[config_memoryTestSize], config_memoryTestMode, config_memoryTestReadCount);
     ^~~~~~~~~~~~~~~~~~~
     memtest_performQuickTest
../src/menu_controller.c: In function 'menu_getTestModeString':
../src/menu_controller.c:111:8: error: 'MTESTMODE_DEADBEEF' undeclared (first use in this function)
   case MTESTMODE_DEADBEEF:
        ^~~~~~~~~~~~~~~~~~
../src/menu_controller.c:114:8: error: 'MTESTMODE_WALKINGONE' undeclared (first use in this function)
   case MTESTMODE_WALKINGONE:
        ^~~~~~~~~~~~~~~~~~~~
make: *** [src/subdir.mk:35: src/menu_controller.o] Error 1
18:56:44 **** Auto Build of configuration Debug for project hello ****
make pre-build main-build 
a9-linaro-pre-build-step
' '
'Building file: ../src/main.c'
'Invoking: ARM v7 gcc compiler'
arm-none-eabi-gcc -Wall -O0 -g3 -c -fmessage-length=0 -MT"src/main.o" -mcpu=cortex-a9 -mfpu=vfpv3 -mfloat-abi=hard -I../../standalone_bsp_0/ps7_cortexa9_0/include -MMD -MP -MF"src/main.d" -MT"src/main.o" -o "src/main.o" "../src/main.c"
'Finished building: ../src/main.c'
' '
'Building file: ../src/menu_controller.c'
'Invoking: ARM v7 gcc compiler'
arm-none-eabi-gcc -Wall -O0 -g3 -c -fmessage-length=0 -MT"src/menu_controller.o" -mcpu=cortex-a9 -mfpu=vfpv3 -mfloat-abi=hard -I../../standalone_bsp_0/ps7_cortexa9_0/include -MMD -MP -MF"src/menu_controller.d" -MT"src/menu_controller.o" -o "src/menu_controller.o" "../src/menu_controller.c"
../src/menu_controller.c:14:1: error: expected expression before 'unsigned'
 unsigned int config_memoryTestSize = 0;
 ^~~~~~~~
../src/menu_controller.c: In function 'menu_awaitInput':
../src/menu_controller.c:56:5: error: 'config_memoryTestSize' undeclared (first use in this function); did you mean 'config_memoryTestMode'?
     config_memoryTestSize = (config_memoryTestSize+1)%MENU_MEMTEST_SIZE_POSSIBLITIES;
     ^~~~~~~~~~~~~~~~~~~~~
     config_memoryTestMode
../src/menu_controller.c:56:5: note: each undeclared identifier is reported only once for each function it appears in
../src/menu_controller.c:83:5: warning: implicit declaration of function 'memtest_performTest'; did you mean 'memtest_performQuickTest'? [-Wimplicit-function-declaration]
     memtest_performTest(MEMORY_TEST_SIZES[config_memoryTestSize], config_memoryTestMode, config_memoryTestReadCount);
     ^~~~~~~~~~~~~~~~~~~
     memtest_performQuickTest
../src/menu_controller.c: In function 'menu_getTestModeString':
../src/menu_controller.c:111:8: error: 'MTESTMODE_DEADBEEF' undeclared (first use in this function)
   case MTESTMODE_DEADBEEF:
        ^~~~~~~~~~~~~~~~~~
../src/menu_controller.c:114:8: error: 'MTESTMODE_WALKINGONE' undeclared (first use in this function)
   case MTESTMODE_WALKINGONE:
        ^~~~~~~~~~~~~~~~~~~~
make: *** [src/subdir.mk:35: src/menu_controller.o] Error 1
18:57:02 **** Auto Build of configuration Debug for project hello ****
make pre-build main-build 
a9-linaro-pre-build-step
' '
'Building file: ../src/main.c'
'Invoking: ARM v7 gcc compiler'
arm-none-eabi-gcc -Wall -O0 -g3 -c -fmessage-length=0 -MT"src/main.o" -mcpu=cortex-a9 -mfpu=vfpv3 -mfloat-abi=hard -I../../standalone_bsp_0/ps7_cortexa9_0/include -MMD -MP -MF"src/main.d" -MT"src/main.o" -o "src/main.o" "../src/main.c"
'Finished building: ../src/main.c'
' '
'Building file: ../src/menu_controller.c'
'Invoking: ARM v7 gcc compiler'
arm-none-eabi-gcc -Wall -O0 -g3 -c -fmessage-length=0 -MT"src/menu_controller.o" -mcpu=cortex-a9 -mfpu=vfpv3 -mfloat-abi=hard -I../../standalone_bsp_0/ps7_cortexa9_0/include -MMD -MP -MF"src/menu_controller.d" -MT"src/menu_controller.o" -o "src/menu_controller.o" "../src/menu_controller.c"
../src/menu_controller.c:14:1: error: expected expression before 'unsigned'
 unsigned int config_memoryTestSize = 0;
 ^~~~~~~~
../src/menu_controller.c: In function 'menu_awaitInput':
../src/menu_controller.c:56:5: error: 'config_memoryTestSize' undeclared (first use in this function); did you mean 'config_memoryTestMode'?
     config_memoryTestSize = (config_memoryTestSize+1)%MENU_MEMTEST_SIZE_POSSIBLITIES;
     ^~~~~~~~~~~~~~~~~~~~~
     config_memoryTestMode
../src/menu_controller.c:56:5: note: each undeclared identifier is reported only once for each function it appears in
../src/menu_controller.c:83:5: warning: implicit declaration of function 'memtest_performTest'; did you mean 'memtest_performQuickTest'? [-Wimplicit-function-declaration]
     memtest_performTest(MEMORY_TEST_SIZES[config_memoryTestSize], config_memoryTestMode, config_memoryTestReadCount);
     ^~~~~~~~~~~~~~~~~~~
     memtest_performQuickTest
../src/menu_controller.c: In function 'menu_getTestModeString':
../src/menu_controller.c:111:8: error: 'MTESTMODE_DEADBEEF' undeclared (first use in this function)
   case MTESTMODE_DEADBEEF:
        ^~~~~~~~~~~~~~~~~~
../src/menu_controller.c:114:8: error: 'MTESTMODE_WALKINGONE' undeclared (first use in this function)
   case MTESTMODE_WALKINGONE:
        ^~~~~~~~~~~~~~~~~~~~
make: *** [src/subdir.mk:35: src/menu_controller.o] Error 1
18:57:13 **** Auto Build of configuration Debug for project hello ****
make pre-build main-build 
a9-linaro-pre-build-step
' '
'Building file: ../src/menu_controller.c'
'Invoking: ARM v7 gcc compiler'
arm-none-eabi-gcc -Wall -O0 -g3 -c -fmessage-length=0 -MT"src/menu_controller.o" -mcpu=cortex-a9 -mfpu=vfpv3 -mfloat-abi=hard -I../../standalone_bsp_0/ps7_cortexa9_0/include -MMD -MP -MF"src/menu_controller.d" -MT"src/menu_controller.o" -o "src/menu_controller.o" "../src/menu_controller.c"
../src/menu_controller.c: In function 'menu_awaitInput':
../src/menu_controller.c:83:5: warning: implicit declaration of function 'memtest_performTest'; did you mean 'memtest_performQuickTest'? [-Wimplicit-function-declaration]
     memtest_performTest(MEMORY_TEST_SIZES[config_memoryTestSize], config_memoryTestMode, config_memoryTestReadCount);
     ^~~~~~~~~~~~~~~~~~~
     memtest_performQuickTest
../src/menu_controller.c: In function 'menu_getTestModeString':
../src/menu_controller.c:111:8: error: 'MTESTMODE_DEADBEEF' undeclared (first use in this function)
   case MTESTMODE_DEADBEEF:
        ^~~~~~~~~~~~~~~~~~
../src/menu_controller.c:111:8: note: each undeclared identifier is reported only once for each function it appears in
../src/menu_controller.c:114:8: error: 'MTESTMODE_WALKINGONE' undeclared (first use in this function)
   case MTESTMODE_WALKINGONE:
        ^~~~~~~~~~~~~~~~~~~~
make: *** [src/subdir.mk:35: src/menu_controller.o] Error 1
18:57:31 **** Auto Build of configuration Debug for project hello ****
make pre-build main-build 
a9-linaro-pre-build-step
' '
'Building file: ../src/menu_controller.c'
'Invoking: ARM v7 gcc compiler'
arm-none-eabi-gcc -Wall -O0 -g3 -c -fmessage-length=0 -MT"src/menu_controller.o" -mcpu=cortex-a9 -mfpu=vfpv3 -mfloat-abi=hard -I../../standalone_bsp_0/ps7_cortexa9_0/include -MMD -MP -MF"src/menu_controller.d" -MT"src/menu_controller.o" -o "src/menu_controller.o" "../src/menu_controller.c"
../src/menu_controller.c: In function 'menu_awaitInput':
../src/menu_controller.c:84:5: warning: implicit declaration of function 'memtest_performTest'; did you mean 'memtest_performQuickTest'? [-Wimplicit-function-declaration]
     memtest_performTest(MEMORY_TEST_SIZES[config_memoryTestSize], config_memoryTestMode, config_memoryTestReadCount);
     ^~~~~~~~~~~~~~~~~~~
     memtest_performQuickTest
../src/menu_controller.c: In function 'menu_getTestModeString':
../src/menu_controller.c:112:8: error: 'MTESTMODE_DEADBEEF' undeclared (first use in this function)
   case MTESTMODE_DEADBEEF:
        ^~~~~~~~~~~~~~~~~~
../src/menu_controller.c:112:8: note: each undeclared identifier is reported only once for each function it appears in
../src/menu_controller.c:115:8: error: 'MTESTMODE_WALKINGONE' undeclared (first use in this function)
   case MTESTMODE_WALKINGONE:
        ^~~~~~~~~~~~~~~~~~~~
make: *** [src/subdir.mk:35: src/menu_controller.o] Error 1
18:57:40 **** Auto Build of configuration Debug for project hello ****
make pre-build main-build 
a9-linaro-pre-build-step
' '
'Building file: ../src/menu_controller.c'
'Invoking: ARM v7 gcc compiler'
arm-none-eabi-gcc -Wall -O0 -g3 -c -fmessage-length=0 -MT"src/menu_controller.o" -mcpu=cortex-a9 -mfpu=vfpv3 -mfloat-abi=hard -I../../standalone_bsp_0/ps7_cortexa9_0/include -MMD -MP -MF"src/menu_controller.d" -MT"src/menu_controller.o" -o "src/menu_controller.o" "../src/menu_controller.c"
../src/menu_controller.c: In function 'menu_getTestModeString':
../src/menu_controller.c:112:8: error: 'MTESTMODE_DEADBEEF' undeclared (first use in this function)
   case MTESTMODE_DEADBEEF:
        ^~~~~~~~~~~~~~~~~~
../src/menu_controller.c:112:8: note: each undeclared identifier is reported only once for each function it appears in
../src/menu_controller.c:115:8: error: 'MTESTMODE_WALKINGONE' undeclared (first use in this function)
   case MTESTMODE_WALKINGONE:
        ^~~~~~~~~~~~~~~~~~~~
make: *** [src/subdir.mk:35: src/menu_controller.o] Error 1
18:58:10 **** Auto Build of configuration Debug for project hello ****
make pre-build main-build 
a9-linaro-pre-build-step
' '
'Building file: ../src/menu_controller.c'
'Invoking: ARM v7 gcc compiler'
arm-none-eabi-gcc -Wall -O0 -g3 -c -fmessage-length=0 -MT"src/menu_controller.o" -mcpu=cortex-a9 -mfpu=vfpv3 -mfloat-abi=hard -I../../standalone_bsp_0/ps7_cortexa9_0/include -MMD -MP -MF"src/menu_controller.d" -MT"src/menu_controller.o" -o "src/menu_controller.o" "../src/menu_controller.c"
../src/menu_controller.c: In function 'menu_getTestModeString':
../src/menu_controller.c:115:8: error: 'MTESTMODE_DEADBEEF' undeclared (first use in this function)
   case MTESTMODE_DEADBEEF:
        ^~~~~~~~~~~~~~~~~~
../src/menu_controller.c:115:8: note: each undeclared identifier is reported only once for each function it appears in
../src/menu_controller.c:118:8: error: 'MTESTMODE_WALKINGONE' undeclared (first use in this function)
   case MTESTMODE_WALKINGONE:
        ^~~~~~~~~~~~~~~~~~~~
make: *** [src/subdir.mk:35: src/menu_controller.o] Error 1
18:58:31 **** Auto Build of configuration Debug for project hello ****
make pre-build main-build 
a9-linaro-pre-build-step
' '
'Building file: ../src/menu_controller.c'
'Invoking: ARM v7 gcc compiler'
arm-none-eabi-gcc -Wall -O0 -g3 -c -fmessage-length=0 -MT"src/menu_controller.o" -mcpu=cortex-a9 -mfpu=vfpv3 -mfloat-abi=hard -I../../standalone_bsp_0/ps7_cortexa9_0/include -MMD -MP -MF"src/menu_controller.d" -MT"src/menu_controller.o" -o "src/menu_controller.o" "../src/menu_controller.c"
../src/menu_controller.c: In function 'menu_getTestModeString':
../src/menu_controller.c:116:8: error: 'MTESTMODE_DEADBEEF' undeclared (first use in this function)
   case MTESTMODE_DEADBEEF:
        ^~~~~~~~~~~~~~~~~~
../src/menu_controller.c:116:8: note: each undeclared identifier is reported only once for each function it appears in
../src/menu_controller.c:119:8: error: 'MTESTMODE_WALKINGONE' undeclared (first use in this function)
   case MTESTMODE_WALKINGONE:
        ^~~~~~~~~~~~~~~~~~~~
make: *** [src/subdir.mk:35: src/menu_controller.o] Error 1
18:58:58 **** Auto Build of configuration Debug for project hello ****
make pre-build main-build 
a9-linaro-pre-build-step
' '
'Building file: ../src/menu_controller.c'
'Invoking: ARM v7 gcc compiler'
arm-none-eabi-gcc -Wall -O0 -g3 -c -fmessage-length=0 -MT"src/menu_controller.o" -mcpu=cortex-a9 -mfpu=vfpv3 -mfloat-abi=hard -I../../standalone_bsp_0/ps7_cortexa9_0/include -MMD -MP -MF"src/menu_controller.d" -MT"src/menu_controller.o" -o "src/menu_controller.o" "../src/menu_controller.c"
../src/menu_controller.c: In function 'menu_awaitInput':
../src/menu_controller.c:53:5: error: expected expression before 'else'
     else
     ^~~~
../src/menu_controller.c: In function 'menu_getTestModeString':
../src/menu_controller.c:118:8: error: 'MTESTMODE_DEADBEEF' undeclared (first use in this function)
   case MTESTMODE_DEADBEEF:
        ^~~~~~~~~~~~~~~~~~
../src/menu_controller.c:118:8: note: each undeclared identifier is reported only once for each function it appears in
../src/menu_controller.c:121:8: error: 'MTESTMODE_WALKINGONE' undeclared (first use in this function)
   case MTESTMODE_WALKINGONE:
        ^~~~~~~~~~~~~~~~~~~~
make: *** [src/subdir.mk:35: src/menu_controller.o] Error 1
18:59:10 **** Auto Build of configuration Debug for project hello ****
make pre-build main-build 
a9-linaro-pre-build-step
' '
'Building file: ../src/menu_controller.c'
'Invoking: ARM v7 gcc compiler'
arm-none-eabi-gcc -Wall -O0 -g3 -c -fmessage-length=0 -MT"src/menu_controller.o" -mcpu=cortex-a9 -mfpu=vfpv3 -mfloat-abi=hard -I../../standalone_bsp_0/ps7_cortexa9_0/include -MMD -MP -MF"src/menu_controller.d" -MT"src/menu_controller.o" -o "src/menu_controller.o" "../src/menu_controller.c"
../src/menu_controller.c: In function 'menu_getTestModeString':
../src/menu_controller.c:118:8: error: 'MTESTMODE_DEADBEEF' undeclared (first use in this function)
   case MTESTMODE_DEADBEEF:
        ^~~~~~~~~~~~~~~~~~
../src/menu_controller.c:118:8: note: each undeclared identifier is reported only once for each function it appears in
../src/menu_controller.c:121:8: error: 'MTESTMODE_WALKINGONE' undeclared (first use in this function)
   case MTESTMODE_WALKINGONE:
        ^~~~~~~~~~~~~~~~~~~~
make: *** [src/subdir.mk:35: src/menu_controller.o] Error 1
18:59:26 **** Auto Build of configuration Debug for project hello ****
make pre-build main-build 
a9-linaro-pre-build-step
' '
'Building file: ../src/menu_controller.c'
'Invoking: ARM v7 gcc compiler'
arm-none-eabi-gcc -Wall -O0 -g3 -c -fmessage-length=0 -MT"src/menu_controller.o" -mcpu=cortex-a9 -mfpu=vfpv3 -mfloat-abi=hard -I../../standalone_bsp_0/ps7_cortexa9_0/include -MMD -MP -MF"src/menu_controller.d" -MT"src/menu_controller.o" -o "src/menu_controller.o" "../src/menu_controller.c"
../src/menu_controller.c: In function 'menu_getTestModeString':
../src/menu_controller.c:118:8: error: 'MTESTMODE_DEADBEEF' undeclared (first use in this function)
   case MTESTMODE_DEADBEEF:
        ^~~~~~~~~~~~~~~~~~
../src/menu_controller.c:118:8: note: each undeclared identifier is reported only once for each function it appears in
../src/menu_controller.c:121:8: error: 'MTESTMODE_WALKINGONE' undeclared (first use in this function)
   case MTESTMODE_WALKINGONE:
        ^~~~~~~~~~~~~~~~~~~~
make: *** [src/subdir.mk:35: src/menu_controller.o] Error 1
18:59:37 **** Auto Build of configuration Debug for project hello ****
make pre-build main-build 
a9-linaro-pre-build-step
' '
'Building file: ../src/menu_controller.c'
'Invoking: ARM v7 gcc compiler'
arm-none-eabi-gcc -Wall -O0 -g3 -c -fmessage-length=0 -MT"src/menu_controller.o" -mcpu=cortex-a9 -mfpu=vfpv3 -mfloat-abi=hard -I../../standalone_bsp_0/ps7_cortexa9_0/include -MMD -MP -MF"src/menu_controller.d" -MT"src/menu_controller.o" -o "src/menu_controller.o" "../src/menu_controller.c"
../src/menu_controller.c: In function 'menu_getTestModeString':
../src/menu_controller.c:120:8: error: 'MTESTMODE_DEADBEEF' undeclared (first use in this function)
   case MTESTMODE_DEADBEEF:
        ^~~~~~~~~~~~~~~~~~
../src/menu_controller.c:120:8: note: each undeclared identifier is reported only once for each function it appears in
../src/menu_controller.c:123:8: error: 'MTESTMODE_WALKINGONE' undeclared (first use in this function)
   case MTESTMODE_WALKINGONE:
        ^~~~~~~~~~~~~~~~~~~~
make: *** [src/subdir.mk:35: src/menu_controller.o] Error 1
19:00:12 **** Auto Build of configuration Debug for project hello ****
make pre-build main-build 
a9-linaro-pre-build-step
' '
'Building file: ../src/menu_controller.c'
'Invoking: ARM v7 gcc compiler'
arm-none-eabi-gcc -Wall -O0 -g3 -c -fmessage-length=0 -MT"src/menu_controller.o" -mcpu=cortex-a9 -mfpu=vfpv3 -mfloat-abi=hard -I../../standalone_bsp_0/ps7_cortexa9_0/include -MMD -MP -MF"src/menu_controller.d" -MT"src/menu_controller.o" -o "src/menu_controller.o" "../src/menu_controller.c"
../src/menu_controller.c:116:7: error: conflicting types for 'menu_getTestModeString'
 char* menu_getTestModeString(char mode, char pattern)
       ^~~~~~~~~~~~~~~~~~~~~~
In file included from ../src/menu_controller.c:7:
../src/menu_controller.h:34:7: note: previous declaration of 'menu_getTestModeString' was here
 char* menu_getTestModeString(enum QuickTestPatterns mode);
       ^~~~~~~~~~~~~~~~~~~~~~
../src/menu_controller.c: In function 'menu_getTestModeString':
../src/menu_controller.c:120:8: error: 'MTESTMODE_DEADBEEF' undeclared (first use in this function)
   case MTESTMODE_DEADBEEF:
        ^~~~~~~~~~~~~~~~~~
../src/menu_controller.c:120:8: note: each undeclared identifier is reported only once for each function it appears in
../src/menu_controller.c:123:8: error: 'MTESTMODE_WALKINGONE' undeclared (first use in this function)
   case MTESTMODE_WALKINGONE:
        ^~~~~~~~~~~~~~~~~~~~
make: *** [src/subdir.mk:35: src/menu_controller.o] Error 1
19:00:25 **** Auto Build of configuration Debug for project hello ****
make pre-build main-build 
a9-linaro-pre-build-step
' '
'Building file: ../src/menu_controller.c'
'Invoking: ARM v7 gcc compiler'
arm-none-eabi-gcc -Wall -O0 -g3 -c -fmessage-length=0 -MT"src/menu_controller.o" -mcpu=cortex-a9 -mfpu=vfpv3 -mfloat-abi=hard -I../../standalone_bsp_0/ps7_cortexa9_0/include -MMD -MP -MF"src/menu_controller.d" -MT"src/menu_controller.o" -o "src/menu_controller.o" "../src/menu_controller.c"
../src/menu_controller.c:116:7: error: conflicting types for 'menu_getTestModeString'
 char* menu_getTestModeString(char mode, char pattern)
       ^~~~~~~~~~~~~~~~~~~~~~
In file included from ../src/menu_controller.c:7:
../src/menu_controller.h:34:7: note: previous declaration of 'menu_getTestModeString' was here
 char* menu_getTestModeString(enum QuickTestPatterns mode);
       ^~~~~~~~~~~~~~~~~~~~~~
../src/menu_controller.c: In function 'menu_getTestModeString':
../src/menu_controller.c:122:8: error: 'MTESTMODE_DEADBEEF' undeclared (first use in this function)
   case MTESTMODE_DEADBEEF:
        ^~~~~~~~~~~~~~~~~~
../src/menu_controller.c:122:8: note: each undeclared identifier is reported only once for each function it appears in
../src/menu_controller.c:125:8: error: 'MTESTMODE_WALKINGONE' undeclared (first use in this function)
   case MTESTMODE_WALKINGONE:
        ^~~~~~~~~~~~~~~~~~~~
../src/menu_controller.c:132:1: warning: control reaches end of non-void function [-Wreturn-type]
 }
 ^
make: *** [src/subdir.mk:35: src/menu_controller.o] Error 1
19:00:28 **** Auto Build of configuration Debug for project hello ****
make pre-build main-build 
a9-linaro-pre-build-step
' '
'Building file: ../src/menu_controller.c'
'Invoking: ARM v7 gcc compiler'
arm-none-eabi-gcc -Wall -O0 -g3 -c -fmessage-length=0 -MT"src/menu_controller.o" -mcpu=cortex-a9 -mfpu=vfpv3 -mfloat-abi=hard -I../../standalone_bsp_0/ps7_cortexa9_0/include -MMD -MP -MF"src/menu_controller.d" -MT"src/menu_controller.o" -o "src/menu_controller.o" "../src/menu_controller.c"
../src/menu_controller.c:116:7: error: conflicting types for 'menu_getTestModeString'
 char* menu_getTestModeString(char mode, char pattern)
       ^~~~~~~~~~~~~~~~~~~~~~
In file included from ../src/menu_controller.c:7:
../src/menu_controller.h:34:7: note: previous declaration of 'menu_getTestModeString' was here
 char* menu_getTestModeString(enum QuickTestPatterns mode);
       ^~~~~~~~~~~~~~~~~~~~~~
../src/menu_controller.c: In function 'menu_getTestModeString':
../src/menu_controller.c:122:9: error: 'MTESTMODE_DEADBEEF' undeclared (first use in this function)
    case MTESTMODE_DEADBEEF:
         ^~~~~~~~~~~~~~~~~~
../src/menu_controller.c:122:9: note: each undeclared identifier is reported only once for each function it appears in
../src/menu_controller.c:125:9: error: 'MTESTMODE_WALKINGONE' undeclared (first use in this function)
    case MTESTMODE_WALKINGONE:
         ^~~~~~~~~~~~~~~~~~~~
../src/menu_controller.c:132:1: warning: control reaches end of non-void function [-Wreturn-type]
 }
 ^
make: *** [src/subdir.mk:35: src/menu_controller.o] Error 1
19:00:39 **** Auto Build of configuration Debug for project hello ****
make pre-build main-build 
a9-linaro-pre-build-step
' '
'Building file: ../src/menu_controller.c'
'Invoking: ARM v7 gcc compiler'
arm-none-eabi-gcc -Wall -O0 -g3 -c -fmessage-length=0 -MT"src/menu_controller.o" -mcpu=cortex-a9 -mfpu=vfpv3 -mfloat-abi=hard -I../../standalone_bsp_0/ps7_cortexa9_0/include -MMD -MP -MF"src/menu_controller.d" -MT"src/menu_controller.o" -o "src/menu_controller.o" "../src/menu_controller.c"
../src/menu_controller.c:116:7: error: conflicting types for 'menu_getTestModeString'
 char* menu_getTestModeString(char mode, char pattern)
       ^~~~~~~~~~~~~~~~~~~~~~
In file included from ../src/menu_controller.c:7:
../src/menu_controller.h:34:7: note: previous declaration of 'menu_getTestModeString' was here
 char* menu_getTestModeString(enum QuickTestPatterns mode);
       ^~~~~~~~~~~~~~~~~~~~~~
../src/menu_controller.c: In function 'menu_getTestModeString':
../src/menu_controller.c:122:9: error: 'MTESTMODE_DEADBEEF' undeclared (first use in this function)
    case MTESTMODE_DEADBEEF:
         ^~~~~~~~~~~~~~~~~~
../src/menu_controller.c:122:9: note: each undeclared identifier is reported only once for each function it appears in
../src/menu_controller.c:125:9: error: 'MTESTMODE_WALKINGONE' undeclared (first use in this function)
    case MTESTMODE_WALKINGONE:
         ^~~~~~~~~~~~~~~~~~~~
make: *** [src/subdir.mk:35: src/menu_controller.o] Error 1
19:01:35 **** Auto Build of configuration Debug for project hello ****
make pre-build main-build 
a9-linaro-pre-build-step
' '
'Building file: ../src/menu_controller.c'
'Invoking: ARM v7 gcc compiler'
arm-none-eabi-gcc -Wall -O0 -g3 -c -fmessage-length=0 -MT"src/menu_controller.o" -mcpu=cortex-a9 -mfpu=vfpv3 -mfloat-abi=hard -I../../standalone_bsp_0/ps7_cortexa9_0/include -MMD -MP -MF"src/menu_controller.d" -MT"src/menu_controller.o" -o "src/menu_controller.o" "../src/menu_controller.c"
../src/menu_controller.c:116:7: error: conflicting types for 'menu_getTestModeString'
 char* menu_getTestModeString(char mode, char pattern)
       ^~~~~~~~~~~~~~~~~~~~~~
In file included from ../src/menu_controller.c:7:
../src/menu_controller.h:34:7: note: previous declaration of 'menu_getTestModeString' was here
 char* menu_getTestModeString(enum QuickTestPatterns mode);
       ^~~~~~~~~~~~~~~~~~~~~~
../src/menu_controller.c: In function 'menu_getTestModeString':
../src/menu_controller.c:128:4: error: duplicate case value
    case DETAILPATTERN_WALKINGONE:
    ^~~~
../src/menu_controller.c:125:4: note: previously used here
    case DETAILPATTERN_WALKINGONE:
    ^~~~
../src/menu_controller.c:139:11: error: 'MTESTMODE_DEADBEEF' undeclared (first use in this function)
      case MTESTMODE_DEADBEEF:
           ^~~~~~~~~~~~~~~~~~
../src/menu_controller.c:139:11: note: each undeclared identifier is reported only once for each function it appears in
../src/menu_controller.c:142:11: error: 'MTESTMODE_WALKINGONE' undeclared (first use in this function)
      case MTESTMODE_WALKINGONE:
           ^~~~~~~~~~~~~~~~~~~~
make: *** [src/subdir.mk:35: src/menu_controller.o] Error 1
19:01:43 **** Auto Build of configuration Debug for project hello ****
make pre-build main-build 
a9-linaro-pre-build-step
' '
'Building file: ../src/menu_controller.c'
'Invoking: ARM v7 gcc compiler'
arm-none-eabi-gcc -Wall -O0 -g3 -c -fmessage-length=0 -MT"src/menu_controller.o" -mcpu=cortex-a9 -mfpu=vfpv3 -mfloat-abi=hard -I../../standalone_bsp_0/ps7_cortexa9_0/include -MMD -MP -MF"src/menu_controller.d" -MT"src/menu_controller.o" -o "src/menu_controller.o" "../src/menu_controller.c"
../src/menu_controller.c:116:7: error: conflicting types for 'menu_getTestModeString'
 char* menu_getTestModeString(char mode, char pattern)
       ^~~~~~~~~~~~~~~~~~~~~~
In file included from ../src/menu_controller.c:7:
../src/menu_controller.h:34:7: note: previous declaration of 'menu_getTestModeString' was here
 char* menu_getTestModeString(enum QuickTestPatterns mode);
       ^~~~~~~~~~~~~~~~~~~~~~
../src/menu_controller.c: In function 'menu_getTestModeString':
../src/menu_controller.c:139:11: error: 'MTESTMODE_DEADBEEF' undeclared (first use in this function)
      case MTESTMODE_DEADBEEF:
           ^~~~~~~~~~~~~~~~~~
../src/menu_controller.c:139:11: note: each undeclared identifier is reported only once for each function it appears in
../src/menu_controller.c:142:11: error: 'MTESTMODE_WALKINGONE' undeclared (first use in this function)
      case MTESTMODE_WALKINGONE:
           ^~~~~~~~~~~~~~~~~~~~
make: *** [src/subdir.mk:35: src/menu_controller.o] Error 1
19:02:35 **** Auto Build of configuration Debug for project hello ****
make pre-build main-build 
a9-linaro-pre-build-step
' '
'Building file: ../src/menu_controller.c'
'Invoking: ARM v7 gcc compiler'
arm-none-eabi-gcc -Wall -O0 -g3 -c -fmessage-length=0 -MT"src/menu_controller.o" -mcpu=cortex-a9 -mfpu=vfpv3 -mfloat-abi=hard -I../../standalone_bsp_0/ps7_cortexa9_0/include -MMD -MP -MF"src/menu_controller.d" -MT"src/menu_controller.o" -o "src/menu_controller.o" "../src/menu_controller.c"
../src/menu_controller.c:116:7: error: conflicting types for 'menu_getTestModeString'
 char* menu_getTestModeString(char mode, char pattern)
       ^~~~~~~~~~~~~~~~~~~~~~
In file included from ../src/menu_controller.c:7:
../src/menu_controller.h:34:7: note: previous declaration of 'menu_getTestModeString' was here
 char* menu_getTestModeString(enum QuickTestPatterns mode);
       ^~~~~~~~~~~~~~~~~~~~~~
make: *** [src/subdir.mk:35: src/menu_controller.o] Error 1
19:02:40 **** Auto Build of configuration Debug for project hello ****
make pre-build main-build 
a9-linaro-pre-build-step
' '
'Building file: ../src/menu_controller.c'
'Invoking: ARM v7 gcc compiler'
arm-none-eabi-gcc -Wall -O0 -g3 -c -fmessage-length=0 -MT"src/menu_controller.o" -mcpu=cortex-a9 -mfpu=vfpv3 -mfloat-abi=hard -I../../standalone_bsp_0/ps7_cortexa9_0/include -MMD -MP -MF"src/menu_controller.d" -MT"src/menu_controller.o" -o "src/menu_controller.o" "../src/menu_controller.c"
../src/menu_controller.c:116:7: error: conflicting types for 'menu_getTestModeString'
 char* menu_getTestModeString(char mode, char pattern)
       ^~~~~~~~~~~~~~~~~~~~~~
In file included from ../src/menu_controller.c:7:
../src/menu_controller.h:34:7: note: previous declaration of 'menu_getTestModeString' was here
 char* menu_getTestModeString(enum QuickTestPatterns mode);
       ^~~~~~~~~~~~~~~~~~~~~~
make: *** [src/subdir.mk:35: src/menu_controller.o] Error 1
19:02:48 **** Auto Build of configuration Debug for project hello ****
make pre-build main-build 
a9-linaro-pre-build-step
' '
'Building file: ../src/main.c'
'Invoking: ARM v7 gcc compiler'
arm-none-eabi-gcc -Wall -O0 -g3 -c -fmessage-length=0 -MT"src/main.o" -mcpu=cortex-a9 -mfpu=vfpv3 -mfloat-abi=hard -I../../standalone_bsp_0/ps7_cortexa9_0/include -MMD -MP -MF"src/main.d" -MT"src/main.o" -o "src/main.o" "../src/main.c"
../src/main.c: In function 'menu_getTestModeString':
../src/main.c:13:1: error: expected '=', ',', ';', 'asm' or '__attribute__' before '{' token
 {
 ^
../src/main.c:19: error: expected '{' at end of input
 }
 
../src/main.c:19:1: warning: control reaches end of non-void function [-Wreturn-type]
 }
 ^
make: *** [src/subdir.mk:35: src/main.o] Error 1
19:02:54 **** Auto Build of configuration Debug for project hello ****
make pre-build main-build 
a9-linaro-pre-build-step
' '
'Building file: ../src/main.c'
'Invoking: ARM v7 gcc compiler'
arm-none-eabi-gcc -Wall -O0 -g3 -c -fmessage-length=0 -MT"src/main.o" -mcpu=cortex-a9 -mfpu=vfpv3 -mfloat-abi=hard -I../../standalone_bsp_0/ps7_cortexa9_0/include -MMD -MP -MF"src/main.d" -MT"src/main.o" -o "src/main.o" "../src/main.c"
'Finished building: ../src/main.c'
' '
'Building file: ../src/menu_controller.c'
'Invoking: ARM v7 gcc compiler'
arm-none-eabi-gcc -Wall -O0 -g3 -c -fmessage-length=0 -MT"src/menu_controller.o" -mcpu=cortex-a9 -mfpu=vfpv3 -mfloat-abi=hard -I../../standalone_bsp_0/ps7_cortexa9_0/include -MMD -MP -MF"src/menu_controller.d" -MT"src/menu_controller.o" -o "src/menu_controller.o" "../src/menu_controller.c"
../src/menu_controller.c: In function 'menu_awaitInput':
../src/menu_controller.c:60:7: error: too few arguments to function 'menu_getTestModeString'
       menu_getTestModeString(config_memoryTestMode)
       ^~~~~~~~~~~~~~~~~~~~~~
In file included from ../src/menu_controller.c:7:
../src/menu_controller.h:34:7: note: declared here
 char* menu_getTestModeString(char mode, char pattern);
       ^~~~~~~~~~~~~~~~~~~~~~
make: *** [src/subdir.mk:35: src/menu_controller.o] Error 1
19:03:29 **** Auto Build of configuration Debug for project hello ****
make pre-build main-build 
a9-linaro-pre-build-step
' '
'Building file: ../src/menu_controller.c'
'Invoking: ARM v7 gcc compiler'
arm-none-eabi-gcc -Wall -O0 -g3 -c -fmessage-length=0 -MT"src/menu_controller.o" -mcpu=cortex-a9 -mfpu=vfpv3 -mfloat-abi=hard -I../../standalone_bsp_0/ps7_cortexa9_0/include -MMD -MP -MF"src/menu_controller.d" -MT"src/menu_controller.o" -o "src/menu_controller.o" "../src/menu_controller.c"
../src/menu_controller.c: In function 'menu_awaitInput':
../src/menu_controller.c:50:5: error: 'config_memoryQuickTestPattern' undeclared (first use in this function); did you mean 'config_memoryTestPattern'?
     config_memoryQuickTestPattern = 0;
     ^~~~~~~~~~~~~~~~~~~~~~~~~~~~~
     config_memoryTestPattern
../src/menu_controller.c:50:5: note: each undeclared identifier is reported only once for each function it appears in
../src/menu_controller.c:60:53: error: expected expression before ')' token
       menu_getTestModeString(config_memoryTestMode, )
                                                     ^
make: *** [src/subdir.mk:35: src/menu_controller.o] Error 1
19:03:33 **** Auto Build of configuration Debug for project hello ****
make pre-build main-build 
a9-linaro-pre-build-step
' '
'Building file: ../src/menu_controller.c'
'Invoking: ARM v7 gcc compiler'
arm-none-eabi-gcc -Wall -O0 -g3 -c -fmessage-length=0 -MT"src/menu_controller.o" -mcpu=cortex-a9 -mfpu=vfpv3 -mfloat-abi=hard -I../../standalone_bsp_0/ps7_cortexa9_0/include -MMD -MP -MF"src/menu_controller.d" -MT"src/menu_controller.o" -o "src/menu_controller.o" "../src/menu_controller.c"
../src/menu_controller.c: In function 'menu_awaitInput':
../src/menu_controller.c:48:5: error: 'config_memoryDetailTestPattern' undeclared (first use in this function); did you mean 'config_memoryTestPattern'?
     config_memoryDetailTestPattern = 0;
     ^~~~~~~~~~~~~~~~~~~~~~~~~~~~~~
     config_memoryTestPattern
../src/menu_controller.c:48:5: note: each undeclared identifier is reported only once for each function it appears in
../src/menu_controller.c:49:5: error: 'config_memoryQuickTestPattern' undeclared (first use in this function); did you mean 'config_memoryTestPattern'?
     config_memoryQuickTestPattern = 0;
     ^~~~~~~~~~~~~~~~~~~~~~~~~~~~~
     config_memoryTestPattern
../src/menu_controller.c:59:53: error: expected expression before ')' token
       menu_getTestModeString(config_memoryTestMode, )
                                                     ^
make: *** [src/subdir.mk:35: src/menu_controller.o] Error 1
19:03:40 **** Auto Build of configuration Debug for project hello ****
make pre-build main-build 
a9-linaro-pre-build-step
' '
'Building file: ../src/menu_controller.c'
'Invoking: ARM v7 gcc compiler'
arm-none-eabi-gcc -Wall -O0 -g3 -c -fmessage-length=0 -MT"src/menu_controller.o" -mcpu=cortex-a9 -mfpu=vfpv3 -mfloat-abi=hard -I../../standalone_bsp_0/ps7_cortexa9_0/include -MMD -MP -MF"src/menu_controller.d" -MT"src/menu_controller.o" -o "src/menu_controller.o" "../src/menu_controller.c"
../src/menu_controller.c: In function 'menu_awaitInput':
../src/menu_controller.c:53:6: error: 'config_memoryDetailTestPattern' undeclared (first use in this function); did you mean 'config_memoryTestPattern'?
      config_memoryDetailTestPattern = (config_memoryDetailTestPattern+1)%MENU_DETAILTEST_PATTERN_POSSIBLITIES;
      ^~~~~~~~~~~~~~~~~~~~~~~~~~~~~~
      config_memoryTestPattern
../src/menu_controller.c:53:6: note: each undeclared identifier is reported only once for each function it appears in
../src/menu_controller.c:55:6: error: 'config_memoryQuickTestPattern' undeclared (first use in this function); did you mean 'config_memoryTestPattern'?
      config_memoryQuickTestPattern = (config_memoryQuickTestPattern+1)%MENU_QUICKTEST_PATTERN_POSSIBLITIES;
      ^~~~~~~~~~~~~~~~~~~~~~~~~~~~~
      config_memoryTestPattern
make: *** [src/subdir.mk:35: src/menu_controller.o] Error 1
19:03:50 **** Auto Build of configuration Debug for project hello ****
make pre-build main-build 
a9-linaro-pre-build-step
' '
'Building file: ../src/menu_controller.c'
'Invoking: ARM v7 gcc compiler'
arm-none-eabi-gcc -Wall -O0 -g3 -c -fmessage-length=0 -MT"src/menu_controller.o" -mcpu=cortex-a9 -mfpu=vfpv3 -mfloat-abi=hard -I../../standalone_bsp_0/ps7_cortexa9_0/include -MMD -MP -MF"src/menu_controller.d" -MT"src/menu_controller.o" -o "src/menu_controller.o" "../src/menu_controller.c"
'Finished building: ../src/menu_controller.c'
' '
'Building target: hello.elf'
'Invoking: ARM v7 gcc linker'
arm-none-eabi-gcc -mcpu=cortex-a9 -mfpu=vfpv3 -mfloat-abi=hard -Wl,-build-id=none -specs=Xilinx.spec -Wl,-T -Wl,../src/lscript.ld -L../../standalone_bsp_0/ps7_cortexa9_0/lib -o "hello.elf"  ./src/main.o ./src/memtest_controller.o ./src/menu_controller.o ./src/platform.o ./src/uart_controller.o   -Wl,--start-group,-lxil,-lgcc,-lc,--end-group
'Finished building target: hello.elf'
' '
'Invoking: ARM v7 Print Size'
arm-none-eabi-size hello.elf  |tee "hello.elf.size"
   text	   data	    bss	    dec	    hex	filename
  58284	   2616	  23416	  84316	  1495c	hello.elf
'Finished building: hello.elf.size'
' '
19:04:17 **** Auto Build of configuration Debug for project hello ****
make pre-build main-build 
a9-linaro-pre-build-step
' '
'Building file: ../src/menu_controller.c'
'Invoking: ARM v7 gcc compiler'
arm-none-eabi-gcc -Wall -O0 -g3 -c -fmessage-length=0 -MT"src/menu_controller.o" -mcpu=cortex-a9 -mfpu=vfpv3 -mfloat-abi=hard -I../../standalone_bsp_0/ps7_cortexa9_0/include -MMD -MP -MF"src/menu_controller.d" -MT"src/menu_controller.o" -o "src/menu_controller.o" "../src/menu_controller.c"
../src/menu_controller.c: In function 'menu_awaitInput':
../src/menu_controller.c:93:5: error: expected expression before 'else'
     else
     ^~~~
make: *** [src/subdir.mk:35: src/menu_controller.o] Error 1
19:04:38 **** Auto Build of configuration Debug for project hello ****
make pre-build main-build 
a9-linaro-pre-build-step
' '
'Building file: ../src/menu_controller.c'
'Invoking: ARM v7 gcc compiler'
arm-none-eabi-gcc -Wall -O0 -g3 -c -fmessage-length=0 -MT"src/menu_controller.o" -mcpu=cortex-a9 -mfpu=vfpv3 -mfloat-abi=hard -I../../standalone_bsp_0/ps7_cortexa9_0/include -MMD -MP -MF"src/menu_controller.d" -MT"src/menu_controller.o" -o "src/menu_controller.o" "../src/menu_controller.c"
../src/menu_controller.c: In function 'menu_awaitInput':
../src/menu_controller.c:93:5: error: expected expression before 'else'
     else
     ^~~~
make: *** [src/subdir.mk:35: src/menu_controller.o] Error 1
19:05:08 **** Auto Build of configuration Debug for project hello ****
make pre-build main-build 
a9-linaro-pre-build-step
' '
'Building file: ../src/menu_controller.c'
'Invoking: ARM v7 gcc compiler'
arm-none-eabi-gcc -Wall -O0 -g3 -c -fmessage-length=0 -MT"src/menu_controller.o" -mcpu=cortex-a9 -mfpu=vfpv3 -mfloat-abi=hard -I../../standalone_bsp_0/ps7_cortexa9_0/include -MMD -MP -MF"src/menu_controller.d" -MT"src/menu_controller.o" -o "src/menu_controller.o" "../src/menu_controller.c"
../src/menu_controller.c: In function 'menu_awaitInput':
../src/menu_controller.c:93:5: error: expected expression before 'else'
     else
     ^~~~
make: *** [src/subdir.mk:35: src/menu_controller.o] Error 1
19:05:15 **** Auto Build of configuration Debug for project hello ****
make pre-build main-build 
a9-linaro-pre-build-step
' '
'Building file: ../src/menu_controller.c'
'Invoking: ARM v7 gcc compiler'
arm-none-eabi-gcc -Wall -O0 -g3 -c -fmessage-length=0 -MT"src/menu_controller.o" -mcpu=cortex-a9 -mfpu=vfpv3 -mfloat-abi=hard -I../../standalone_bsp_0/ps7_cortexa9_0/include -MMD -MP -MF"src/menu_controller.d" -MT"src/menu_controller.o" -o "src/menu_controller.o" "../src/menu_controller.c"
../src/menu_controller.c: In function 'menu_awaitInput':
../src/menu_controller.c:93:5: error: expected expression before 'else'
     else
     ^~~~
make: *** [src/subdir.mk:35: src/menu_controller.o] Error 1
19:06:39 **** Auto Build of configuration Debug for project hello ****
make pre-build main-build 
a9-linaro-pre-build-step
' '
'Building file: ../src/menu_controller.c'
'Invoking: ARM v7 gcc compiler'
arm-none-eabi-gcc -Wall -O0 -g3 -c -fmessage-length=0 -MT"src/menu_controller.o" -mcpu=cortex-a9 -mfpu=vfpv3 -mfloat-abi=hard -I../../standalone_bsp_0/ps7_cortexa9_0/include -MMD -MP -MF"src/menu_controller.d" -MT"src/menu_controller.o" -o "src/menu_controller.o" "../src/menu_controller.c"
'Finished building: ../src/menu_controller.c'
' '
'Building target: hello.elf'
'Invoking: ARM v7 gcc linker'
arm-none-eabi-gcc -mcpu=cortex-a9 -mfpu=vfpv3 -mfloat-abi=hard -Wl,-build-id=none -specs=Xilinx.spec -Wl,-T -Wl,../src/lscript.ld -L../../standalone_bsp_0/ps7_cortexa9_0/lib -o "hello.elf"  ./src/main.o ./src/memtest_controller.o ./src/menu_controller.o ./src/platform.o ./src/uart_controller.o   -Wl,--start-group,-lxil,-lgcc,-lc,--end-group
'Finished building target: hello.elf'
' '
'Invoking: ARM v7 Print Size'
arm-none-eabi-size hello.elf  |tee "hello.elf.size"
   text	   data	    bss	    dec	    hex	filename
  58348	   2616	  23416	  84380	  1499c	hello.elf
'Finished building: hello.elf.size'
' '
19:26:29 **** Auto Build of configuration Debug for project hello ****
make pre-build main-build 
a9-linaro-pre-build-step
' '
'Building file: ../src/menu_controller.c'
'Invoking: ARM v7 gcc compiler'
arm-none-eabi-gcc -Wall -O0 -g3 -c -fmessage-length=0 -MT"src/menu_controller.o" -mcpu=cortex-a9 -mfpu=vfpv3 -mfloat-abi=hard -I../../standalone_bsp_0/ps7_cortexa9_0/include -MMD -MP -MF"src/menu_controller.d" -MT"src/menu_controller.o" -o "src/menu_controller.o" "../src/menu_controller.c"
../src/menu_controller.c: In function 'menu_awaitInput':
../src/menu_controller.c:59:5: warning: this 'else' clause does not guard... [-Wmisleading-indentation]
     else
     ^~~~
../src/menu_controller.c:61:6: note: ...this statement, but the latter is misleadingly indented as if it were guarded by the 'else'
      stringlength = sprintf(
      ^~~~~~~~~~~~
'Finished building: ../src/menu_controller.c'
' '
'Building target: hello.elf'
'Invoking: ARM v7 gcc linker'
arm-none-eabi-gcc -mcpu=cortex-a9 -mfpu=vfpv3 -mfloat-abi=hard -Wl,-build-id=none -specs=Xilinx.spec -Wl,-T -Wl,../src/lscript.ld -L../../standalone_bsp_0/ps7_cortexa9_0/lib -o "hello.elf"  ./src/main.o ./src/memtest_controller.o ./src/menu_controller.o ./src/platform.o ./src/uart_controller.o   -Wl,--start-group,-lxil,-lgcc,-lc,--end-group
'Finished building target: hello.elf'
' '
'Invoking: ARM v7 Print Size'
arm-none-eabi-size hello.elf  |tee "hello.elf.size"
   text	   data	    bss	    dec	    hex	filename
  58452	   2616	  23416	  84484	  14a04	hello.elf
'Finished building: hello.elf.size'
' '
19:26:45 **** Auto Build of configuration Debug for project hello ****
make pre-build main-build 
a9-linaro-pre-build-step
' '
'Building file: ../src/menu_controller.c'
'Invoking: ARM v7 gcc compiler'
arm-none-eabi-gcc -Wall -O0 -g3 -c -fmessage-length=0 -MT"src/menu_controller.o" -mcpu=cortex-a9 -mfpu=vfpv3 -mfloat-abi=hard -I../../standalone_bsp_0/ps7_cortexa9_0/include -MMD -MP -MF"src/menu_controller.d" -MT"src/menu_controller.o" -o "src/menu_controller.o" "../src/menu_controller.c"
'Finished building: ../src/menu_controller.c'
' '
'Building target: hello.elf'
'Invoking: ARM v7 gcc linker'
arm-none-eabi-gcc -mcpu=cortex-a9 -mfpu=vfpv3 -mfloat-abi=hard -Wl,-build-id=none -specs=Xilinx.spec -Wl,-T -Wl,../src/lscript.ld -L../../standalone_bsp_0/ps7_cortexa9_0/lib -o "hello.elf"  ./src/main.o ./src/memtest_controller.o ./src/menu_controller.o ./src/platform.o ./src/uart_controller.o   -Wl,--start-group,-lxil,-lgcc,-lc,--end-group
'Finished building target: hello.elf'
' '
'Invoking: ARM v7 Print Size'
arm-none-eabi-size hello.elf  |tee "hello.elf.size"
   text	   data	    bss	    dec	    hex	filename
  58452	   2616	  23416	  84484	  14a04	hello.elf
'Finished building: hello.elf.size'
' '
19:26:55 **** Incremental Build of configuration Debug for project hello ****
make pre-build main-build 
a9-linaro-pre-build-step
' '
make: Nothing to be done for 'main-build'.
19:29:03 **** Auto Build of configuration Debug for project hello ****
make pre-build main-build 
a9-linaro-pre-build-step
' '
'Building file: ../src/memtest_controller.c'
'Invoking: ARM v7 gcc compiler'
arm-none-eabi-gcc -Wall -O0 -g3 -c -fmessage-length=0 -MT"src/memtest_controller.o" -mcpu=cortex-a9 -mfpu=vfpv3 -mfloat-abi=hard -I../../standalone_bsp_0/ps7_cortexa9_0/include -MMD -MP -MF"src/memtest_controller.d" -MT"src/memtest_controller.o" -o "src/memtest_controller.o" "../src/memtest_controller.c"
../src/memtest_controller.c: In function 'memtest_performQuickTest':
../src/memtest_controller.c:101:3: warning: statement with no effect [-Wunused-value]
   for(readCount; readCount > 0; readCount--)
   ^~~
'Finished building: ../src/memtest_controller.c'
' '
'Building target: hello.elf'
'Invoking: ARM v7 gcc linker'
arm-none-eabi-gcc -mcpu=cortex-a9 -mfpu=vfpv3 -mfloat-abi=hard -Wl,-build-id=none -specs=Xilinx.spec -Wl,-T -Wl,../src/lscript.ld -L../../standalone_bsp_0/ps7_cortexa9_0/lib -o "hello.elf"  ./src/main.o ./src/memtest_controller.o ./src/menu_controller.o ./src/platform.o ./src/uart_controller.o   -Wl,--start-group,-lxil,-lgcc,-lc,--end-group
'Finished building target: hello.elf'
' '
'Invoking: ARM v7 Print Size'
arm-none-eabi-size hello.elf  |tee "hello.elf.size"
   text	   data	    bss	    dec	    hex	filename
  58516	   2616	  23416	  84548	  14a44	hello.elf
'Finished building: hello.elf.size'
' '
19:29:25 **** Auto Build of configuration Debug for project hello ****
make pre-build main-build 
a9-linaro-pre-build-step
' '
'Building file: ../src/memtest_controller.c'
'Invoking: ARM v7 gcc compiler'
arm-none-eabi-gcc -Wall -O0 -g3 -c -fmessage-length=0 -MT"src/memtest_controller.o" -mcpu=cortex-a9 -mfpu=vfpv3 -mfloat-abi=hard -I../../standalone_bsp_0/ps7_cortexa9_0/include -MMD -MP -MF"src/memtest_controller.d" -MT"src/memtest_controller.o" -o "src/memtest_controller.o" "../src/memtest_controller.c"
'Finished building: ../src/memtest_controller.c'
' '
'Building target: hello.elf'
'Invoking: ARM v7 gcc linker'
arm-none-eabi-gcc -mcpu=cortex-a9 -mfpu=vfpv3 -mfloat-abi=hard -Wl,-build-id=none -specs=Xilinx.spec -Wl,-T -Wl,../src/lscript.ld -L../../standalone_bsp_0/ps7_cortexa9_0/lib -o "hello.elf"  ./src/main.o ./src/memtest_controller.o ./src/menu_controller.o ./src/platform.o ./src/uart_controller.o   -Wl,--start-group,-lxil,-lgcc,-lc,--end-group
'Finished building target: hello.elf'
' '
'Invoking: ARM v7 Print Size'
arm-none-eabi-size hello.elf  |tee "hello.elf.size"
   text	   data	    bss	    dec	    hex	filename
  58516	   2616	  23416	  84548	  14a44	hello.elf
'Finished building: hello.elf.size'
' '
19:29:35 **** Incremental Build of configuration Debug for project hello ****
make pre-build main-build 
a9-linaro-pre-build-step
' '
make: Nothing to be done for 'main-build'.
19:31:32 **** Auto Build of configuration Debug for project hello ****
make pre-build main-build 
a9-linaro-pre-build-step
' '
'Building file: ../src/memtest_controller.c'
'Invoking: ARM v7 gcc compiler'
arm-none-eabi-gcc -Wall -O0 -g3 -c -fmessage-length=0 -MT"src/memtest_controller.o" -mcpu=cortex-a9 -mfpu=vfpv3 -mfloat-abi=hard -I../../standalone_bsp_0/ps7_cortexa9_0/include -MMD -MP -MF"src/memtest_controller.d" -MT"src/memtest_controller.o" -o "src/memtest_controller.o" "../src/memtest_controller.c"
../src/memtest_controller.c: In function 'memtest_performQuickTest':
../src/memtest_controller.c:100:2: error: expected ',' or ';' before 'for'
  for(unsigned int counter = 0; counter < wordCount; counter++)
  ^~~
../src/memtest_controller.c:100:32: error: 'counter' undeclared (first use in this function); did you mean 'toupper'?
  for(unsigned int counter = 0; counter < wordCount; counter++)
                                ^~~~~~~
                                toupper
../src/memtest_controller.c:100:32: note: each undeclared identifier is reported only once for each function it appears in
../src/memtest_controller.c:100:62: error: expected ';' before ')' token
  for(unsigned int counter = 0; counter < wordCount; counter++)
                                                              ^
                                                              ;
../src/memtest_controller.c:100:62: error: expected statement before ')' token
../src/memtest_controller.c:99:16: warning: unused variable 'currentReadCount' [-Wunused-variable]
  unsigned char currentReadCount = 0
                ^~~~~~~~~~~~~~~~
make: *** [src/subdir.mk:35: src/memtest_controller.o] Error 1
19:31:41 **** Auto Build of configuration Debug for project hello ****
make pre-build main-build 
a9-linaro-pre-build-step
' '
'Building file: ../src/memtest_controller.c'
'Invoking: ARM v7 gcc compiler'
arm-none-eabi-gcc -Wall -O0 -g3 -c -fmessage-length=0 -MT"src/memtest_controller.o" -mcpu=cortex-a9 -mfpu=vfpv3 -mfloat-abi=hard -I../../standalone_bsp_0/ps7_cortexa9_0/include -MMD -MP -MF"src/memtest_controller.d" -MT"src/memtest_controller.o" -o "src/memtest_controller.o" "../src/memtest_controller.c"
../src/memtest_controller.c: In function 'memtest_performQuickTest':
../src/memtest_controller.c:99:16: warning: variable 'currentReadCount' set but not used [-Wunused-but-set-variable]
  unsigned char currentReadCount;
                ^~~~~~~~~~~~~~~~
'Finished building: ../src/memtest_controller.c'
' '
'Building target: hello.elf'
'Invoking: ARM v7 gcc linker'
arm-none-eabi-gcc -mcpu=cortex-a9 -mfpu=vfpv3 -mfloat-abi=hard -Wl,-build-id=none -specs=Xilinx.spec -Wl,-T -Wl,../src/lscript.ld -L../../standalone_bsp_0/ps7_cortexa9_0/lib -o "hello.elf"  ./src/main.o ./src/memtest_controller.o ./src/menu_controller.o ./src/platform.o ./src/uart_controller.o   -Wl,--start-group,-lxil,-lgcc,-lc,--end-group
'Finished building target: hello.elf'
' '
'Invoking: ARM v7 Print Size'
arm-none-eabi-size hello.elf  |tee "hello.elf.size"
   text	   data	    bss	    dec	    hex	filename
  58516	   2616	  23416	  84548	  14a44	hello.elf
'Finished building: hello.elf.size'
' '
19:31:44 **** Auto Build of configuration Debug for project hello ****
make pre-build main-build 
a9-linaro-pre-build-step
' '
'Building file: ../src/memtest_controller.c'
'Invoking: ARM v7 gcc compiler'
arm-none-eabi-gcc -Wall -O0 -g3 -c -fmessage-length=0 -MT"src/memtest_controller.o" -mcpu=cortex-a9 -mfpu=vfpv3 -mfloat-abi=hard -I../../standalone_bsp_0/ps7_cortexa9_0/include -MMD -MP -MF"src/memtest_controller.d" -MT"src/memtest_controller.o" -o "src/memtest_controller.o" "../src/memtest_controller.c"
'Finished building: ../src/memtest_controller.c'
' '
'Building target: hello.elf'
'Invoking: ARM v7 gcc linker'
arm-none-eabi-gcc -mcpu=cortex-a9 -mfpu=vfpv3 -mfloat-abi=hard -Wl,-build-id=none -specs=Xilinx.spec -Wl,-T -Wl,../src/lscript.ld -L../../standalone_bsp_0/ps7_cortexa9_0/lib -o "hello.elf"  ./src/main.o ./src/memtest_controller.o ./src/menu_controller.o ./src/platform.o ./src/uart_controller.o   -Wl,--start-group,-lxil,-lgcc,-lc,--end-group
'Finished building target: hello.elf'
' '
'Invoking: ARM v7 Print Size'
arm-none-eabi-size hello.elf  |tee "hello.elf.size"
   text	   data	    bss	    dec	    hex	filename
  58516	   2616	  23416	  84548	  14a44	hello.elf
'Finished building: hello.elf.size'
' '
19:32:02 **** Auto Build of configuration Debug for project hello ****
make pre-build main-build 
a9-linaro-pre-build-step
' '
'Building file: ../src/memtest_controller.c'
'Invoking: ARM v7 gcc compiler'
arm-none-eabi-gcc -Wall -O0 -g3 -c -fmessage-length=0 -MT"src/memtest_controller.o" -mcpu=cortex-a9 -mfpu=vfpv3 -mfloat-abi=hard -I../../standalone_bsp_0/ps7_cortexa9_0/include -MMD -MP -MF"src/memtest_controller.d" -MT"src/memtest_controller.o" -o "src/memtest_controller.o" "../src/memtest_controller.c"
'Finished building: ../src/memtest_controller.c'
' '
'Building target: hello.elf'
'Invoking: ARM v7 gcc linker'
arm-none-eabi-gcc -mcpu=cortex-a9 -mfpu=vfpv3 -mfloat-abi=hard -Wl,-build-id=none -specs=Xilinx.spec -Wl,-T -Wl,../src/lscript.ld -L../../standalone_bsp_0/ps7_cortexa9_0/lib -o "hello.elf"  ./src/main.o ./src/memtest_controller.o ./src/menu_controller.o ./src/platform.o ./src/uart_controller.o   -Wl,--start-group,-lxil,-lgcc,-lc,--end-group
'Finished building target: hello.elf'
' '
'Invoking: ARM v7 Print Size'
arm-none-eabi-size hello.elf  |tee "hello.elf.size"
   text	   data	    bss	    dec	    hex	filename
  58516	   2616	  23416	  84548	  14a44	hello.elf
'Finished building: hello.elf.size'
' '
19:32:04 **** Auto Build of configuration Debug for project hello ****
make pre-build main-build 
a9-linaro-pre-build-step
' '
'Building file: ../src/memtest_controller.c'
'Invoking: ARM v7 gcc compiler'
arm-none-eabi-gcc -Wall -O0 -g3 -c -fmessage-length=0 -MT"src/memtest_controller.o" -mcpu=cortex-a9 -mfpu=vfpv3 -mfloat-abi=hard -I../../standalone_bsp_0/ps7_cortexa9_0/include -MMD -MP -MF"src/memtest_controller.d" -MT"src/memtest_controller.o" -o "src/memtest_controller.o" "../src/memtest_controller.c"
'Finished building: ../src/memtest_controller.c'
' '
'Building target: hello.elf'
'Invoking: ARM v7 gcc linker'
arm-none-eabi-gcc -mcpu=cortex-a9 -mfpu=vfpv3 -mfloat-abi=hard -Wl,-build-id=none -specs=Xilinx.spec -Wl,-T -Wl,../src/lscript.ld -L../../standalone_bsp_0/ps7_cortexa9_0/lib -o "hello.elf"  ./src/main.o ./src/memtest_controller.o ./src/menu_controller.o ./src/platform.o ./src/uart_controller.o   -Wl,--start-group,-lxil,-lgcc,-lc,--end-group
'Finished building target: hello.elf'
' '
'Invoking: ARM v7 Print Size'
arm-none-eabi-size hello.elf  |tee "hello.elf.size"
   text	   data	    bss	    dec	    hex	filename
  58516	   2616	  23416	  84548	  14a44	hello.elf
'Finished building: hello.elf.size'
' '
19:32:08 **** Incremental Build of configuration Debug for project hello ****
make pre-build main-build 
a9-linaro-pre-build-step
' '
make: Nothing to be done for 'main-build'.
19:34:37 **** Auto Build of configuration Debug for project hello ****
make pre-build main-build 
a9-linaro-pre-build-step
' '
'Building file: ../src/memtest_controller.c'
'Invoking: ARM v7 gcc compiler'
arm-none-eabi-gcc -Wall -O0 -g3 -c -fmessage-length=0 -MT"src/memtest_controller.o" -mcpu=cortex-a9 -mfpu=vfpv3 -mfloat-abi=hard -I../../standalone_bsp_0/ps7_cortexa9_0/include -MMD -MP -MF"src/memtest_controller.d" -MT"src/memtest_controller.o" -o "src/memtest_controller.o" "../src/memtest_controller.c"
'Finished building: ../src/memtest_controller.c'
' '
'Building target: hello.elf'
'Invoking: ARM v7 gcc linker'
arm-none-eabi-gcc -mcpu=cortex-a9 -mfpu=vfpv3 -mfloat-abi=hard -Wl,-build-id=none -specs=Xilinx.spec -Wl,-T -Wl,../src/lscript.ld -L../../standalone_bsp_0/ps7_cortexa9_0/lib -o "hello.elf"  ./src/main.o ./src/memtest_controller.o ./src/menu_controller.o ./src/platform.o ./src/uart_controller.o   -Wl,--start-group,-lxil,-lgcc,-lc,--end-group
'Finished building target: hello.elf'
' '
'Invoking: ARM v7 Print Size'
arm-none-eabi-size hello.elf  |tee "hello.elf.size"
   text	   data	    bss	    dec	    hex	filename
  58516	   2616	  23416	  84548	  14a44	hello.elf
'Finished building: hello.elf.size'
' '
19:34:40 **** Incremental Build of configuration Debug for project hello ****
make pre-build main-build 
a9-linaro-pre-build-step
' '
make: Nothing to be done for 'main-build'.
19:35:52 **** Incremental Build of configuration Debug for project hello ****
make pre-build main-build 
a9-linaro-pre-build-step
' '
make: Nothing to be done for 'main-build'.
19:37:10 **** Auto Build of configuration Debug for project hello ****
make pre-build main-build 
a9-linaro-pre-build-step
' '
'Building file: ../src/memtest_controller.c'
'Invoking: ARM v7 gcc compiler'
arm-none-eabi-gcc -Wall -O0 -g3 -c -fmessage-length=0 -MT"src/memtest_controller.o" -mcpu=cortex-a9 -mfpu=vfpv3 -mfloat-abi=hard -I../../standalone_bsp_0/ps7_cortexa9_0/include -MMD -MP -MF"src/memtest_controller.d" -MT"src/memtest_controller.o" -o "src/memtest_controller.o" "../src/memtest_controller.c"
'Finished building: ../src/memtest_controller.c'
' '
'Building target: hello.elf'
'Invoking: ARM v7 gcc linker'
arm-none-eabi-gcc -mcpu=cortex-a9 -mfpu=vfpv3 -mfloat-abi=hard -Wl,-build-id=none -specs=Xilinx.spec -Wl,-T -Wl,../src/lscript.ld -L../../standalone_bsp_0/ps7_cortexa9_0/lib -o "hello.elf"  ./src/main.o ./src/memtest_controller.o ./src/menu_controller.o ./src/platform.o ./src/uart_controller.o   -Wl,--start-group,-lxil,-lgcc,-lc,--end-group
'Finished building target: hello.elf'
' '
'Invoking: ARM v7 Print Size'
arm-none-eabi-size hello.elf  |tee "hello.elf.size"
   text	   data	    bss	    dec	    hex	filename
  58516	   2616	  23416	  84548	  14a44	hello.elf
'Finished building: hello.elf.size'
' '
19:37:19 **** Incremental Build of configuration Debug for project hello ****
make pre-build main-build 
a9-linaro-pre-build-step
' '
make: Nothing to be done for 'main-build'.
